122025-09-03 21:28:09,714 [INFO] org.hibernate.validator.internal.util.Version [background-preinit] HV000001: Hibernate Validator 8.0.2.Final
2025-09-03 21:28:09,853 [INFO] org.studyeasy.SpringRestdemo.SpringRestdemoApplication [main] Starting SpringRestdemoApplication using Java 22.0.1 with PID 11956 (C:\Spring boot\SpringStarter\OD-MANAGMENT\OD-STARTER\target\classes started by HP in C:\Spring boot\SpringStarter\OD-MANAGMENT\OD-STARTER)
2025-09-03 21:28:09,854 [DEBUG] org.studyeasy.SpringRestdemo.SpringRestdemoApplication [main] Running with Spring Boot v3.5.3, Spring v6.2.8
2025-09-03 21:28:09,855 [INFO] org.studyeasy.SpringRestdemo.SpringRestdemoApplication [main] No active profile set, falling back to 1 default profile: "default"
2025-09-03 21:28:12,280 [INFO] org.springframework.data.repository.config.RepositoryConfigurationDelegate [main] Bootstrapping Spring Data JPA repositories in DEFAULT mode.
2025-09-03 21:28:12,701 [INFO] org.springframework.data.repository.config.RepositoryConfigurationDelegate [main] Finished Spring Data repository scanning in 364 ms. Found 8 JPA repository interfaces.
2025-09-03 21:28:14,237 [INFO] org.springframework.boot.web.embedded.tomcat.TomcatWebServer [main] Tomcat initialized with port 8080 (http)
2025-09-03 21:28:14,264 [INFO] org.apache.coyote.http11.Http11NioProtocol [main] Initializing ProtocolHandler ["http-nio-8080"]
2025-09-03 21:28:14,268 [INFO] org.apache.catalina.core.StandardService [main] Starting service [Tomcat]
2025-09-03 21:28:14,269 [INFO] org.apache.catalina.core.StandardEngine [main] Starting Servlet engine: [Apache Tomcat/10.1.42]
2025-09-03 21:28:14,388 [INFO] org.apache.catalina.core.ContainerBase.[Tomcat].[localhost].[/] [main] Initializing Spring embedded WebApplicationContext
2025-09-03 21:28:14,390 [INFO] org.springframework.boot.web.servlet.context.ServletWebServerApplicationContext [main] Root WebApplicationContext: initialization completed in 4409 ms
2025-09-03 21:28:15,082 [INFO] org.hibernate.jpa.internal.util.LogHelper [main] HHH000204: Processing PersistenceUnitInfo [name: default]
2025-09-03 21:28:15,184 [INFO] org.hibernate.Version [main] HHH000412: Hibernate ORM core version 6.6.18.Final
2025-09-03 21:28:15,239 [INFO] org.hibernate.cache.internal.RegionFactoryInitiator [main] HHH000026: Second-level cache disabled
2025-09-03 21:28:15,923 [INFO] org.springframework.orm.jpa.persistenceunit.SpringPersistenceUnitInfo [main] No LoadTimeWeaver setup: ignoring JPA class transformer
2025-09-03 21:28:15,962 [INFO] com.zaxxer.hikari.HikariDataSource [main] HikariPool-1 - Starting...
2025-09-03 21:28:16,349 [INFO] com.zaxxer.hikari.pool.HikariPool [main] HikariPool-1 - Added connection conn0: url=jdbc:h2:file:./db/db user=ADMIN
2025-09-03 21:28:16,352 [INFO] com.zaxxer.hikari.HikariDataSource [main] HikariPool-1 - Start completed.
2025-09-03 21:28:16,381 [WARN] org.hibernate.orm.deprecation [main] HHH90000025: H2Dialect does not need to be specified explicitly using 'hibernate.dialect' (remove the property setting and it will be selected by default)
2025-09-03 21:28:16,423 [INFO] org.hibernate.orm.connections.pooling [main] HHH10001005: Database info:
	Database JDBC URL [Connecting through datasource 'HikariDataSource (HikariPool-1)']
	Database driver: undefined/unknown
	Database version: 2.3.232
	Autocommit mode: undefined/unknown
	Isolation level: undefined/unknown
	Minimum pool size: undefined/unknown
	Maximum pool size: undefined/unknown
2025-09-03 21:28:18,588 [INFO] org.hibernate.engine.transaction.jta.platform.internal.JtaPlatformInitiator [main] HHH000489: No JTA platform available (set 'hibernate.transaction.jta.platform' to enable JTA platform integration)
2025-09-03 21:28:18,681 [INFO] org.springframework.orm.jpa.LocalContainerEntityManagerFactoryBean [main] Initialized JPA EntityManagerFactory for persistence unit 'default'
2025-09-03 21:28:21,240 [WARN] org.springframework.boot.autoconfigure.orm.jpa.JpaBaseConfiguration$JpaWebConfiguration [main] spring.jpa.open-in-view is enabled by default. Therefore, database queries may be performed during view rendering. Explicitly configure spring.jpa.open-in-view to disable this warning
2025-09-03 21:28:21,284 [INFO] org.springframework.boot.autoconfigure.web.servlet.WelcomePageHandlerMapping [main] Adding welcome page template: index
2025-09-03 21:28:22,981 [WARN] org.springframework.security.config.annotation.authentication.configuration.InitializeUserDetailsBeanManagerConfigurer$InitializeUserDetailsManagerConfigurer [main] Found 3 UserDetailsService beans, with names [accountService, customUserDetailsService, professorService]. Global Authentication Manager will not use a UserDetailsService for username/password login. Consider publishing a single UserDetailsService bean.
2025-09-03 21:28:23,726 [INFO] org.springframework.boot.autoconfigure.h2.H2ConsoleAutoConfiguration [main] H2 console available at '/db-console'. Database available at 'jdbc:h2:file:./db/db'
2025-09-03 21:28:23,791 [INFO] org.apache.coyote.http11.Http11NioProtocol [main] Starting ProtocolHandler ["http-nio-8080"]
2025-09-03 21:28:23,825 [INFO] org.springframework.boot.web.embedded.tomcat.TomcatWebServer [main] Tomcat started on port 8080 (http) with context path '/'
2025-09-03 21:28:23,840 [INFO] org.studyeasy.SpringRestdemo.SpringRestdemoApplication [main] Started SpringRestdemoApplication in 15.954 seconds (process running for 16.683)
2025-09-03 21:33:00,961 [INFO] org.apache.catalina.core.ContainerBase.[Tomcat].[localhost].[/] [http-nio-8080-exec-1] Initializing Spring DispatcherServlet 'dispatcherServlet'
2025-09-03 21:33:00,961 [INFO] org.springframework.web.servlet.DispatcherServlet [http-nio-8080-exec-1] Initializing Servlet 'dispatcherServlet'
2025-09-03 21:33:00,964 [INFO] org.springframework.web.servlet.DispatcherServlet [http-nio-8080-exec-1] Completed initialization in 3 ms
2025-09-03 21:34:02,792 [INFO] org.hibernate.validator.internal.util.Version [background-preinit] HV000001: Hibernate Validator 8.0.2.Final
2025-09-03 21:34:03,091 [INFO] org.studyeasy.SpringRestdemo.SpringRestdemoApplication [main] Starting SpringRestdemoApplication using Java 22.0.1 with PID 508 (C:\Spring boot\SpringStarter\OD-MANAGMENT\OD-STARTER\target\classes started by HP in C:\Spring boot\SpringStarter\OD-MANAGMENT\OD-STARTER)
2025-09-03 21:34:03,094 [DEBUG] org.studyeasy.SpringRestdemo.SpringRestdemoApplication [main] Running with Spring Boot v3.5.3, Spring v6.2.8
2025-09-03 21:34:03,099 [INFO] org.studyeasy.SpringRestdemo.SpringRestdemoApplication [main] No active profile set, falling back to 1 default profile: "default"
2025-09-03 21:34:05,435 [INFO] org.springframework.data.repository.config.RepositoryConfigurationDelegate [main] Bootstrapping Spring Data JPA repositories in DEFAULT mode.
2025-09-03 21:34:05,733 [INFO] org.springframework.data.repository.config.RepositoryConfigurationDelegate [main] Finished Spring Data repository scanning in 249 ms. Found 8 JPA repository interfaces.
2025-09-03 21:34:07,552 [INFO] org.springframework.boot.web.embedded.tomcat.TomcatWebServer [main] Tomcat initialized with port 8080 (http)
2025-09-03 21:34:07,570 [INFO] org.apache.coyote.http11.Http11NioProtocol [main] Initializing ProtocolHandler ["http-nio-8080"]
2025-09-03 21:34:07,574 [INFO] org.apache.catalina.core.StandardService [main] Starting service [Tomcat]
2025-09-03 21:34:07,575 [INFO] org.apache.catalina.core.StandardEngine [main] Starting Servlet engine: [Apache Tomcat/10.1.42]
2025-09-03 21:34:07,673 [INFO] org.apache.catalina.core.ContainerBase.[Tomcat].[localhost].[/] [main] Initializing Spring embedded WebApplicationContext
2025-09-03 21:34:07,682 [INFO] org.springframework.boot.web.servlet.context.ServletWebServerApplicationContext [main] Root WebApplicationContext: initialization completed in 4318 ms
2025-09-03 21:34:08,394 [INFO] org.hibernate.jpa.internal.util.LogHelper [main] HHH000204: Processing PersistenceUnitInfo [name: default]
2025-09-03 21:34:08,542 [INFO] org.hibernate.Version [main] HHH000412: Hibernate ORM core version 6.6.18.Final
2025-09-03 21:34:08,610 [INFO] org.hibernate.cache.internal.RegionFactoryInitiator [main] HHH000026: Second-level cache disabled
2025-09-03 21:34:09,290 [INFO] org.springframework.orm.jpa.persistenceunit.SpringPersistenceUnitInfo [main] No LoadTimeWeaver setup: ignoring JPA class transformer
2025-09-03 21:34:09,331 [INFO] com.zaxxer.hikari.HikariDataSource [main] HikariPool-1 - Starting...
2025-09-03 21:34:09,613 [INFO] com.zaxxer.hikari.pool.HikariPool [main] HikariPool-1 - Added connection conn0: url=jdbc:h2:file:./db/db user=ADMIN
2025-09-03 21:34:09,615 [INFO] com.zaxxer.hikari.HikariDataSource [main] HikariPool-1 - Start completed.
2025-09-03 21:34:09,651 [WARN] org.hibernate.orm.deprecation [main] HHH90000025: H2Dialect does not need to be specified explicitly using 'hibernate.dialect' (remove the property setting and it will be selected by default)
2025-09-03 21:34:09,688 [INFO] org.hibernate.orm.connections.pooling [main] HHH10001005: Database info:
	Database JDBC URL [Connecting through datasource 'HikariDataSource (HikariPool-1)']
	Database driver: undefined/unknown
	Database version: 2.3.232
	Autocommit mode: undefined/unknown
	Isolation level: undefined/unknown
	Minimum pool size: undefined/unknown
	Maximum pool size: undefined/unknown
2025-09-03 21:34:12,000 [INFO] org.hibernate.engine.transaction.jta.platform.internal.JtaPlatformInitiator [main] HHH000489: No JTA platform available (set 'hibernate.transaction.jta.platform' to enable JTA platform integration)
2025-09-03 21:34:12,174 [INFO] org.springframework.orm.jpa.LocalContainerEntityManagerFactoryBean [main] Initialized JPA EntityManagerFactory for persistence unit 'default'
2025-09-03 21:34:15,429 [WARN] org.springframework.boot.autoconfigure.orm.jpa.JpaBaseConfiguration$JpaWebConfiguration [main] spring.jpa.open-in-view is enabled by default. Therefore, database queries may be performed during view rendering. Explicitly configure spring.jpa.open-in-view to disable this warning
2025-09-03 21:34:15,559 [INFO] org.springframework.boot.autoconfigure.web.servlet.WelcomePageHandlerMapping [main] Adding welcome page template: index
2025-09-03 21:34:18,093 [WARN] org.springframework.security.config.annotation.authentication.configuration.InitializeUserDetailsBeanManagerConfigurer$InitializeUserDetailsManagerConfigurer [main] Found 3 UserDetailsService beans, with names [accountService, customUserDetailsService, professorService]. Global Authentication Manager will not use a UserDetailsService for username/password login. Consider publishing a single UserDetailsService bean.
2025-09-03 21:34:19,133 [INFO] org.springframework.boot.autoconfigure.h2.H2ConsoleAutoConfiguration [main] H2 console available at '/db-console'. Database available at 'jdbc:h2:file:./db/db'
2025-09-03 21:34:19,253 [INFO] org.apache.coyote.http11.Http11NioProtocol [main] Starting ProtocolHandler ["http-nio-8080"]
2025-09-03 21:34:19,317 [INFO] org.springframework.boot.web.embedded.tomcat.TomcatWebServer [main] Tomcat started on port 8080 (http) with context path '/'
2025-09-03 21:34:19,350 [INFO] org.studyeasy.SpringRestdemo.SpringRestdemoApplication [main] Started SpringRestdemoApplication in 18.363 seconds (process running for 19.609)
2025-09-03 21:34:19,524 [INFO] org.apache.catalina.core.ContainerBase.[Tomcat].[localhost].[/] [http-nio-8080-exec-1] Initializing Spring DispatcherServlet 'dispatcherServlet'
2025-09-03 21:34:19,524 [INFO] org.springframework.web.servlet.DispatcherServlet [http-nio-8080-exec-1] Initializing Servlet 'dispatcherServlet'
2025-09-03 21:34:19,525 [INFO] org.springframework.web.servlet.DispatcherServlet [http-nio-8080-exec-1] Completed initialization in 1 ms
2025-09-03 21:34:25,657 [INFO] org.studyeasy.SpringRestdemo.controller.AdminController [http-nio-8080-exec-3] Received request to approve event with id: 101
2025-09-03 21:34:25,696 [DEBUG] org.studyeasy.SpringRestdemo.controller.AdminController [http-nio-8080-exec-3] Fetched event from DB: Event(id=101, type=CULTURAL, title=Tech Fest 2025, description=Annual technical fest with coding and robotics competitions, eventCordinator=[], location=Auditorium Block A, startTime=2025-10-15T10:00, endTime=2025-10-15T17:00, status=APPROVED, eligibleYears=[], createdBy=admin, eventKey=TECHFEST2025)
2025-09-03 21:34:25,703 [INFO] org.studyeasy.SpringRestdemo.controller.AdminController [http-nio-8080-exec-3] Updated event status to APPROVED for id: 101
2025-09-03 21:34:25,710 [INFO] org.studyeasy.SpringRestdemo.controller.AdminController [http-nio-8080-exec-3] Event with id 101 saved successfully
2025-09-03 21:34:25,710 [INFO] org.studyeasy.SpringRestdemo.controller.AdminController [http-nio-8080-exec-3] Redirecting to /events after approval
2025-09-03 22:12:55,309 [INFO] org.hibernate.engine.transaction.jta.platform.internal.JtaPlatformInitiator [main] HHH000489: No JTA platform available (set 'hibernate.transaction.jta.platform' to enable JTA platform integration)
2025-09-03 22:12:55,418 [INFO] org.springframework.orm.jpa.LocalContainerEntityManagerFactoryBean [main] Initialized JPA EntityManagerFactory for persistence unit 'default'
2025-09-03 22:12:58,878 [WARN] org.springframework.boot.autoconfigure.orm.jpa.JpaBaseConfiguration$JpaWebConfiguration [main] spring.jpa.open-in-view is enabled by default. Therefore, database queries may be performed during view rendering. Explicitly configure spring.jpa.open-in-view to disable this warning
2025-09-03 22:12:58,980 [INFO] org.springframework.boot.autoconfigure.web.servlet.WelcomePageHandlerMapping [main] Adding welcome page template: index
2025-09-03 22:13:01,251 [WARN] org.springframework.security.config.annotation.authentication.configuration.InitializeUserDetailsBeanManagerConfigurer$InitializeUserDetailsManagerConfigurer [main] Found 3 UserDetailsService beans, with names [accountService, customUserDetailsService, professorService]. Global Authentication Manager will not use a UserDetailsService for username/password login. Consider publishing a single UserDetailsService bean.
2025-09-03 22:13:04,979 [INFO] org.hibernate.validator.internal.util.Version [background-preinit] HV000001: Hibernate Validator 8.0.2.Final
2025-09-03 22:13:05,211 [INFO] org.studyeasy.SpringRestdemo.SpringRestdemoApplication [main] Starting SpringRestdemoApplication using Java 22.0.1 with PID 19240 (C:\Spring boot\SpringStarter\OD-MANAGMENT\OD-STARTER\target\classes started by HP in C:\Spring boot\SpringStarter\OD-MANAGMENT\OD-STARTER)
2025-09-03 22:13:05,213 [DEBUG] org.studyeasy.SpringRestdemo.SpringRestdemoApplication [main] Running with Spring Boot v3.5.3, Spring v6.2.8
2025-09-03 22:13:05,215 [INFO] org.studyeasy.SpringRestdemo.SpringRestdemoApplication [main] No active profile set, falling back to 1 default profile: "default"
2025-09-03 22:13:10,153 [INFO] org.springframework.data.repository.config.RepositoryConfigurationDelegate [main] Bootstrapping Spring Data JPA repositories in DEFAULT mode.
2025-09-03 22:13:10,315 [INFO] org.springframework.data.repository.config.RepositoryConfigurationDelegate [main] Finished Spring Data repository scanning in 123 ms. Found 8 JPA repository interfaces.
2025-09-03 22:13:11,906 [INFO] org.springframework.boot.web.embedded.tomcat.TomcatWebServer [main] Tomcat initialized with port 8080 (http)
2025-09-03 22:13:11,925 [INFO] org.apache.coyote.http11.Http11NioProtocol [main] Initializing ProtocolHandler ["http-nio-8080"]
2025-09-03 22:13:11,928 [INFO] org.apache.catalina.core.StandardService [main] Starting service [Tomcat]
2025-09-03 22:13:11,928 [INFO] org.apache.catalina.core.StandardEngine [main] Starting Servlet engine: [Apache Tomcat/10.1.42]
2025-09-03 22:13:12,072 [INFO] org.apache.catalina.core.ContainerBase.[Tomcat].[localhost].[/] [main] Initializing Spring embedded WebApplicationContext
2025-09-03 22:13:12,073 [INFO] org.springframework.boot.web.servlet.context.ServletWebServerApplicationContext [main] Root WebApplicationContext: initialization completed in 6701 ms
2025-09-03 22:13:13,867 [INFO] org.hibernate.jpa.internal.util.LogHelper [main] HHH000204: Processing PersistenceUnitInfo [name: default]
2025-09-03 22:13:14,101 [INFO] org.hibernate.Version [main] HHH000412: Hibernate ORM core version 6.6.18.Final
2025-09-03 22:13:14,153 [INFO] org.hibernate.cache.internal.RegionFactoryInitiator [main] HHH000026: Second-level cache disabled
2025-09-03 22:13:15,471 [INFO] org.springframework.orm.jpa.persistenceunit.SpringPersistenceUnitInfo [main] No LoadTimeWeaver setup: ignoring JPA class transformer
2025-09-03 22:13:15,535 [INFO] com.zaxxer.hikari.HikariDataSource [main] HikariPool-1 - Starting...
2025-09-03 22:13:15,897 [INFO] com.zaxxer.hikari.pool.HikariPool [main] HikariPool-1 - Added connection conn0: url=jdbc:h2:file:./db/db user=ADMIN
2025-09-03 22:13:15,902 [INFO] com.zaxxer.hikari.HikariDataSource [main] HikariPool-1 - Start completed.
2025-09-03 22:13:15,963 [WARN] org.hibernate.orm.deprecation [main] HHH90000025: H2Dialect does not need to be specified explicitly using 'hibernate.dialect' (remove the property setting and it will be selected by default)
2025-09-03 22:13:16,011 [INFO] org.hibernate.orm.connections.pooling [main] HHH10001005: Database info:
	Database JDBC URL [Connecting through datasource 'HikariDataSource (HikariPool-1)']
	Database driver: undefined/unknown
	Database version: 2.3.232
	Autocommit mode: undefined/unknown
	Isolation level: undefined/unknown
	Minimum pool size: undefined/unknown
	Maximum pool size: undefined/unknown
2025-09-03 22:13:18,276 [INFO] org.hibernate.engine.transaction.jta.platform.internal.JtaPlatformInitiator [main] HHH000489: No JTA platform available (set 'hibernate.transaction.jta.platform' to enable JTA platform integration)
2025-09-03 22:13:18,479 [INFO] org.springframework.orm.jpa.LocalContainerEntityManagerFactoryBean [main] Initialized JPA EntityManagerFactory for persistence unit 'default'
2025-09-03 22:13:22,052 [WARN] org.springframework.boot.autoconfigure.orm.jpa.JpaBaseConfiguration$JpaWebConfiguration [main] spring.jpa.open-in-view is enabled by default. Therefore, database queries may be performed during view rendering. Explicitly configure spring.jpa.open-in-view to disable this warning
2025-09-03 22:13:22,143 [INFO] org.springframework.boot.autoconfigure.web.servlet.WelcomePageHandlerMapping [main] Adding welcome page template: index
2025-09-03 22:13:25,319 [WARN] org.springframework.security.config.annotation.authentication.configuration.InitializeUserDetailsBeanManagerConfigurer$InitializeUserDetailsManagerConfigurer [main] Found 3 UserDetailsService beans, with names [accountService, customUserDetailsService, professorService]. Global Authentication Manager will not use a UserDetailsService for username/password login. Consider publishing a single UserDetailsService bean.
2025-09-03 22:13:26,977 [INFO] org.springframework.boot.autoconfigure.h2.H2ConsoleAutoConfiguration [main] H2 console available at '/db-console'. Database available at 'jdbc:h2:file:./db/db'
2025-09-03 22:13:27,223 [INFO] org.apache.coyote.http11.Http11NioProtocol [main] Starting ProtocolHandler ["http-nio-8080"]
2025-09-03 22:13:27,323 [INFO] org.springframework.boot.web.embedded.tomcat.TomcatWebServer [main] Tomcat started on port 8080 (http) with context path '/'
2025-09-03 22:13:27,383 [INFO] org.studyeasy.SpringRestdemo.SpringRestdemoApplication [main] Started SpringRestdemoApplication in 24.453 seconds (process running for 25.475)
2025-09-03 22:13:34,590 [INFO] org.apache.catalina.core.ContainerBase.[Tomcat].[localhost].[/] [http-nio-8080-exec-1] Initializing Spring DispatcherServlet 'dispatcherServlet'
2025-09-03 22:13:34,590 [INFO] org.springframework.web.servlet.DispatcherServlet [http-nio-8080-exec-1] Initializing Servlet 'dispatcherServlet'
2025-09-03 22:13:34,592 [INFO] org.springframework.web.servlet.DispatcherServlet [http-nio-8080-exec-1] Completed initialization in 2 ms
2025-09-03 22:13:34,671 [INFO] org.studyeasy.SpringRestdemo.controller.AuthController [http-nio-8080-exec-1] 📌 Entered professorProfile() endpoint
2025-09-03 22:13:34,672 [DEBUG] org.studyeasy.SpringRestdemo.controller.AuthController [http-nio-8080-exec-1] Looking up professor with register number: A1001
2025-09-03 22:13:34,697 [INFO] org.studyeasy.SpringRestdemo.controller.AuthController [http-nio-8080-exec-1] ✅ Professor found: System Admin
2025-09-03 22:13:34,698 [DEBUG] org.studyeasy.SpringRestdemo.controller.AuthController [http-nio-8080-exec-1] Profile object added to model: ProfessorAccount(id=3, registerNo=A1001, name=System Admin, designation=Administrator, email=admin@univ.com, profName=Lakshman, department=Administration, branch=N/A, age=35, password=$2a$10$0SBSBIusHtlvGOLZKWhc0equUri65aCyqjSqLAEGx2y6gPA0Wij/u, Authorities=ADMIN, students=[])
2025-09-03 22:13:34,711 [INFO] org.studyeasy.SpringRestdemo.controller.AuthController [http-nio-8080-exec-1] ➡️ Returning view: adminProfile
2025-09-03 22:13:35,250 [ERROR] org.thymeleaf.TemplateEngine [http-nio-8080-exec-1] [THYMELEAF][http-nio-8080-exec-1] Exception processing template "adminProfile": Exception evaluating SpringEL expression: "profile.registerNumber" (template: "adminProfile" - line 553, col 13)
org.thymeleaf.exceptions.TemplateProcessingException: Exception evaluating SpringEL expression: "profile.registerNumber" (template: "adminProfile" - line 553, col 13)
	at org.thymeleaf.spring6.expression.SPELVariableExpressionEvaluator.evaluate(SPELVariableExpressionEvaluator.java:292)
	at org.thymeleaf.standard.expression.VariableExpression.executeVariableExpression(VariableExpression.java:166)
	at org.thymeleaf.standard.expression.SimpleExpression.executeSimple(SimpleExpression.java:66)
	at org.thymeleaf.standard.expression.Expression.execute(Expression.java:109)
	at org.thymeleaf.standard.expression.Expression.execute(Expression.java:138)
	at org.thymeleaf.standard.processor.AbstractStandardExpressionAttributeTagProcessor.doProcess(AbstractStandardExpressionAttributeTagProcessor.java:144)
	at org.thymeleaf.processor.element.AbstractAttributeTagProcessor.doProcess(AbstractAttributeTagProcessor.java:74)
	at org.thymeleaf.processor.element.AbstractElementTagProcessor.process(AbstractElementTagProcessor.java:95)
	at org.thymeleaf.util.ProcessorConfigurationUtils$ElementTagProcessorWrapper.process(ProcessorConfigurationUtils.java:633)
	at org.thymeleaf.engine.ProcessorTemplateHandler.handleStandaloneElement(ProcessorTemplateHandler.java:918)
	at org.thymeleaf.engine.StandaloneElementTag.beHandled(StandaloneElementTag.java:228)
	at org.thymeleaf.engine.TemplateModel.process(TemplateModel.java:136)
	at org.thymeleaf.engine.TemplateManager.parseAndProcess(TemplateManager.java:661)
	at org.thymeleaf.TemplateEngine.process(TemplateEngine.java:1103)
	at org.thymeleaf.TemplateEngine.process(TemplateEngine.java:1077)
	at org.thymeleaf.spring6.view.ThymeleafView.renderFragment(ThymeleafView.java:372)
	at org.thymeleaf.spring6.view.ThymeleafView.render(ThymeleafView.java:192)
	at org.springframework.web.servlet.DispatcherServlet.render(DispatcherServlet.java:1437)
	at org.springframework.web.servlet.DispatcherServlet.processDispatchResult(DispatcherServlet.java:1168)
	at org.springframework.web.servlet.DispatcherServlet.doDispatch(DispatcherServlet.java:1106)
	at org.springframework.web.servlet.DispatcherServlet.doService(DispatcherServlet.java:979)
	at org.springframework.web.servlet.FrameworkServlet.processRequest(FrameworkServlet.java:1014)
	at org.springframework.web.servlet.FrameworkServlet.doGet(FrameworkServlet.java:903)
	at jakarta.servlet.http.HttpServlet.service(HttpServlet.java:564)
	at org.springframework.web.servlet.FrameworkServlet.service(FrameworkServlet.java:885)
	at jakarta.servlet.http.HttpServlet.service(HttpServlet.java:658)
	at org.apache.catalina.core.ApplicationFilterChain.internalDoFilter(ApplicationFilterChain.java:195)
	at org.apache.catalina.core.ApplicationFilterChain.doFilter(ApplicationFilterChain.java:140)
	at org.apache.tomcat.websocket.server.WsFilter.doFilter(WsFilter.java:51)
	at org.apache.catalina.core.ApplicationFilterChain.internalDoFilter(ApplicationFilterChain.java:164)
	at org.apache.catalina.core.ApplicationFilterChain.doFilter(ApplicationFilterChain.java:140)
	at org.springframework.web.servlet.resource.ResourceUrlEncodingFilter.doFilter(ResourceUrlEncodingFilter.java:66)
	at org.apache.catalina.core.ApplicationFilterChain.internalDoFilter(ApplicationFilterChain.java:164)
	at org.apache.catalina.core.ApplicationFilterChain.doFilter(ApplicationFilterChain.java:140)
	at org.springframework.web.filter.CompositeFilter$VirtualFilterChain.doFilter(CompositeFilter.java:108)
	at org.springframework.web.filter.CompositeFilter$VirtualFilterChain.doFilter(CompositeFilter.java:108)
	at org.springframework.security.web.FilterChainProxy.lambda$doFilterInternal$3(FilterChainProxy.java:231)
	at org.springframework.security.web.FilterChainProxy$VirtualFilterChain.doFilter(FilterChainProxy.java:365)
	at org.springframework.security.web.access.intercept.AuthorizationFilter.doFilter(AuthorizationFilter.java:101)
	at org.springframework.security.web.FilterChainProxy$VirtualFilterChain.doFilter(FilterChainProxy.java:374)
	at org.springframework.security.web.access.ExceptionTranslationFilter.doFilter(ExceptionTranslationFilter.java:125)
	at org.springframework.security.web.access.ExceptionTranslationFilter.doFilter(ExceptionTranslationFilter.java:119)
	at org.springframework.security.web.FilterChainProxy$VirtualFilterChain.doFilter(FilterChainProxy.java:374)
	at org.springframework.security.web.session.SessionManagementFilter.doFilter(SessionManagementFilter.java:131)
	at org.springframework.security.web.session.SessionManagementFilter.doFilter(SessionManagementFilter.java:85)
	at org.springframework.security.web.FilterChainProxy$VirtualFilterChain.doFilter(FilterChainProxy.java:374)
	at org.springframework.security.web.authentication.AnonymousAuthenticationFilter.doFilter(AnonymousAuthenticationFilter.java:100)
	at org.springframework.security.web.FilterChainProxy$VirtualFilterChain.doFilter(FilterChainProxy.java:374)
	at org.springframework.security.web.servletapi.SecurityContextHolderAwareRequestFilter.doFilter(SecurityContextHolderAwareRequestFilter.java:179)
	at org.springframework.security.web.FilterChainProxy$VirtualFilterChain.doFilter(FilterChainProxy.java:374)
	at org.springframework.security.web.savedrequest.RequestCacheAwareFilter.doFilter(RequestCacheAwareFilter.java:63)
	at org.springframework.security.web.FilterChainProxy$VirtualFilterChain.doFilter(FilterChainProxy.java:374)
	at org.springframework.security.web.authentication.AuthenticationFilter.doFilterInternal(AuthenticationFilter.java:177)
	at org.springframework.web.filter.OncePerRequestFilter.doFilter(OncePerRequestFilter.java:116)
	at org.springframework.security.web.FilterChainProxy$VirtualFilterChain.doFilter(FilterChainProxy.java:374)
	at org.springframework.security.oauth2.server.resource.web.authentication.BearerTokenAuthenticationFilter.doFilterInternal(BearerTokenAuthenticationFilter.java:135)
	at org.springframework.web.filter.OncePerRequestFilter.doFilter(OncePerRequestFilter.java:116)
	at org.springframework.security.web.FilterChainProxy$VirtualFilterChain.doFilter(FilterChainProxy.java:374)
	at org.springframework.security.web.authentication.logout.LogoutFilter.doFilter(LogoutFilter.java:107)
	at org.springframework.security.web.authentication.logout.LogoutFilter.doFilter(LogoutFilter.java:93)
	at org.springframework.security.web.FilterChainProxy$VirtualFilterChain.doFilter(FilterChainProxy.java:374)
	at org.springframework.security.web.header.HeaderWriterFilter.doHeadersAfter(HeaderWriterFilter.java:90)
	at org.springframework.security.web.header.HeaderWriterFilter.doFilterInternal(HeaderWriterFilter.java:75)
	at org.springframework.web.filter.OncePerRequestFilter.doFilter(OncePerRequestFilter.java:116)
	at org.springframework.security.web.FilterChainProxy$VirtualFilterChain.doFilter(FilterChainProxy.java:374)
	at org.springframework.security.web.context.SecurityContextHolderFilter.doFilter(SecurityContextHolderFilter.java:82)
	at org.springframework.security.web.context.SecurityContextHolderFilter.doFilter(SecurityContextHolderFilter.java:69)
	at org.springframework.security.web.FilterChainProxy$VirtualFilterChain.doFilter(FilterChainProxy.java:374)
	at org.springframework.security.web.context.request.async.WebAsyncManagerIntegrationFilter.doFilterInternal(WebAsyncManagerIntegrationFilter.java:62)
	at org.springframework.web.filter.OncePerRequestFilter.doFilter(OncePerRequestFilter.java:116)
	at org.springframework.security.web.FilterChainProxy$VirtualFilterChain.doFilter(FilterChainProxy.java:374)
	at org.springframework.security.web.session.DisableEncodeUrlFilter.doFilterInternal(DisableEncodeUrlFilter.java:42)
	at org.springframework.web.filter.OncePerRequestFilter.doFilter(OncePerRequestFilter.java:116)
	at org.springframework.security.web.FilterChainProxy$VirtualFilterChain.doFilter(FilterChainProxy.java:374)
	at org.springframework.security.web.FilterChainProxy.doFilterInternal(FilterChainProxy.java:233)
	at org.springframework.security.web.FilterChainProxy.doFilter(FilterChainProxy.java:191)
	at org.springframework.web.filter.CompositeFilter$VirtualFilterChain.doFilter(CompositeFilter.java:113)
	at org.springframework.web.filter.ServletRequestPathFilter.doFilter(ServletRequestPathFilter.java:52)
	at org.springframework.web.filter.CompositeFilter$VirtualFilterChain.doFilter(CompositeFilter.java:113)
	at org.springframework.web.filter.CompositeFilter.doFilter(CompositeFilter.java:74)
	at org.springframework.security.config.annotation.web.configuration.WebSecurityConfiguration$CompositeFilterChainProxy.doFilter(WebSecurityConfiguration.java:319)
	at org.springframework.web.filter.CompositeFilter$VirtualFilterChain.doFilter(CompositeFilter.java:113)
	at org.springframework.web.servlet.handler.HandlerMappingIntrospector.lambda$createCacheFilter$4(HandlerMappingIntrospector.java:267)
	at org.springframework.web.filter.CompositeFilter$VirtualFilterChain.doFilter(CompositeFilter.java:113)
	at org.springframework.web.filter.CompositeFilter.doFilter(CompositeFilter.java:74)
	at org.springframework.security.config.annotation.web.configuration.WebMvcSecurityConfiguration$CompositeFilterChainProxy.doFilter(WebMvcSecurityConfiguration.java:240)
	at org.springframework.web.filter.DelegatingFilterProxy.invokeDelegate(DelegatingFilterProxy.java:362)
	at org.springframework.web.filter.DelegatingFilterProxy.doFilter(DelegatingFilterProxy.java:278)
	at org.apache.catalina.core.ApplicationFilterChain.internalDoFilter(ApplicationFilterChain.java:164)
	at org.apache.catalina.core.ApplicationFilterChain.doFilter(ApplicationFilterChain.java:140)
	at org.springframework.web.filter.RequestContextFilter.doFilterInternal(RequestContextFilter.java:100)
	at org.springframework.web.filter.OncePerRequestFilter.doFilter(OncePerRequestFilter.java:116)
	at org.apache.catalina.core.ApplicationFilterChain.internalDoFilter(ApplicationFilterChain.java:164)
	at org.apache.catalina.core.ApplicationFilterChain.doFilter(ApplicationFilterChain.java:140)
	at org.springframework.web.filter.FormContentFilter.doFilterInternal(FormContentFilter.java:93)
	at org.springframework.web.filter.OncePerRequestFilter.doFilter(OncePerRequestFilter.java:116)
	at org.apache.catalina.core.ApplicationFilterChain.internalDoFilter(ApplicationFilterChain.java:164)
	at org.apache.catalina.core.ApplicationFilterChain.doFilter(ApplicationFilterChain.java:140)
	at org.springframework.web.filter.CharacterEncodingFilter.doFilterInternal(CharacterEncodingFilter.java:201)
	at org.springframework.web.filter.OncePerRequestFilter.doFilter(OncePerRequestFilter.java:116)
	at org.apache.catalina.core.ApplicationFilterChain.internalDoFilter(ApplicationFilterChain.java:164)
	at org.apache.catalina.core.ApplicationFilterChain.doFilter(ApplicationFilterChain.java:140)
	at org.apache.catalina.core.StandardWrapperValve.invoke(StandardWrapperValve.java:167)
	at org.apache.catalina.core.StandardContextValve.invoke(StandardContextValve.java:90)
	at org.apache.catalina.authenticator.AuthenticatorBase.invoke(AuthenticatorBase.java:483)
	at org.apache.catalina.core.StandardHostValve.invoke(StandardHostValve.java:116)
	at org.apache.catalina.valves.ErrorReportValve.invoke(ErrorReportValve.java:93)
	at org.apache.catalina.core.StandardEngineValve.invoke(StandardEngineValve.java:74)
	at org.apache.catalina.connector.CoyoteAdapter.service(CoyoteAdapter.java:344)
	at org.apache.coyote.http11.Http11Processor.service(Http11Processor.java:398)
	at org.apache.coyote.AbstractProcessorLight.process(AbstractProcessorLight.java:63)
	at org.apache.coyote.AbstractProtocol$ConnectionHandler.process(AbstractProtocol.java:903)
	at org.apache.tomcat.util.net.NioEndpoint$SocketProcessor.doRun(NioEndpoint.java:1769)
	at org.apache.tomcat.util.net.SocketProcessorBase.run(SocketProcessorBase.java:52)
	at org.apache.tomcat.util.threads.ThreadPoolExecutor.runWorker(ThreadPoolExecutor.java:1189)
	at org.apache.tomcat.util.threads.ThreadPoolExecutor$Worker.run(ThreadPoolExecutor.java:658)
	at org.apache.tomcat.util.threads.TaskThread$WrappingRunnable.run(TaskThread.java:63)
	at java.base/java.lang.Thread.run(Thread.java:1570)
Caused by: org.springframework.expression.spel.SpelEvaluationException: EL1008E: Property or field 'registerNumber' cannot be found on object of type 'org.studyeasy.SpringRestdemo.model.ProfessorAccount' - maybe not public or not valid?
	at org.springframework.expression.spel.ast.PropertyOrFieldReference.readProperty(PropertyOrFieldReference.java:229)
	at org.springframework.expression.spel.ast.PropertyOrFieldReference.getValueInternal(PropertyOrFieldReference.java:112)
	at org.springframework.expression.spel.ast.PropertyOrFieldReference$AccessorValueRef.getValue(PropertyOrFieldReference.java:376)
	at org.springframework.expression.spel.ast.CompoundExpression.getValueInternal(CompoundExpression.java:97)
	at org.springframework.expression.spel.ast.SpelNodeImpl.getValue(SpelNodeImpl.java:116)
	at org.springframework.expression.spel.standard.SpelExpression.getValue(SpelExpression.java:338)
	at org.thymeleaf.spring6.expression.SPELVariableExpressionEvaluator.evaluate(SPELVariableExpressionEvaluator.java:265)
	... 117 common frames omitted
2025-09-03 22:13:35,257 [ERROR] org.apache.catalina.core.ContainerBase.[Tomcat].[localhost].[/].[dispatcherServlet] [http-nio-8080-exec-1] Servlet.service() for servlet [dispatcherServlet] in context with path [] threw exception [Request processing failed: org.thymeleaf.exceptions.TemplateProcessingException: Exception evaluating SpringEL expression: "profile.registerNumber" (template: "adminProfile" - line 553, col 13)] with root cause
org.springframework.expression.spel.SpelEvaluationException: EL1008E: Property or field 'registerNumber' cannot be found on object of type 'org.studyeasy.SpringRestdemo.model.ProfessorAccount' - maybe not public or not valid?
	at org.springframework.expression.spel.ast.PropertyOrFieldReference.readProperty(PropertyOrFieldReference.java:229)
	at org.springframework.expression.spel.ast.PropertyOrFieldReference.getValueInternal(PropertyOrFieldReference.java:112)
	at org.springframework.expression.spel.ast.PropertyOrFieldReference$AccessorValueRef.getValue(PropertyOrFieldReference.java:376)
	at org.springframework.expression.spel.ast.CompoundExpression.getValueInternal(CompoundExpression.java:97)
	at org.springframework.expression.spel.ast.SpelNodeImpl.getValue(SpelNodeImpl.java:116)
	at org.springframework.expression.spel.standard.SpelExpression.getValue(SpelExpression.java:338)
	at org.thymeleaf.spring6.expression.SPELVariableExpressionEvaluator.evaluate(SPELVariableExpressionEvaluator.java:265)
	at org.thymeleaf.standard.expression.VariableExpression.executeVariableExpression(VariableExpression.java:166)
	at org.thymeleaf.standard.expression.SimpleExpression.executeSimple(SimpleExpression.java:66)
	at org.thymeleaf.standard.expression.Expression.execute(Expression.java:109)
	at org.thymeleaf.standard.expression.Expression.execute(Expression.java:138)
	at org.thymeleaf.standard.processor.AbstractStandardExpressionAttributeTagProcessor.doProcess(AbstractStandardExpressionAttributeTagProcessor.java:144)
	at org.thymeleaf.processor.element.AbstractAttributeTagProcessor.doProcess(AbstractAttributeTagProcessor.java:74)
	at org.thymeleaf.processor.element.AbstractElementTagProcessor.process(AbstractElementTagProcessor.java:95)
	at org.thymeleaf.util.ProcessorConfigurationUtils$ElementTagProcessorWrapper.process(ProcessorConfigurationUtils.java:633)
	at org.thymeleaf.engine.ProcessorTemplateHandler.handleStandaloneElement(ProcessorTemplateHandler.java:918)
	at org.thymeleaf.engine.StandaloneElementTag.beHandled(StandaloneElementTag.java:228)
	at org.thymeleaf.engine.TemplateModel.process(TemplateModel.java:136)
	at org.thymeleaf.engine.TemplateManager.parseAndProcess(TemplateManager.java:661)
	at org.thymeleaf.TemplateEngine.process(TemplateEngine.java:1103)
	at org.thymeleaf.TemplateEngine.process(TemplateEngine.java:1077)
	at org.thymeleaf.spring6.view.ThymeleafView.renderFragment(ThymeleafView.java:372)
	at org.thymeleaf.spring6.view.ThymeleafView.render(ThymeleafView.java:192)
	at org.springframework.web.servlet.DispatcherServlet.render(DispatcherServlet.java:1437)
	at org.springframework.web.servlet.DispatcherServlet.processDispatchResult(DispatcherServlet.java:1168)
	at org.springframework.web.servlet.DispatcherServlet.doDispatch(DispatcherServlet.java:1106)
	at org.springframework.web.servlet.DispatcherServlet.doService(DispatcherServlet.java:979)
	at org.springframework.web.servlet.FrameworkServlet.processRequest(FrameworkServlet.java:1014)
	at org.springframework.web.servlet.FrameworkServlet.doGet(FrameworkServlet.java:903)
	at jakarta.servlet.http.HttpServlet.service(HttpServlet.java:564)
	at org.springframework.web.servlet.FrameworkServlet.service(FrameworkServlet.java:885)
	at jakarta.servlet.http.HttpServlet.service(HttpServlet.java:658)
	at org.apache.catalina.core.ApplicationFilterChain.internalDoFilter(ApplicationFilterChain.java:195)
	at org.apache.catalina.core.ApplicationFilterChain.doFilter(ApplicationFilterChain.java:140)
	at org.apache.tomcat.websocket.server.WsFilter.doFilter(WsFilter.java:51)
	at org.apache.catalina.core.ApplicationFilterChain.internalDoFilter(ApplicationFilterChain.java:164)
	at org.apache.catalina.core.ApplicationFilterChain.doFilter(ApplicationFilterChain.java:140)
	at org.springframework.web.servlet.resource.ResourceUrlEncodingFilter.doFilter(ResourceUrlEncodingFilter.java:66)
	at org.apache.catalina.core.ApplicationFilterChain.internalDoFilter(ApplicationFilterChain.java:164)
	at org.apache.catalina.core.ApplicationFilterChain.doFilter(ApplicationFilterChain.java:140)
	at org.springframework.web.filter.CompositeFilter$VirtualFilterChain.doFilter(CompositeFilter.java:108)
	at org.springframework.web.filter.CompositeFilter$VirtualFilterChain.doFilter(CompositeFilter.java:108)
	at org.springframework.security.web.FilterChainProxy.lambda$doFilterInternal$3(FilterChainProxy.java:231)
	at org.springframework.security.web.FilterChainProxy$VirtualFilterChain.doFilter(FilterChainProxy.java:365)
	at org.springframework.security.web.access.intercept.AuthorizationFilter.doFilter(AuthorizationFilter.java:101)
	at org.springframework.security.web.FilterChainProxy$VirtualFilterChain.doFilter(FilterChainProxy.java:374)
	at org.springframework.security.web.access.ExceptionTranslationFilter.doFilter(ExceptionTranslationFilter.java:125)
	at org.springframework.security.web.access.ExceptionTranslationFilter.doFilter(ExceptionTranslationFilter.java:119)
	at org.springframework.security.web.FilterChainProxy$VirtualFilterChain.doFilter(FilterChainProxy.java:374)
	at org.springframework.security.web.session.SessionManagementFilter.doFilter(SessionManagementFilter.java:131)
	at org.springframework.security.web.session.SessionManagementFilter.doFilter(SessionManagementFilter.java:85)
	at org.springframework.security.web.FilterChainProxy$VirtualFilterChain.doFilter(FilterChainProxy.java:374)
	at org.springframework.security.web.authentication.AnonymousAuthenticationFilter.doFilter(AnonymousAuthenticationFilter.java:100)
	at org.springframework.security.web.FilterChainProxy$VirtualFilterChain.doFilter(FilterChainProxy.java:374)
	at org.springframework.security.web.servletapi.SecurityContextHolderAwareRequestFilter.doFilter(SecurityContextHolderAwareRequestFilter.java:179)
	at org.springframework.security.web.FilterChainProxy$VirtualFilterChain.doFilter(FilterChainProxy.java:374)
	at org.springframework.security.web.savedrequest.RequestCacheAwareFilter.doFilter(RequestCacheAwareFilter.java:63)
	at org.springframework.security.web.FilterChainProxy$VirtualFilterChain.doFilter(FilterChainProxy.java:374)
	at org.springframework.security.web.authentication.AuthenticationFilter.doFilterInternal(AuthenticationFilter.java:177)
	at org.springframework.web.filter.OncePerRequestFilter.doFilter(OncePerRequestFilter.java:116)
	at org.springframework.security.web.FilterChainProxy$VirtualFilterChain.doFilter(FilterChainProxy.java:374)
	at org.springframework.security.oauth2.server.resource.web.authentication.BearerTokenAuthenticationFilter.doFilterInternal(BearerTokenAuthenticationFilter.java:135)
	at org.springframework.web.filter.OncePerRequestFilter.doFilter(OncePerRequestFilter.java:116)
	at org.springframework.security.web.FilterChainProxy$VirtualFilterChain.doFilter(FilterChainProxy.java:374)
	at org.springframework.security.web.authentication.logout.LogoutFilter.doFilter(LogoutFilter.java:107)
	at org.springframework.security.web.authentication.logout.LogoutFilter.doFilter(LogoutFilter.java:93)
	at org.springframework.security.web.FilterChainProxy$VirtualFilterChain.doFilter(FilterChainProxy.java:374)
	at org.springframework.security.web.header.HeaderWriterFilter.doHeadersAfter(HeaderWriterFilter.java:90)
	at org.springframework.security.web.header.HeaderWriterFilter.doFilterInternal(HeaderWriterFilter.java:75)
	at org.springframework.web.filter.OncePerRequestFilter.doFilter(OncePerRequestFilter.java:116)
	at org.springframework.security.web.FilterChainProxy$VirtualFilterChain.doFilter(FilterChainProxy.java:374)
	at org.springframework.security.web.context.SecurityContextHolderFilter.doFilter(SecurityContextHolderFilter.java:82)
	at org.springframework.security.web.context.SecurityContextHolderFilter.doFilter(SecurityContextHolderFilter.java:69)
	at org.springframework.security.web.FilterChainProxy$VirtualFilterChain.doFilter(FilterChainProxy.java:374)
	at org.springframework.security.web.context.request.async.WebAsyncManagerIntegrationFilter.doFilterInternal(WebAsyncManagerIntegrationFilter.java:62)
	at org.springframework.web.filter.OncePerRequestFilter.doFilter(OncePerRequestFilter.java:116)
	at org.springframework.security.web.FilterChainProxy$VirtualFilterChain.doFilter(FilterChainProxy.java:374)
	at org.springframework.security.web.session.DisableEncodeUrlFilter.doFilterInternal(DisableEncodeUrlFilter.java:42)
	at org.springframework.web.filter.OncePerRequestFilter.doFilter(OncePerRequestFilter.java:116)
	at org.springframework.security.web.FilterChainProxy$VirtualFilterChain.doFilter(FilterChainProxy.java:374)
	at org.springframework.security.web.FilterChainProxy.doFilterInternal(FilterChainProxy.java:233)
	at org.springframework.security.web.FilterChainProxy.doFilter(FilterChainProxy.java:191)
	at org.springframework.web.filter.CompositeFilter$VirtualFilterChain.doFilter(CompositeFilter.java:113)
	at org.springframework.web.filter.ServletRequestPathFilter.doFilter(ServletRequestPathFilter.java:52)
	at org.springframework.web.filter.CompositeFilter$VirtualFilterChain.doFilter(CompositeFilter.java:113)
	at org.springframework.web.filter.CompositeFilter.doFilter(CompositeFilter.java:74)
	at org.springframework.security.config.annotation.web.configuration.WebSecurityConfiguration$CompositeFilterChainProxy.doFilter(WebSecurityConfiguration.java:319)
	at org.springframework.web.filter.CompositeFilter$VirtualFilterChain.doFilter(CompositeFilter.java:113)
	at org.springframework.web.servlet.handler.HandlerMappingIntrospector.lambda$createCacheFilter$4(HandlerMappingIntrospector.java:267)
	at org.springframework.web.filter.CompositeFilter$VirtualFilterChain.doFilter(CompositeFilter.java:113)
	at org.springframework.web.filter.CompositeFilter.doFilter(CompositeFilter.java:74)
	at org.springframework.security.config.annotation.web.configuration.WebMvcSecurityConfiguration$CompositeFilterChainProxy.doFilter(WebMvcSecurityConfiguration.java:240)
	at org.springframework.web.filter.DelegatingFilterProxy.invokeDelegate(DelegatingFilterProxy.java:362)
	at org.springframework.web.filter.DelegatingFilterProxy.doFilter(DelegatingFilterProxy.java:278)
	at org.apache.catalina.core.ApplicationFilterChain.internalDoFilter(ApplicationFilterChain.java:164)
	at org.apache.catalina.core.ApplicationFilterChain.doFilter(ApplicationFilterChain.java:140)
	at org.springframework.web.filter.RequestContextFilter.doFilterInternal(RequestContextFilter.java:100)
	at org.springframework.web.filter.OncePerRequestFilter.doFilter(OncePerRequestFilter.java:116)
	at org.apache.catalina.core.ApplicationFilterChain.internalDoFilter(ApplicationFilterChain.java:164)
	at org.apache.catalina.core.ApplicationFilterChain.doFilter(ApplicationFilterChain.java:140)
	at org.springframework.web.filter.FormContentFilter.doFilterInternal(FormContentFilter.java:93)
	at org.springframework.web.filter.OncePerRequestFilter.doFilter(OncePerRequestFilter.java:116)
	at org.apache.catalina.core.ApplicationFilterChain.internalDoFilter(ApplicationFilterChain.java:164)
	at org.apache.catalina.core.ApplicationFilterChain.doFilter(ApplicationFilterChain.java:140)
	at org.springframework.web.filter.CharacterEncodingFilter.doFilterInternal(CharacterEncodingFilter.java:201)
	at org.springframework.web.filter.OncePerRequestFilter.doFilter(OncePerRequestFilter.java:116)
	at org.apache.catalina.core.ApplicationFilterChain.internalDoFilter(ApplicationFilterChain.java:164)
	at org.apache.catalina.core.ApplicationFilterChain.doFilter(ApplicationFilterChain.java:140)
	at org.apache.catalina.core.StandardWrapperValve.invoke(StandardWrapperValve.java:167)
	at org.apache.catalina.core.StandardContextValve.invoke(StandardContextValve.java:90)
	at org.apache.catalina.authenticator.AuthenticatorBase.invoke(AuthenticatorBase.java:483)
	at org.apache.catalina.core.StandardHostValve.invoke(StandardHostValve.java:116)
	at org.apache.catalina.valves.ErrorReportValve.invoke(ErrorReportValve.java:93)
	at org.apache.catalina.core.StandardEngineValve.invoke(StandardEngineValve.java:74)
	at org.apache.catalina.connector.CoyoteAdapter.service(CoyoteAdapter.java:344)
	at org.apache.coyote.http11.Http11Processor.service(Http11Processor.java:398)
	at org.apache.coyote.AbstractProcessorLight.process(AbstractProcessorLight.java:63)
	at org.apache.coyote.AbstractProtocol$ConnectionHandler.process(AbstractProtocol.java:903)
	at org.apache.tomcat.util.net.NioEndpoint$SocketProcessor.doRun(NioEndpoint.java:1769)
	at org.apache.tomcat.util.net.SocketProcessorBase.run(SocketProcessorBase.java:52)
	at org.apache.tomcat.util.threads.ThreadPoolExecutor.runWorker(ThreadPoolExecutor.java:1189)
	at org.apache.tomcat.util.threads.ThreadPoolExecutor$Worker.run(ThreadPoolExecutor.java:658)
	at org.apache.tomcat.util.threads.TaskThread$WrappingRunnable.run(TaskThread.java:63)
	at java.base/java.lang.Thread.run(Thread.java:1570)
2025-09-03 22:18:11,314 [INFO] org.hibernate.validator.internal.util.Version [background-preinit] HV000001: Hibernate Validator 8.0.2.Final
2025-09-03 22:18:11,374 [INFO] org.studyeasy.SpringRestdemo.SpringRestdemoApplication [main] Starting SpringRestdemoApplication using Java 22.0.1 with PID 17368 (C:\Spring boot\SpringStarter\OD-MANAGMENT\OD-STARTER\target\classes started by HP in C:\Spring boot\SpringStarter\OD-MANAGMENT\OD-STARTER)
2025-09-03 22:18:11,375 [DEBUG] org.studyeasy.SpringRestdemo.SpringRestdemoApplication [main] Running with Spring Boot v3.5.3, Spring v6.2.8
2025-09-03 22:18:11,375 [INFO] org.studyeasy.SpringRestdemo.SpringRestdemoApplication [main] No active profile set, falling back to 1 default profile: "default"
2025-09-03 22:18:12,511 [INFO] org.springframework.data.repository.config.RepositoryConfigurationDelegate [main] Bootstrapping Spring Data JPA repositories in DEFAULT mode.
2025-09-03 22:18:12,616 [INFO] org.springframework.data.repository.config.RepositoryConfigurationDelegate [main] Finished Spring Data repository scanning in 92 ms. Found 8 JPA repository interfaces.
2025-09-03 22:18:13,388 [INFO] org.springframework.boot.web.embedded.tomcat.TomcatWebServer [main] Tomcat initialized with port 8080 (http)
2025-09-03 22:18:13,401 [INFO] org.apache.coyote.http11.Http11NioProtocol [main] Initializing ProtocolHandler ["http-nio-8080"]
2025-09-03 22:18:13,403 [INFO] org.apache.catalina.core.StandardService [main] Starting service [Tomcat]
2025-09-03 22:18:13,404 [INFO] org.apache.catalina.core.StandardEngine [main] Starting Servlet engine: [Apache Tomcat/10.1.42]
2025-09-03 22:18:13,477 [INFO] org.apache.catalina.core.ContainerBase.[Tomcat].[localhost].[/] [main] Initializing Spring embedded WebApplicationContext
2025-09-03 22:18:13,478 [INFO] org.springframework.boot.web.servlet.context.ServletWebServerApplicationContext [main] Root WebApplicationContext: initialization completed in 2043 ms
2025-09-03 22:18:13,818 [INFO] org.hibernate.jpa.internal.util.LogHelper [main] HHH000204: Processing PersistenceUnitInfo [name: default]
2025-09-03 22:18:13,877 [INFO] org.hibernate.Version [main] HHH000412: Hibernate ORM core version 6.6.18.Final
2025-09-03 22:18:13,902 [INFO] org.hibernate.cache.internal.RegionFactoryInitiator [main] HHH000026: Second-level cache disabled
2025-09-03 22:18:14,167 [INFO] org.springframework.orm.jpa.persistenceunit.SpringPersistenceUnitInfo [main] No LoadTimeWeaver setup: ignoring JPA class transformer
2025-09-03 22:18:14,211 [INFO] com.zaxxer.hikari.HikariDataSource [main] HikariPool-1 - Starting...
2025-09-03 22:18:14,533 [INFO] com.zaxxer.hikari.pool.HikariPool [main] HikariPool-1 - Added connection conn0: url=jdbc:h2:file:./db/db user=ADMIN
2025-09-03 22:18:14,536 [INFO] com.zaxxer.hikari.HikariDataSource [main] HikariPool-1 - Start completed.
2025-09-03 22:18:14,562 [WARN] org.hibernate.orm.deprecation [main] HHH90000025: H2Dialect does not need to be specified explicitly using 'hibernate.dialect' (remove the property setting and it will be selected by default)
2025-09-03 22:18:14,593 [INFO] org.hibernate.orm.connections.pooling [main] HHH10001005: Database info:
	Database JDBC URL [Connecting through datasource 'HikariDataSource (HikariPool-1)']
	Database driver: undefined/unknown
	Database version: 2.3.232
	Autocommit mode: undefined/unknown
	Isolation level: undefined/unknown
	Minimum pool size: undefined/unknown
	Maximum pool size: undefined/unknown
2025-09-03 22:18:15,635 [INFO] org.hibernate.engine.transaction.jta.platform.internal.JtaPlatformInitiator [main] HHH000489: No JTA platform available (set 'hibernate.transaction.jta.platform' to enable JTA platform integration)
2025-09-03 22:18:15,669 [INFO] org.springframework.orm.jpa.LocalContainerEntityManagerFactoryBean [main] Initialized JPA EntityManagerFactory for persistence unit 'default'
2025-09-03 22:18:16,830 [WARN] org.springframework.boot.autoconfigure.orm.jpa.JpaBaseConfiguration$JpaWebConfiguration [main] spring.jpa.open-in-view is enabled by default. Therefore, database queries may be performed during view rendering. Explicitly configure spring.jpa.open-in-view to disable this warning
2025-09-03 22:18:16,849 [INFO] org.springframework.boot.autoconfigure.web.servlet.WelcomePageHandlerMapping [main] Adding welcome page template: index
2025-09-03 22:18:17,691 [WARN] org.springframework.security.config.annotation.authentication.configuration.InitializeUserDetailsBeanManagerConfigurer$InitializeUserDetailsManagerConfigurer [main] Found 3 UserDetailsService beans, with names [accountService, customUserDetailsService, professorService]. Global Authentication Manager will not use a UserDetailsService for username/password login. Consider publishing a single UserDetailsService bean.
2025-09-03 22:18:18,037 [INFO] org.springframework.boot.autoconfigure.h2.H2ConsoleAutoConfiguration [main] H2 console available at '/db-console'. Database available at 'jdbc:h2:file:./db/db'
2025-09-03 22:18:18,099 [INFO] org.apache.coyote.http11.Http11NioProtocol [main] Starting ProtocolHandler ["http-nio-8080"]
2025-09-03 22:18:18,126 [INFO] org.springframework.boot.web.embedded.tomcat.TomcatWebServer [main] Tomcat started on port 8080 (http) with context path '/'
2025-09-03 22:18:18,136 [INFO] org.studyeasy.SpringRestdemo.SpringRestdemoApplication [main] Started SpringRestdemoApplication in 7.354 seconds (process running for 7.889)
2025-09-03 22:18:29,344 [INFO] org.apache.catalina.core.ContainerBase.[Tomcat].[localhost].[/] [http-nio-8080-exec-1] Initializing Spring DispatcherServlet 'dispatcherServlet'
2025-09-03 22:18:29,344 [INFO] org.springframework.web.servlet.DispatcherServlet [http-nio-8080-exec-1] Initializing Servlet 'dispatcherServlet'
2025-09-03 22:18:29,347 [INFO] org.springframework.web.servlet.DispatcherServlet [http-nio-8080-exec-1] Completed initialization in 2 ms
2025-09-03 22:18:29,393 [INFO] org.studyeasy.SpringRestdemo.controller.AuthController [http-nio-8080-exec-1] 📌 Entered professorProfile() endpoint
2025-09-03 22:18:29,393 [DEBUG] org.studyeasy.SpringRestdemo.controller.AuthController [http-nio-8080-exec-1] Looking up professor with register number: A1001
2025-09-03 22:18:29,407 [INFO] org.studyeasy.SpringRestdemo.controller.AuthController [http-nio-8080-exec-1] ✅ Professor found: System Admin
2025-09-03 22:18:29,407 [DEBUG] org.studyeasy.SpringRestdemo.controller.AuthController [http-nio-8080-exec-1] Profile object added to model: ProfessorAccount(id=3, registerNo=A1001, name=System Admin, designation=Administrator, email=admin@univ.com, profName=Lakshman, department=Administration, branch=N/A, age=35, password=$2a$10$0SBSBIusHtlvGOLZKWhc0equUri65aCyqjSqLAEGx2y6gPA0Wij/u, Authorities=ADMIN, students=[])
2025-09-03 22:18:29,414 [INFO] org.studyeasy.SpringRestdemo.controller.AuthController [http-nio-8080-exec-1] ➡️ Returning view: adminProfile
2025-09-03 22:19:46,316 [INFO] org.studyeasy.SpringRestdemo.controller.AuthController [http-nio-8080-exec-5] 📌 Entered professorProfile() endpoint
2025-09-03 22:19:46,316 [DEBUG] org.studyeasy.SpringRestdemo.controller.AuthController [http-nio-8080-exec-5] Looking up professor with register number: A1001
2025-09-03 22:19:46,321 [INFO] org.studyeasy.SpringRestdemo.controller.AuthController [http-nio-8080-exec-5] ✅ Professor found: System Admin
2025-09-03 22:19:46,321 [DEBUG] org.studyeasy.SpringRestdemo.controller.AuthController [http-nio-8080-exec-5] Profile object added to model: ProfessorAccount(id=3, registerNo=A1001, name=System Admin, designation=Administrator, email=admin@univ.com, profName=Lakshman, department=Administration, branch=N/A, age=35, password=$2a$10$0SBSBIusHtlvGOLZKWhc0equUri65aCyqjSqLAEGx2y6gPA0Wij/u, Authorities=ADMIN, students=[])
2025-09-03 22:19:46,322 [INFO] org.studyeasy.SpringRestdemo.controller.AuthController [http-nio-8080-exec-5] ➡️ Returning view: adminProfile
2025-09-03 22:19:47,284 [INFO] org.studyeasy.SpringRestdemo.controller.AuthController [http-nio-8080-exec-7] 📌 Entered professorProfile() endpoint
2025-09-03 22:19:47,284 [DEBUG] org.studyeasy.SpringRestdemo.controller.AuthController [http-nio-8080-exec-7] Looking up professor with register number: A1001
2025-09-03 22:19:47,287 [INFO] org.studyeasy.SpringRestdemo.controller.AuthController [http-nio-8080-exec-7] ✅ Professor found: System Admin
2025-09-03 22:19:47,287 [DEBUG] org.studyeasy.SpringRestdemo.controller.AuthController [http-nio-8080-exec-7] Profile object added to model: ProfessorAccount(id=3, registerNo=A1001, name=System Admin, designation=Administrator, email=admin@univ.com, profName=Lakshman, department=Administration, branch=N/A, age=35, password=$2a$10$0SBSBIusHtlvGOLZKWhc0equUri65aCyqjSqLAEGx2y6gPA0Wij/u, Authorities=ADMIN, students=[])
2025-09-03 22:19:47,288 [INFO] org.studyeasy.SpringRestdemo.controller.AuthController [http-nio-8080-exec-7] ➡️ Returning view: adminProfile
2025-09-03 22:19:47,552 [INFO] org.studyeasy.SpringRestdemo.controller.AuthController [http-nio-8080-exec-9] 📌 Entered professorProfile() endpoint
2025-09-03 22:19:47,552 [DEBUG] org.studyeasy.SpringRestdemo.controller.AuthController [http-nio-8080-exec-9] Looking up professor with register number: A1001
2025-09-03 22:19:47,555 [INFO] org.studyeasy.SpringRestdemo.controller.AuthController [http-nio-8080-exec-9] ✅ Professor found: System Admin
2025-09-03 22:19:47,555 [DEBUG] org.studyeasy.SpringRestdemo.controller.AuthController [http-nio-8080-exec-9] Profile object added to model: ProfessorAccount(id=3, registerNo=A1001, name=System Admin, designation=Administrator, email=admin@univ.com, profName=Lakshman, department=Administration, branch=N/A, age=35, password=$2a$10$0SBSBIusHtlvGOLZKWhc0equUri65aCyqjSqLAEGx2y6gPA0Wij/u, Authorities=ADMIN, students=[])
2025-09-03 22:19:47,556 [INFO] org.studyeasy.SpringRestdemo.controller.AuthController [http-nio-8080-exec-9] ➡️ Returning view: adminProfile
2025-09-03 22:19:47,744 [INFO] org.studyeasy.SpringRestdemo.controller.AuthController [http-nio-8080-exec-1] 📌 Entered professorProfile() endpoint
2025-09-03 22:19:47,744 [DEBUG] org.studyeasy.SpringRestdemo.controller.AuthController [http-nio-8080-exec-1] Looking up professor with register number: A1001
2025-09-03 22:19:47,747 [INFO] org.studyeasy.SpringRestdemo.controller.AuthController [http-nio-8080-exec-1] ✅ Professor found: System Admin
2025-09-03 22:19:47,747 [DEBUG] org.studyeasy.SpringRestdemo.controller.AuthController [http-nio-8080-exec-1] Profile object added to model: ProfessorAccount(id=3, registerNo=A1001, name=System Admin, designation=Administrator, email=admin@univ.com, profName=Lakshman, department=Administration, branch=N/A, age=35, password=$2a$10$0SBSBIusHtlvGOLZKWhc0equUri65aCyqjSqLAEGx2y6gPA0Wij/u, Authorities=ADMIN, students=[])
2025-09-03 22:19:47,748 [INFO] org.studyeasy.SpringRestdemo.controller.AuthController [http-nio-8080-exec-1] ➡️ Returning view: adminProfile
2025-09-03 22:19:47,933 [INFO] org.studyeasy.SpringRestdemo.controller.AuthController [http-nio-8080-exec-10] 📌 Entered professorProfile() endpoint
2025-09-03 22:19:47,933 [DEBUG] org.studyeasy.SpringRestdemo.controller.AuthController [http-nio-8080-exec-10] Looking up professor with register number: A1001
2025-09-03 22:19:47,935 [INFO] org.studyeasy.SpringRestdemo.controller.AuthController [http-nio-8080-exec-10] ✅ Professor found: System Admin
2025-09-03 22:19:47,935 [DEBUG] org.studyeasy.SpringRestdemo.controller.AuthController [http-nio-8080-exec-10] Profile object added to model: ProfessorAccount(id=3, registerNo=A1001, name=System Admin, designation=Administrator, email=admin@univ.com, profName=Lakshman, department=Administration, branch=N/A, age=35, password=$2a$10$0SBSBIusHtlvGOLZKWhc0equUri65aCyqjSqLAEGx2y6gPA0Wij/u, Authorities=ADMIN, students=[])
2025-09-03 22:19:47,936 [INFO] org.studyeasy.SpringRestdemo.controller.AuthController [http-nio-8080-exec-10] ➡️ Returning view: adminProfile
2025-09-03 22:19:51,179 [INFO] org.hibernate.validator.internal.util.Version [background-preinit] HV000001: Hibernate Validator 8.0.2.Final
2025-09-03 22:19:51,235 [INFO] org.studyeasy.SpringRestdemo.SpringRestdemoApplication [main] Starting SpringRestdemoApplication using Java 22.0.1 with PID 18524 (C:\Spring boot\SpringStarter\OD-MANAGMENT\OD-STARTER\target\classes started by HP in C:\Spring boot\SpringStarter\OD-MANAGMENT\OD-STARTER)
2025-09-03 22:19:51,235 [DEBUG] org.studyeasy.SpringRestdemo.SpringRestdemoApplication [main] Running with Spring Boot v3.5.3, Spring v6.2.8
2025-09-03 22:19:51,236 [INFO] org.studyeasy.SpringRestdemo.SpringRestdemoApplication [main] No active profile set, falling back to 1 default profile: "default"
2025-09-03 22:19:52,330 [INFO] org.springframework.data.repository.config.RepositoryConfigurationDelegate [main] Bootstrapping Spring Data JPA repositories in DEFAULT mode.
2025-09-03 22:19:52,432 [INFO] org.springframework.data.repository.config.RepositoryConfigurationDelegate [main] Finished Spring Data repository scanning in 87 ms. Found 8 JPA repository interfaces.
2025-09-03 22:19:53,197 [INFO] org.springframework.boot.web.embedded.tomcat.TomcatWebServer [main] Tomcat initialized with port 8080 (http)
2025-09-03 22:19:53,211 [INFO] org.apache.coyote.http11.Http11NioProtocol [main] Initializing ProtocolHandler ["http-nio-8080"]
2025-09-03 22:19:53,213 [INFO] org.apache.catalina.core.StandardService [main] Starting service [Tomcat]
2025-09-03 22:19:53,214 [INFO] org.apache.catalina.core.StandardEngine [main] Starting Servlet engine: [Apache Tomcat/10.1.42]
2025-09-03 22:19:53,298 [INFO] org.apache.catalina.core.ContainerBase.[Tomcat].[localhost].[/] [main] Initializing Spring embedded WebApplicationContext
2025-09-03 22:19:53,299 [INFO] org.springframework.boot.web.servlet.context.ServletWebServerApplicationContext [main] Root WebApplicationContext: initialization completed in 1999 ms
2025-09-03 22:19:53,610 [INFO] org.hibernate.jpa.internal.util.LogHelper [main] HHH000204: Processing PersistenceUnitInfo [name: default]
2025-09-03 22:19:53,684 [INFO] org.hibernate.Version [main] HHH000412: Hibernate ORM core version 6.6.18.Final
2025-09-03 22:19:53,710 [INFO] org.hibernate.cache.internal.RegionFactoryInitiator [main] HHH000026: Second-level cache disabled
2025-09-03 22:19:53,963 [INFO] org.springframework.orm.jpa.persistenceunit.SpringPersistenceUnitInfo [main] No LoadTimeWeaver setup: ignoring JPA class transformer
2025-09-03 22:19:53,982 [INFO] com.zaxxer.hikari.HikariDataSource [main] HikariPool-1 - Starting...
2025-09-03 22:19:54,204 [INFO] com.zaxxer.hikari.pool.HikariPool [main] HikariPool-1 - Added connection conn0: url=jdbc:h2:file:./db/db user=ADMIN
2025-09-03 22:19:54,206 [INFO] com.zaxxer.hikari.HikariDataSource [main] HikariPool-1 - Start completed.
2025-09-03 22:19:54,233 [WARN] org.hibernate.orm.deprecation [main] HHH90000025: H2Dialect does not need to be specified explicitly using 'hibernate.dialect' (remove the property setting and it will be selected by default)
2025-09-03 22:19:54,279 [INFO] org.hibernate.orm.connections.pooling [main] HHH10001005: Database info:
	Database JDBC URL [Connecting through datasource 'HikariDataSource (HikariPool-1)']
	Database driver: undefined/unknown
	Database version: 2.3.232
	Autocommit mode: undefined/unknown
	Isolation level: undefined/unknown
	Minimum pool size: undefined/unknown
	Maximum pool size: undefined/unknown
2025-09-03 22:19:55,383 [INFO] org.hibernate.engine.transaction.jta.platform.internal.JtaPlatformInitiator [main] HHH000489: No JTA platform available (set 'hibernate.transaction.jta.platform' to enable JTA platform integration)
2025-09-03 22:19:55,431 [INFO] org.springframework.orm.jpa.LocalContainerEntityManagerFactoryBean [main] Initialized JPA EntityManagerFactory for persistence unit 'default'
2025-09-03 22:19:56,618 [WARN] org.springframework.boot.autoconfigure.orm.jpa.JpaBaseConfiguration$JpaWebConfiguration [main] spring.jpa.open-in-view is enabled by default. Therefore, database queries may be performed during view rendering. Explicitly configure spring.jpa.open-in-view to disable this warning
2025-09-03 22:19:56,682 [INFO] org.springframework.boot.autoconfigure.web.servlet.WelcomePageHandlerMapping [main] Adding welcome page template: index
2025-09-03 22:19:57,535 [WARN] org.springframework.security.config.annotation.authentication.configuration.InitializeUserDetailsBeanManagerConfigurer$InitializeUserDetailsManagerConfigurer [main] Found 3 UserDetailsService beans, with names [accountService, customUserDetailsService, professorService]. Global Authentication Manager will not use a UserDetailsService for username/password login. Consider publishing a single UserDetailsService bean.
2025-09-03 22:19:57,880 [INFO] org.springframework.boot.autoconfigure.h2.H2ConsoleAutoConfiguration [main] H2 console available at '/db-console'. Database available at 'jdbc:h2:file:./db/db'
2025-09-03 22:19:57,934 [INFO] org.apache.coyote.http11.Http11NioProtocol [main] Starting ProtocolHandler ["http-nio-8080"]
2025-09-03 22:19:57,962 [INFO] org.springframework.boot.web.embedded.tomcat.TomcatWebServer [main] Tomcat started on port 8080 (http) with context path '/'
2025-09-03 22:19:57,970 [INFO] org.studyeasy.SpringRestdemo.SpringRestdemoApplication [main] Started SpringRestdemoApplication in 7.31 seconds (process running for 7.777)
2025-09-03 22:19:58,030 [INFO] org.apache.catalina.core.ContainerBase.[Tomcat].[localhost].[/] [http-nio-8080-exec-1] Initializing Spring DispatcherServlet 'dispatcherServlet'
2025-09-03 22:19:58,030 [INFO] org.springframework.web.servlet.DispatcherServlet [http-nio-8080-exec-1] Initializing Servlet 'dispatcherServlet'
2025-09-03 22:19:58,031 [INFO] org.springframework.web.servlet.DispatcherServlet [http-nio-8080-exec-1] Completed initialization in 1 ms
2025-09-03 22:19:58,092 [INFO] org.studyeasy.SpringRestdemo.controller.AuthController [http-nio-8080-exec-1] 📌 Entered professorProfile() endpoint
2025-09-03 22:19:58,093 [DEBUG] org.studyeasy.SpringRestdemo.controller.AuthController [http-nio-8080-exec-1] Looking up professor with register number: A1001
2025-09-03 22:19:58,151 [INFO] org.studyeasy.SpringRestdemo.controller.AuthController [http-nio-8080-exec-1] ✅ Professor found: System Admin
2025-09-03 22:19:58,152 [DEBUG] org.studyeasy.SpringRestdemo.controller.AuthController [http-nio-8080-exec-1] Profile object added to model: ProfessorAccount(id=3, registerNo=A1001, name=System Admin, designation=Administrator, email=admin@univ.com, profName=Lakshman, department=Administration, branch=N/A, age=35, password=$2a$10$0SBSBIusHtlvGOLZKWhc0equUri65aCyqjSqLAEGx2y6gPA0Wij/u, Authorities=ADMIN, students=[])
2025-09-03 22:19:58,167 [INFO] org.studyeasy.SpringRestdemo.controller.AuthController [http-nio-8080-exec-1] ➡️ Returning view: adminProfile
2025-09-03 22:20:00,724 [INFO] org.studyeasy.SpringRestdemo.controller.AuthController [http-nio-8080-exec-8] 📌 Entered professorProfile() endpoint
2025-09-03 22:20:00,724 [DEBUG] org.studyeasy.SpringRestdemo.controller.AuthController [http-nio-8080-exec-8] Looking up professor with register number: A1001
2025-09-03 22:20:00,728 [INFO] org.studyeasy.SpringRestdemo.controller.AuthController [http-nio-8080-exec-8] ✅ Professor found: System Admin
2025-09-03 22:20:00,729 [DEBUG] org.studyeasy.SpringRestdemo.controller.AuthController [http-nio-8080-exec-8] Profile object added to model: ProfessorAccount(id=3, registerNo=A1001, name=System Admin, designation=Administrator, email=admin@univ.com, profName=Lakshman, department=Administration, branch=N/A, age=35, password=$2a$10$0SBSBIusHtlvGOLZKWhc0equUri65aCyqjSqLAEGx2y6gPA0Wij/u, Authorities=ADMIN, students=[])
2025-09-03 22:20:00,730 [INFO] org.studyeasy.SpringRestdemo.controller.AuthController [http-nio-8080-exec-8] ➡️ Returning view: adminProfile
2025-09-03 22:21:24,299 [INFO] org.studyeasy.SpringRestdemo.controller.AuthController [http-nio-8080-exec-10] 📌 Entered professorProfile() endpoint
2025-09-03 22:21:24,299 [DEBUG] org.studyeasy.SpringRestdemo.controller.AuthController [http-nio-8080-exec-10] Looking up professor with register number: A1001
2025-09-03 22:21:24,305 [INFO] org.studyeasy.SpringRestdemo.controller.AuthController [http-nio-8080-exec-10] ✅ Professor found: System Admin
2025-09-03 22:21:24,305 [DEBUG] org.studyeasy.SpringRestdemo.controller.AuthController [http-nio-8080-exec-10] Profile object added to model: ProfessorAccount(id=3, registerNo=A1001, name=System Admin, designation=Administrator, email=admin@univ.com, profName=Lakshman, department=Administration, branch=CSE, age=35, password=$2a$10$0SBSBIusHtlvGOLZKWhc0equUri65aCyqjSqLAEGx2y6gPA0Wij/u, Authorities=ADMIN, students=[])
2025-09-03 22:21:24,307 [INFO] org.studyeasy.SpringRestdemo.controller.AuthController [http-nio-8080-exec-10] ➡️ Returning view: adminProfile
2025-09-03 22:21:25,015 [INFO] org.studyeasy.SpringRestdemo.controller.AuthController [http-nio-8080-exec-6] 📌 Entered professorProfile() endpoint
2025-09-03 22:21:25,015 [DEBUG] org.studyeasy.SpringRestdemo.controller.AuthController [http-nio-8080-exec-6] Looking up professor with register number: A1001
2025-09-03 22:21:25,020 [INFO] org.studyeasy.SpringRestdemo.controller.AuthController [http-nio-8080-exec-6] ✅ Professor found: System Admin
2025-09-03 22:21:25,020 [DEBUG] org.studyeasy.SpringRestdemo.controller.AuthController [http-nio-8080-exec-6] Profile object added to model: ProfessorAccount(id=3, registerNo=A1001, name=System Admin, designation=Administrator, email=admin@univ.com, profName=Lakshman, department=Administration, branch=CSE, age=35, password=$2a$10$0SBSBIusHtlvGOLZKWhc0equUri65aCyqjSqLAEGx2y6gPA0Wij/u, Authorities=ADMIN, students=[])
2025-09-03 22:21:25,021 [INFO] org.studyeasy.SpringRestdemo.controller.AuthController [http-nio-8080-exec-6] ➡️ Returning view: adminProfile
2025-09-03 22:21:25,650 [INFO] org.studyeasy.SpringRestdemo.controller.AuthController [http-nio-8080-exec-3] 📌 Entered professorProfile() endpoint
2025-09-03 22:21:25,650 [DEBUG] org.studyeasy.SpringRestdemo.controller.AuthController [http-nio-8080-exec-3] Looking up professor with register number: A1001
2025-09-03 22:21:25,655 [INFO] org.studyeasy.SpringRestdemo.controller.AuthController [http-nio-8080-exec-3] ✅ Professor found: System Admin
2025-09-03 22:21:25,655 [DEBUG] org.studyeasy.SpringRestdemo.controller.AuthController [http-nio-8080-exec-3] Profile object added to model: ProfessorAccount(id=3, registerNo=A1001, name=System Admin, designation=Administrator, email=admin@univ.com, profName=Lakshman, department=Administration, branch=CSE, age=35, password=$2a$10$0SBSBIusHtlvGOLZKWhc0equUri65aCyqjSqLAEGx2y6gPA0Wij/u, Authorities=ADMIN, students=[])
2025-09-03 22:21:25,657 [INFO] org.studyeasy.SpringRestdemo.controller.AuthController [http-nio-8080-exec-3] ➡️ Returning view: adminProfile
2025-09-03 22:21:28,589 [INFO] org.studyeasy.SpringRestdemo.controller.AuthController [http-nio-8080-exec-1] 📌 Entered professorProfile() endpoint
2025-09-03 22:21:28,589 [DEBUG] org.studyeasy.SpringRestdemo.controller.AuthController [http-nio-8080-exec-1] Looking up professor with register number: A1001
2025-09-03 22:21:28,595 [INFO] org.studyeasy.SpringRestdemo.controller.AuthController [http-nio-8080-exec-1] ✅ Professor found: System Admin
2025-09-03 22:21:28,596 [DEBUG] org.studyeasy.SpringRestdemo.controller.AuthController [http-nio-8080-exec-1] Profile object added to model: ProfessorAccount(id=3, registerNo=A1001, name=System Admin, designation=Administrator, email=admin@univ.com, profName=Lakshman, department=Administration, branch=CSE, age=35, password=$2a$10$0SBSBIusHtlvGOLZKWhc0equUri65aCyqjSqLAEGx2y6gPA0Wij/u, Authorities=ADMIN, students=[])
2025-09-03 22:21:28,598 [INFO] org.studyeasy.SpringRestdemo.controller.AuthController [http-nio-8080-exec-1] ➡️ Returning view: adminProfile
2025-09-03 23:30:54,347 [INFO] org.hibernate.validator.internal.util.Version [background-preinit] HV000001: Hibernate Validator 8.0.2.Final
2025-09-03 23:30:54,408 [INFO] org.studyeasy.SpringRestdemo.SpringRestdemoApplication [main] Starting SpringRestdemoApplication using Java 22.0.1 with PID 19228 (C:\Spring boot\SpringStarter\OD-MANAGMENT\OD-STARTER\target\classes started by HP in C:\Spring boot\SpringStarter\OD-MANAGMENT\OD-STARTER)
2025-09-03 23:30:54,409 [DEBUG] org.studyeasy.SpringRestdemo.SpringRestdemoApplication [main] Running with Spring Boot v3.5.3, Spring v6.2.8
2025-09-03 23:30:54,410 [INFO] org.studyeasy.SpringRestdemo.SpringRestdemoApplication [main] No active profile set, falling back to 1 default profile: "default"
2025-09-03 23:30:55,505 [INFO] org.springframework.data.repository.config.RepositoryConfigurationDelegate [main] Bootstrapping Spring Data JPA repositories in DEFAULT mode.
2025-09-03 23:30:55,603 [INFO] org.springframework.data.repository.config.RepositoryConfigurationDelegate [main] Finished Spring Data repository scanning in 83 ms. Found 8 JPA repository interfaces.
2025-09-03 23:30:56,380 [INFO] org.springframework.boot.web.embedded.tomcat.TomcatWebServer [main] Tomcat initialized with port 8080 (http)
2025-09-03 23:30:56,397 [INFO] org.apache.coyote.http11.Http11NioProtocol [main] Initializing ProtocolHandler ["http-nio-8080"]
2025-09-03 23:30:56,399 [INFO] org.apache.catalina.core.StandardService [main] Starting service [Tomcat]
2025-09-03 23:30:56,400 [INFO] org.apache.catalina.core.StandardEngine [main] Starting Servlet engine: [Apache Tomcat/10.1.42]
2025-09-03 23:30:56,490 [INFO] org.apache.catalina.core.ContainerBase.[Tomcat].[localhost].[/] [main] Initializing Spring embedded WebApplicationContext
2025-09-03 23:30:56,492 [INFO] org.springframework.boot.web.servlet.context.ServletWebServerApplicationContext [main] Root WebApplicationContext: initialization completed in 2021 ms
2025-09-03 23:30:56,817 [INFO] org.hibernate.jpa.internal.util.LogHelper [main] HHH000204: Processing PersistenceUnitInfo [name: default]
2025-09-03 23:30:56,905 [INFO] org.hibernate.Version [main] HHH000412: Hibernate ORM core version 6.6.18.Final
2025-09-03 23:30:56,933 [INFO] org.hibernate.cache.internal.RegionFactoryInitiator [main] HHH000026: Second-level cache disabled
2025-09-03 23:30:57,283 [INFO] org.springframework.orm.jpa.persistenceunit.SpringPersistenceUnitInfo [main] No LoadTimeWeaver setup: ignoring JPA class transformer
2025-09-03 23:30:57,312 [INFO] com.zaxxer.hikari.HikariDataSource [main] HikariPool-1 - Starting...
2025-09-03 23:30:57,788 [INFO] com.zaxxer.hikari.pool.HikariPool [main] HikariPool-1 - Added connection conn0: url=jdbc:h2:file:./db/db user=ADMIN
2025-09-03 23:30:57,792 [INFO] com.zaxxer.hikari.HikariDataSource [main] HikariPool-1 - Start completed.
2025-09-03 23:30:57,817 [WARN] org.hibernate.orm.deprecation [main] HHH90000025: H2Dialect does not need to be specified explicitly using 'hibernate.dialect' (remove the property setting and it will be selected by default)
2025-09-03 23:30:57,847 [INFO] org.hibernate.orm.connections.pooling [main] HHH10001005: Database info:
	Database JDBC URL [Connecting through datasource 'HikariDataSource (HikariPool-1)']
	Database driver: undefined/unknown
	Database version: 2.3.232
	Autocommit mode: undefined/unknown
	Isolation level: undefined/unknown
	Minimum pool size: undefined/unknown
	Maximum pool size: undefined/unknown
2025-09-03 23:30:59,185 [INFO] org.hibernate.engine.transaction.jta.platform.internal.JtaPlatformInitiator [main] HHH000489: No JTA platform available (set 'hibernate.transaction.jta.platform' to enable JTA platform integration)
2025-09-03 23:30:59,258 [INFO] org.springframework.orm.jpa.LocalContainerEntityManagerFactoryBean [main] Initialized JPA EntityManagerFactory for persistence unit 'default'
2025-09-03 23:31:00,496 [WARN] org.springframework.boot.autoconfigure.orm.jpa.JpaBaseConfiguration$JpaWebConfiguration [main] spring.jpa.open-in-view is enabled by default. Therefore, database queries may be performed during view rendering. Explicitly configure spring.jpa.open-in-view to disable this warning
2025-09-03 23:31:00,521 [INFO] org.springframework.boot.autoconfigure.web.servlet.WelcomePageHandlerMapping [main] Adding welcome page template: index
2025-09-03 23:31:01,300 [WARN] org.springframework.security.config.annotation.authentication.configuration.InitializeUserDetailsBeanManagerConfigurer$InitializeUserDetailsManagerConfigurer [main] Found 3 UserDetailsService beans, with names [accountService, customUserDetailsService, professorService]. Global Authentication Manager will not use a UserDetailsService for username/password login. Consider publishing a single UserDetailsService bean.
2025-09-03 23:31:01,711 [INFO] org.springframework.boot.autoconfigure.h2.H2ConsoleAutoConfiguration [main] H2 console available at '/db-console'. Database available at 'jdbc:h2:file:./db/db'
2025-09-03 23:31:01,772 [INFO] org.apache.coyote.http11.Http11NioProtocol [main] Starting ProtocolHandler ["http-nio-8080"]
2025-09-03 23:31:01,818 [INFO] org.springframework.boot.web.embedded.tomcat.TomcatWebServer [main] Tomcat started on port 8080 (http) with context path '/'
2025-09-03 23:31:01,828 [INFO] org.studyeasy.SpringRestdemo.SpringRestdemoApplication [main] Started SpringRestdemoApplication in 8.016 seconds (process running for 8.349)
