2025-09-12 19:40:06,602 [INFO] org.hibernate.validator.internal.util.Version [background-preinit] HV000001: Hibernate Validator 8.0.2.Final
2025-09-12 19:40:06,758 [INFO] org.studyeasy.SpringRestdemo.SpringRestdemoApplication [main] Starting SpringRestdemoApplication using Java 17.0.15 with PID 20588 (D:\5TH SEMESTER\MAJOR PROJECTS\OD-MANAGMENT\backend\OD-STARTER\target\classes started by Teja in D:\5TH SEMESTER\MAJOR PROJECTS\OD-MANAGMENT\backend\OD-STARTER)
2025-09-12 19:40:06,760 [DEBUG] org.studyeasy.SpringRestdemo.SpringRestdemoApplication [main] Running with Spring Boot v3.5.3, Spring v6.2.8
2025-09-12 19:40:06,761 [INFO] org.studyeasy.SpringRestdemo.SpringRestdemoApplication [main] No active profile set, falling back to 1 default profile: "default"
2025-09-12 19:40:10,375 [INFO] org.springframework.data.repository.config.RepositoryConfigurationDelegate [main] Bootstrapping Spring Data JPA repositories in DEFAULT mode.
2025-09-12 19:40:10,647 [INFO] org.springframework.data.repository.config.RepositoryConfigurationDelegate [main] Finished Spring Data repository scanning in 239 ms. Found 8 JPA repository interfaces.
2025-09-12 19:40:12,859 [INFO] org.springframework.boot.web.embedded.tomcat.TomcatWebServer [main] Tomcat initialized with port 8080 (http)
2025-09-12 19:40:12,914 [INFO] org.apache.coyote.http11.Http11NioProtocol [main] Initializing ProtocolHandler ["http-nio-8080"]
2025-09-12 19:40:12,920 [INFO] org.apache.catalina.core.StandardService [main] Starting service [Tomcat]
2025-09-12 19:40:12,921 [INFO] org.apache.catalina.core.StandardEngine [main] Starting Servlet engine: [Apache Tomcat/10.1.42]
2025-09-12 19:40:13,241 [INFO] org.apache.catalina.core.ContainerBase.[Tomcat].[localhost].[/] [main] Initializing Spring embedded WebApplicationContext
2025-09-12 19:40:13,247 [INFO] org.springframework.boot.web.servlet.context.ServletWebServerApplicationContext [main] Root WebApplicationContext: initialization completed in 6303 ms
2025-09-12 19:40:13,849 [INFO] org.hibernate.jpa.internal.util.LogHelper [main] HHH000204: Processing PersistenceUnitInfo [name: default]
2025-09-12 19:40:14,104 [INFO] org.hibernate.Version [main] HHH000412: Hibernate ORM core version 6.6.18.Final
2025-09-12 19:40:14,239 [INFO] org.hibernate.cache.internal.RegionFactoryInitiator [main] HHH000026: Second-level cache disabled
2025-09-12 19:40:15,278 [INFO] org.springframework.orm.jpa.persistenceunit.SpringPersistenceUnitInfo [main] No LoadTimeWeaver setup: ignoring JPA class transformer
2025-09-12 19:40:15,422 [INFO] com.zaxxer.hikari.HikariDataSource [main] HikariPool-1 - Starting...
2025-09-12 19:40:16,305 [INFO] com.zaxxer.hikari.pool.HikariPool [main] HikariPool-1 - Added connection conn0: url=jdbc:h2:file:./db/db user=ADMIN
2025-09-12 19:40:16,312 [INFO] com.zaxxer.hikari.HikariDataSource [main] HikariPool-1 - Start completed.
2025-09-12 19:40:16,407 [WARN] org.hibernate.orm.deprecation [main] HHH90000025: H2Dialect does not need to be specified explicitly using 'hibernate.dialect' (remove the property setting and it will be selected by default)
2025-09-12 19:40:16,488 [INFO] org.hibernate.orm.connections.pooling [main] HHH10001005: Database info:
	Database JDBC URL [Connecting through datasource 'HikariDataSource (HikariPool-1)']
	Database driver: undefined/unknown
	Database version: 2.3.232
	Autocommit mode: undefined/unknown
	Isolation level: undefined/unknown
	Minimum pool size: undefined/unknown
	Maximum pool size: undefined/unknown
2025-09-12 19:40:19,301 [INFO] org.hibernate.engine.transaction.jta.platform.internal.JtaPlatformInitiator [main] HHH000489: No JTA platform available (set 'hibernate.transaction.jta.platform' to enable JTA platform integration)
2025-09-12 19:40:19,398 [INFO] org.springframework.orm.jpa.LocalContainerEntityManagerFactoryBean [main] Initialized JPA EntityManagerFactory for persistence unit 'default'
2025-09-12 19:40:20,696 [INFO] org.studyeasy.SpringRestdemo.security.WebSecurityConfig [main] PasswordEncoder (BCrypt) bean initialized
2025-09-12 19:40:21,639 [WARN] org.springframework.boot.autoconfigure.orm.jpa.JpaBaseConfiguration$JpaWebConfiguration [main] spring.jpa.open-in-view is enabled by default. Therefore, database queries may be performed during view rendering. Explicitly configure spring.jpa.open-in-view to disable this warning
2025-09-12 19:40:24,459 [INFO] org.springframework.security.config.annotation.authentication.configuration.InitializeAuthenticationProviderBeanManagerConfigurer$InitializeAuthenticationProviderManagerConfigurer [main] Global AuthenticationManager configured with AuthenticationProvider bean with name authenticationProvider
2025-09-12 19:40:24,460 [WARN] org.springframework.security.config.annotation.authentication.configuration.InitializeUserDetailsBeanManagerConfigurer$InitializeUserDetailsManagerConfigurer [main] Global AuthenticationManager configured with an AuthenticationProvider bean. UserDetailsService beans will not be used by Spring Security for automatically configuring username/password login. Consider removing the AuthenticationProvider bean. Alternatively, consider using the UserDetailsService in a manually instantiated DaoAuthenticationProvider. If the current configuration is intentional, to turn off this warning, increase the logging level of 'org.springframework.security.config.annotation.authentication.configuration.InitializeUserDetailsBeanManagerConfigurer' to ERROR
2025-09-12 19:40:24,720 [INFO] org.studyeasy.SpringRestdemo.security.WebSecurityConfig [main] Configuring SecurityFilterChain...
2025-09-12 19:40:24,743 [INFO] org.studyeasy.SpringRestdemo.security.WebSecurityConfig [main] Setting up request authorization rules...
2025-09-12 19:40:24,863 [INFO] org.studyeasy.SpringRestdemo.security.WebSecurityConfig [main] Custom form login configuration enabled
2025-09-12 19:40:24,886 [INFO] org.studyeasy.SpringRestdemo.security.WebSecurityConfig [main] Logout configuration enabled
2025-09-12 19:40:24,887 [INFO] org.studyeasy.SpringRestdemo.security.WebSecurityConfig [main] Disabling CSRF protection (make sure this is safe for your app!)
2025-09-12 19:40:24,900 [INFO] org.studyeasy.SpringRestdemo.security.WebSecurityConfig [main] Disabling frame options (for H2 console, etc.)
2025-09-12 19:40:24,901 [INFO] org.studyeasy.SpringRestdemo.security.WebSecurityConfig [main] SecurityFilterChain built successfully
2025-09-12 19:40:25,913 [INFO] org.springframework.boot.autoconfigure.h2.H2ConsoleAutoConfiguration [main] H2 console available at '/db-console'. Database available at 'jdbc:h2:file:./db/db'
2025-09-12 19:40:26,144 [INFO] org.apache.coyote.http11.Http11NioProtocol [main] Starting ProtocolHandler ["http-nio-8080"]
2025-09-12 19:40:26,281 [INFO] org.springframework.boot.web.embedded.tomcat.TomcatWebServer [main] Tomcat started on port 8080 (http) with context path '/'
2025-09-12 19:40:26,324 [INFO] org.studyeasy.SpringRestdemo.SpringRestdemoApplication [main] Started SpringRestdemoApplication in 21.439 seconds (process running for 22.337)
2025-09-12 19:40:26,471 [INFO] org.apache.catalina.core.ContainerBase.[Tomcat].[localhost].[/] [http-nio-8080-exec-1] Initializing Spring DispatcherServlet 'dispatcherServlet'
2025-09-12 19:40:26,471 [INFO] org.springframework.web.servlet.DispatcherServlet [http-nio-8080-exec-1] Initializing Servlet 'dispatcherServlet'
2025-09-12 19:40:26,476 [INFO] org.springframework.web.servlet.DispatcherServlet [http-nio-8080-exec-1] Completed initialization in 4 ms
2025-09-12 19:40:43,148 [INFO] org.studyeasy.SpringRestdemo.service.AccountService [http-nio-8080-exec-9] Attempting to authenticate user with registerNo: 
2025-09-12 19:40:43,200 [WARN] org.studyeasy.SpringRestdemo.service.AccountService [http-nio-8080-exec-9] Authentication failed ? Account not found for registerNo: 
2025-09-12 19:40:43,364 [ERROR] org.studyeasy.SpringRestdemo.security.WebSecurityConfig [http-nio-8080-exec-9] Login failed for user null: Bad credentials
2025-09-12 19:40:43,365 [INFO] org.studyeasy.SpringRestdemo.security.WebSecurityConfig [http-nio-8080-exec-9] Param registerNo = admin
2025-09-12 19:40:43,365 [INFO] org.studyeasy.SpringRestdemo.security.WebSecurityConfig [http-nio-8080-exec-9] Param password = pass987
2025-09-12 19:42:01,639 [INFO] org.studyeasy.SpringRestdemo.service.AccountService [http-nio-8080-exec-6] Attempting to authenticate user with registerNo: 
2025-09-12 19:42:01,648 [WARN] org.studyeasy.SpringRestdemo.service.AccountService [http-nio-8080-exec-6] Authentication failed ? Account not found for registerNo: 
2025-09-12 19:42:02,007 [ERROR] org.studyeasy.SpringRestdemo.security.WebSecurityConfig [http-nio-8080-exec-6] Login failed for user null: Bad credentials
2025-09-12 19:42:02,011 [INFO] org.studyeasy.SpringRestdemo.security.WebSecurityConfig [http-nio-8080-exec-6] Param registerNo = 43111086
2025-09-12 19:42:02,017 [INFO] org.studyeasy.SpringRestdemo.security.WebSecurityConfig [http-nio-8080-exec-6] Param password = pass987
2025-09-12 19:46:08,384 [INFO] org.hibernate.validator.internal.util.Version [background-preinit] HV000001: Hibernate Validator 8.0.2.Final
2025-09-12 19:46:08,544 [INFO] org.studyeasy.SpringRestdemo.SpringRestdemoApplication [main] Starting SpringRestdemoApplication using Java 17.0.15 with PID 572 (D:\5TH SEMESTER\MAJOR PROJECTS\OD-MANAGMENT\backend\OD-STARTER\target\classes started by Teja in D:\5TH SEMESTER\MAJOR PROJECTS\OD-MANAGMENT\backend\OD-STARTER)
2025-09-12 19:46:08,545 [DEBUG] org.studyeasy.SpringRestdemo.SpringRestdemoApplication [main] Running with Spring Boot v3.5.3, Spring v6.2.8
2025-09-12 19:46:08,547 [INFO] org.studyeasy.SpringRestdemo.SpringRestdemoApplication [main] No active profile set, falling back to 1 default profile: "default"
2025-09-12 19:46:11,259 [INFO] org.springframework.data.repository.config.RepositoryConfigurationDelegate [main] Bootstrapping Spring Data JPA repositories in DEFAULT mode.
2025-09-12 19:46:11,472 [INFO] org.springframework.data.repository.config.RepositoryConfigurationDelegate [main] Finished Spring Data repository scanning in 189 ms. Found 8 JPA repository interfaces.
2025-09-12 19:46:14,048 [INFO] org.springframework.boot.web.embedded.tomcat.TomcatWebServer [main] Tomcat initialized with port 8080 (http)
2025-09-12 19:46:14,075 [INFO] org.apache.coyote.http11.Http11NioProtocol [main] Initializing ProtocolHandler ["http-nio-8080"]
2025-09-12 19:46:14,081 [INFO] org.apache.catalina.core.StandardService [main] Starting service [Tomcat]
2025-09-12 19:46:14,081 [INFO] org.apache.catalina.core.StandardEngine [main] Starting Servlet engine: [Apache Tomcat/10.1.42]
2025-09-12 19:46:14,289 [INFO] org.apache.catalina.core.ContainerBase.[Tomcat].[localhost].[/] [main] Initializing Spring embedded WebApplicationContext
2025-09-12 19:46:14,304 [INFO] org.springframework.boot.web.servlet.context.ServletWebServerApplicationContext [main] Root WebApplicationContext: initialization completed in 5598 ms
2025-09-12 19:46:14,878 [INFO] org.hibernate.jpa.internal.util.LogHelper [main] HHH000204: Processing PersistenceUnitInfo [name: default]
2025-09-12 19:46:15,123 [INFO] org.hibernate.Version [main] HHH000412: Hibernate ORM core version 6.6.18.Final
2025-09-12 19:46:15,279 [INFO] org.hibernate.cache.internal.RegionFactoryInitiator [main] HHH000026: Second-level cache disabled
2025-09-12 19:46:16,052 [INFO] org.springframework.orm.jpa.persistenceunit.SpringPersistenceUnitInfo [main] No LoadTimeWeaver setup: ignoring JPA class transformer
2025-09-12 19:46:16,253 [INFO] com.zaxxer.hikari.HikariDataSource [main] HikariPool-1 - Starting...
2025-09-12 19:46:16,963 [INFO] com.zaxxer.hikari.pool.HikariPool [main] HikariPool-1 - Added connection conn0: url=jdbc:h2:file:./db/db user=ADMIN
2025-09-12 19:46:16,965 [INFO] com.zaxxer.hikari.HikariDataSource [main] HikariPool-1 - Start completed.
2025-09-12 19:46:17,021 [WARN] org.hibernate.orm.deprecation [main] HHH90000025: H2Dialect does not need to be specified explicitly using 'hibernate.dialect' (remove the property setting and it will be selected by default)
2025-09-12 19:46:17,064 [INFO] org.hibernate.orm.connections.pooling [main] HHH10001005: Database info:
	Database JDBC URL [Connecting through datasource 'HikariDataSource (HikariPool-1)']
	Database driver: undefined/unknown
	Database version: 2.3.232
	Autocommit mode: undefined/unknown
	Isolation level: undefined/unknown
	Minimum pool size: undefined/unknown
	Maximum pool size: undefined/unknown
2025-09-12 19:46:24,176 [INFO] org.hibernate.engine.transaction.jta.platform.internal.JtaPlatformInitiator [main] HHH000489: No JTA platform available (set 'hibernate.transaction.jta.platform' to enable JTA platform integration)
2025-09-12 19:46:24,255 [INFO] org.springframework.orm.jpa.LocalContainerEntityManagerFactoryBean [main] Initialized JPA EntityManagerFactory for persistence unit 'default'
2025-09-12 19:46:25,180 [INFO] org.studyeasy.SpringRestdemo.security.WebSecurityConfig [main] PasswordEncoder (BCrypt) bean initialized
2025-09-12 19:46:26,212 [WARN] org.springframework.boot.autoconfigure.orm.jpa.JpaBaseConfiguration$JpaWebConfiguration [main] spring.jpa.open-in-view is enabled by default. Therefore, database queries may be performed during view rendering. Explicitly configure spring.jpa.open-in-view to disable this warning
2025-09-12 19:46:28,683 [INFO] org.springframework.security.config.annotation.authentication.configuration.InitializeAuthenticationProviderBeanManagerConfigurer$InitializeAuthenticationProviderManagerConfigurer [main] Global AuthenticationManager configured with AuthenticationProvider bean with name authenticationProvider
2025-09-12 19:46:28,685 [WARN] org.springframework.security.config.annotation.authentication.configuration.InitializeUserDetailsBeanManagerConfigurer$InitializeUserDetailsManagerConfigurer [main] Global AuthenticationManager configured with an AuthenticationProvider bean. UserDetailsService beans will not be used by Spring Security for automatically configuring username/password login. Consider removing the AuthenticationProvider bean. Alternatively, consider using the UserDetailsService in a manually instantiated DaoAuthenticationProvider. If the current configuration is intentional, to turn off this warning, increase the logging level of 'org.springframework.security.config.annotation.authentication.configuration.InitializeUserDetailsBeanManagerConfigurer' to ERROR
2025-09-12 19:46:28,825 [INFO] org.studyeasy.SpringRestdemo.security.WebSecurityConfig [main] Configuring SecurityFilterChain...
2025-09-12 19:46:28,839 [INFO] org.studyeasy.SpringRestdemo.security.WebSecurityConfig [main] Setting up request authorization rules...
2025-09-12 19:46:28,923 [INFO] org.studyeasy.SpringRestdemo.security.WebSecurityConfig [main] Custom form login configuration enabled
2025-09-12 19:46:28,926 [INFO] org.studyeasy.SpringRestdemo.security.WebSecurityConfig [main] Logout configuration enabled
2025-09-12 19:46:28,927 [INFO] org.studyeasy.SpringRestdemo.security.WebSecurityConfig [main] Disabling CSRF protection (make sure this is safe for your app!)
2025-09-12 19:46:28,929 [INFO] org.studyeasy.SpringRestdemo.security.WebSecurityConfig [main] Disabling frame options (for H2 console, etc.)
2025-09-12 19:46:28,929 [INFO] org.studyeasy.SpringRestdemo.security.WebSecurityConfig [main] SecurityFilterChain built successfully
2025-09-12 19:46:29,605 [INFO] org.springframework.boot.autoconfigure.h2.H2ConsoleAutoConfiguration [main] H2 console available at '/db-console'. Database available at 'jdbc:h2:file:./db/db'
2025-09-12 19:46:29,782 [INFO] org.apache.coyote.http11.Http11NioProtocol [main] Starting ProtocolHandler ["http-nio-8080"]
2025-09-12 19:46:29,867 [INFO] org.springframework.boot.web.embedded.tomcat.TomcatWebServer [main] Tomcat started on port 8080 (http) with context path '/'
2025-09-12 19:46:29,910 [INFO] org.studyeasy.SpringRestdemo.SpringRestdemoApplication [main] Started SpringRestdemoApplication in 22.734 seconds (process running for 23.585)
2025-09-12 19:46:40,479 [INFO] org.apache.catalina.core.ContainerBase.[Tomcat].[localhost].[/] [http-nio-8080-exec-1] Initializing Spring DispatcherServlet 'dispatcherServlet'
2025-09-12 19:46:40,480 [INFO] org.springframework.web.servlet.DispatcherServlet [http-nio-8080-exec-1] Initializing Servlet 'dispatcherServlet'
2025-09-12 19:46:40,483 [INFO] org.springframework.web.servlet.DispatcherServlet [http-nio-8080-exec-1] Completed initialization in 3 ms
2025-09-12 19:46:53,135 [INFO] org.studyeasy.SpringRestdemo.service.AccountService [http-nio-8080-exec-6] Attempting to authenticate user with registerNo: 43111086
2025-09-12 19:46:53,274 [WARN] org.studyeasy.SpringRestdemo.service.AccountService [http-nio-8080-exec-6] Authentication failed ? Account not found for registerNo: 43111086
2025-09-12 19:46:53,637 [ERROR] org.studyeasy.SpringRestdemo.security.WebSecurityConfig [http-nio-8080-exec-6] Login failed for user null: Bad credentials
2025-09-12 19:46:53,639 [INFO] org.studyeasy.SpringRestdemo.security.WebSecurityConfig [http-nio-8080-exec-6] Param username = 43111086
2025-09-12 19:46:53,640 [INFO] org.studyeasy.SpringRestdemo.security.WebSecurityConfig [http-nio-8080-exec-6] Param password = pass987
2025-09-12 19:47:21,935 [INFO] org.studyeasy.SpringRestdemo.service.AccountService [http-nio-8080-exec-2] Attempting to authenticate user with registerNo: 43111438
2025-09-12 19:47:21,965 [WARN] org.studyeasy.SpringRestdemo.service.AccountService [http-nio-8080-exec-2] Authentication failed ? Account not found for registerNo: 43111438
2025-09-12 19:47:22,231 [ERROR] org.studyeasy.SpringRestdemo.security.WebSecurityConfig [http-nio-8080-exec-2] Login failed for user null: Bad credentials
2025-09-12 19:47:22,233 [INFO] org.studyeasy.SpringRestdemo.security.WebSecurityConfig [http-nio-8080-exec-2] Param username = 43111438
2025-09-12 19:47:22,233 [INFO] org.studyeasy.SpringRestdemo.security.WebSecurityConfig [http-nio-8080-exec-2] Param password = pass987
2025-09-12 19:49:34,592 [INFO] org.studyeasy.SpringRestdemo.service.AccountService [http-nio-8080-exec-10] Attempting to authenticate user with registerNo: admin
2025-09-12 19:49:34,600 [WARN] org.studyeasy.SpringRestdemo.service.AccountService [http-nio-8080-exec-10] Authentication failed ? Account not found for registerNo: admin
2025-09-12 19:49:34,805 [ERROR] org.studyeasy.SpringRestdemo.security.WebSecurityConfig [http-nio-8080-exec-10] Login failed for user null: Bad credentials
2025-09-12 19:49:34,808 [INFO] org.studyeasy.SpringRestdemo.security.WebSecurityConfig [http-nio-8080-exec-10] Param username = admin
2025-09-12 19:49:34,808 [INFO] org.studyeasy.SpringRestdemo.security.WebSecurityConfig [http-nio-8080-exec-10] Param password = password123
2025-09-12 19:49:48,855 [INFO] org.studyeasy.SpringRestdemo.service.AccountService [http-nio-8080-exec-6] Attempting to authenticate user with registerNo: 43111438
2025-09-12 19:49:48,866 [WARN] org.studyeasy.SpringRestdemo.service.AccountService [http-nio-8080-exec-6] Authentication failed ? Account not found for registerNo: 43111438
2025-09-12 19:49:49,042 [ERROR] org.studyeasy.SpringRestdemo.security.WebSecurityConfig [http-nio-8080-exec-6] Login failed for user null: Bad credentials
2025-09-12 19:49:49,042 [INFO] org.studyeasy.SpringRestdemo.security.WebSecurityConfig [http-nio-8080-exec-6] Param username = 43111438
2025-09-12 19:49:49,042 [INFO] org.studyeasy.SpringRestdemo.security.WebSecurityConfig [http-nio-8080-exec-6] Param password = pass987
2025-09-12 19:50:06,319 [INFO] org.studyeasy.SpringRestdemo.service.AccountService [http-nio-8080-exec-2] Attempting to authenticate user with registerNo: 43111438
2025-09-12 19:50:06,344 [WARN] org.studyeasy.SpringRestdemo.service.AccountService [http-nio-8080-exec-2] Authentication failed ? Account not found for registerNo: 43111438
2025-09-12 19:50:06,635 [ERROR] org.studyeasy.SpringRestdemo.security.WebSecurityConfig [http-nio-8080-exec-2] Login failed for user null: Bad credentials
2025-09-12 19:50:06,636 [INFO] org.studyeasy.SpringRestdemo.security.WebSecurityConfig [http-nio-8080-exec-2] Param username = 43111438
2025-09-12 19:50:06,636 [INFO] org.studyeasy.SpringRestdemo.security.WebSecurityConfig [http-nio-8080-exec-2] Param password = password123
2025-09-12 19:51:47,871 [INFO] org.hibernate.validator.internal.util.Version [background-preinit] HV000001: Hibernate Validator 8.0.2.Final
2025-09-12 19:51:48,036 [INFO] org.studyeasy.SpringRestdemo.SpringRestdemoApplication [main] Starting SpringRestdemoApplication using Java 17.0.15 with PID 20776 (D:\5TH SEMESTER\MAJOR PROJECTS\OD-MANAGMENT\backend\OD-STARTER\target\classes started by Teja in D:\5TH SEMESTER\MAJOR PROJECTS\OD-MANAGMENT\backend\OD-STARTER)
2025-09-12 19:51:48,041 [DEBUG] org.studyeasy.SpringRestdemo.SpringRestdemoApplication [main] Running with Spring Boot v3.5.3, Spring v6.2.8
2025-09-12 19:51:48,044 [INFO] org.studyeasy.SpringRestdemo.SpringRestdemoApplication [main] No active profile set, falling back to 1 default profile: "default"
2025-09-12 19:51:50,427 [INFO] org.springframework.data.repository.config.RepositoryConfigurationDelegate [main] Bootstrapping Spring Data JPA repositories in DEFAULT mode.
2025-09-12 19:51:50,681 [INFO] org.springframework.data.repository.config.RepositoryConfigurationDelegate [main] Finished Spring Data repository scanning in 226 ms. Found 8 JPA repository interfaces.
2025-09-12 19:51:52,494 [INFO] org.springframework.boot.web.embedded.tomcat.TomcatWebServer [main] Tomcat initialized with port 8080 (http)
2025-09-12 19:51:52,535 [INFO] org.apache.coyote.http11.Http11NioProtocol [main] Initializing ProtocolHandler ["http-nio-8080"]
2025-09-12 19:51:52,542 [INFO] org.apache.catalina.core.StandardService [main] Starting service [Tomcat]
2025-09-12 19:51:52,543 [INFO] org.apache.catalina.core.StandardEngine [main] Starting Servlet engine: [Apache Tomcat/10.1.42]
2025-09-12 19:51:52,763 [INFO] org.apache.catalina.core.ContainerBase.[Tomcat].[localhost].[/] [main] Initializing Spring embedded WebApplicationContext
2025-09-12 19:51:52,766 [INFO] org.springframework.boot.web.servlet.context.ServletWebServerApplicationContext [main] Root WebApplicationContext: initialization completed in 4593 ms
2025-09-12 19:51:53,228 [INFO] org.hibernate.jpa.internal.util.LogHelper [main] HHH000204: Processing PersistenceUnitInfo [name: default]
2025-09-12 19:51:53,335 [INFO] org.hibernate.Version [main] HHH000412: Hibernate ORM core version 6.6.18.Final
2025-09-12 19:51:53,442 [INFO] org.hibernate.cache.internal.RegionFactoryInitiator [main] HHH000026: Second-level cache disabled
2025-09-12 19:51:54,072 [INFO] org.springframework.orm.jpa.persistenceunit.SpringPersistenceUnitInfo [main] No LoadTimeWeaver setup: ignoring JPA class transformer
2025-09-12 19:51:54,121 [INFO] com.zaxxer.hikari.HikariDataSource [main] HikariPool-1 - Starting...
2025-09-12 19:51:54,729 [INFO] com.zaxxer.hikari.pool.HikariPool [main] HikariPool-1 - Added connection conn0: url=jdbc:h2:file:./db/db user=ADMIN
2025-09-12 19:51:54,733 [INFO] com.zaxxer.hikari.HikariDataSource [main] HikariPool-1 - Start completed.
2025-09-12 19:51:54,797 [WARN] org.hibernate.orm.deprecation [main] HHH90000025: H2Dialect does not need to be specified explicitly using 'hibernate.dialect' (remove the property setting and it will be selected by default)
2025-09-12 19:51:54,842 [INFO] org.hibernate.orm.connections.pooling [main] HHH10001005: Database info:
	Database JDBC URL [Connecting through datasource 'HikariDataSource (HikariPool-1)']
	Database driver: undefined/unknown
	Database version: 2.3.232
	Autocommit mode: undefined/unknown
	Isolation level: undefined/unknown
	Minimum pool size: undefined/unknown
	Maximum pool size: undefined/unknown
2025-09-12 19:51:58,039 [INFO] org.hibernate.engine.transaction.jta.platform.internal.JtaPlatformInitiator [main] HHH000489: No JTA platform available (set 'hibernate.transaction.jta.platform' to enable JTA platform integration)
2025-09-12 19:51:58,131 [INFO] org.springframework.orm.jpa.LocalContainerEntityManagerFactoryBean [main] Initialized JPA EntityManagerFactory for persistence unit 'default'
2025-09-12 19:51:58,957 [INFO] org.studyeasy.SpringRestdemo.security.WebSecurityConfig [main] PasswordEncoder (BCrypt) bean initialized
2025-09-12 19:51:59,860 [WARN] org.springframework.boot.autoconfigure.orm.jpa.JpaBaseConfiguration$JpaWebConfiguration [main] spring.jpa.open-in-view is enabled by default. Therefore, database queries may be performed during view rendering. Explicitly configure spring.jpa.open-in-view to disable this warning
2025-09-12 19:52:03,023 [INFO] org.springframework.security.config.annotation.authentication.configuration.InitializeAuthenticationProviderBeanManagerConfigurer$InitializeAuthenticationProviderManagerConfigurer [main] Global AuthenticationManager configured with AuthenticationProvider bean with name authenticationProvider
2025-09-12 19:52:03,024 [WARN] org.springframework.security.config.annotation.authentication.configuration.InitializeUserDetailsBeanManagerConfigurer$InitializeUserDetailsManagerConfigurer [main] Global AuthenticationManager configured with an AuthenticationProvider bean. UserDetailsService beans will not be used by Spring Security for automatically configuring username/password login. Consider removing the AuthenticationProvider bean. Alternatively, consider using the UserDetailsService in a manually instantiated DaoAuthenticationProvider. If the current configuration is intentional, to turn off this warning, increase the logging level of 'org.springframework.security.config.annotation.authentication.configuration.InitializeUserDetailsBeanManagerConfigurer' to ERROR
2025-09-12 19:52:03,182 [INFO] org.studyeasy.SpringRestdemo.security.WebSecurityConfig [main] Configuring SecurityFilterChain...
2025-09-12 19:52:03,223 [INFO] org.studyeasy.SpringRestdemo.security.WebSecurityConfig [main] Setting up request authorization rules...
2025-09-12 19:52:03,320 [INFO] org.studyeasy.SpringRestdemo.security.WebSecurityConfig [main] Custom form login configuration enabled
2025-09-12 19:52:03,324 [INFO] org.studyeasy.SpringRestdemo.security.WebSecurityConfig [main] Logout configuration enabled
2025-09-12 19:52:03,326 [INFO] org.studyeasy.SpringRestdemo.security.WebSecurityConfig [main] Disabling CSRF protection (make sure this is safe for your app!)
2025-09-12 19:52:03,327 [INFO] org.studyeasy.SpringRestdemo.security.WebSecurityConfig [main] Disabling frame options (for H2 console, etc.)
2025-09-12 19:52:03,329 [INFO] org.studyeasy.SpringRestdemo.security.WebSecurityConfig [main] SecurityFilterChain built successfully
2025-09-12 19:52:04,123 [INFO] org.springframework.boot.autoconfigure.h2.H2ConsoleAutoConfiguration [main] H2 console available at '/db-console'. Database available at 'jdbc:h2:file:./db/db'
2025-09-12 19:52:04,317 [INFO] org.apache.coyote.http11.Http11NioProtocol [main] Starting ProtocolHandler ["http-nio-8080"]
2025-09-12 19:52:04,388 [INFO] org.springframework.boot.web.embedded.tomcat.TomcatWebServer [main] Tomcat started on port 8080 (http) with context path '/'
2025-09-12 19:52:04,443 [INFO] org.studyeasy.SpringRestdemo.SpringRestdemoApplication [main] Started SpringRestdemoApplication in 17.549 seconds (process running for 18.241)
2025-09-12 19:52:06,518 [INFO] org.apache.catalina.core.ContainerBase.[Tomcat].[localhost].[/] [http-nio-8080-exec-6] Initializing Spring DispatcherServlet 'dispatcherServlet'
2025-09-12 19:52:06,519 [INFO] org.springframework.web.servlet.DispatcherServlet [http-nio-8080-exec-6] Initializing Servlet 'dispatcherServlet'
2025-09-12 19:52:06,523 [INFO] org.springframework.web.servlet.DispatcherServlet [http-nio-8080-exec-6] Completed initialization in 4 ms
2025-09-12 20:17:39,665 [INFO] org.hibernate.validator.internal.util.Version [background-preinit] HV000001: Hibernate Validator 8.0.2.Final
2025-09-12 20:17:39,825 [INFO] org.studyeasy.SpringRestdemo.SpringRestdemoApplication [main] Starting SpringRestdemoApplication using Java 17.0.15 with PID 17808 (D:\5TH SEMESTER\MAJOR PROJECTS\OD-MANAGMENT\backend\OD-STARTER\target\classes started by Teja in D:\5TH SEMESTER\MAJOR PROJECTS\OD-MANAGMENT\backend\OD-STARTER)
2025-09-12 20:17:39,826 [DEBUG] org.studyeasy.SpringRestdemo.SpringRestdemoApplication [main] Running with Spring Boot v3.5.3, Spring v6.2.8
2025-09-12 20:17:39,828 [INFO] org.studyeasy.SpringRestdemo.SpringRestdemoApplication [main] No active profile set, falling back to 1 default profile: "default"
2025-09-12 20:17:42,749 [INFO] org.springframework.data.repository.config.RepositoryConfigurationDelegate [main] Bootstrapping Spring Data JPA repositories in DEFAULT mode.
2025-09-12 20:17:42,942 [INFO] org.springframework.data.repository.config.RepositoryConfigurationDelegate [main] Finished Spring Data repository scanning in 170 ms. Found 8 JPA repository interfaces.
2025-09-12 20:17:44,614 [INFO] org.springframework.boot.web.embedded.tomcat.TomcatWebServer [main] Tomcat initialized with port 8080 (http)
2025-09-12 20:17:44,658 [INFO] org.apache.coyote.http11.Http11NioProtocol [main] Initializing ProtocolHandler ["http-nio-8080"]
2025-09-12 20:17:44,668 [INFO] org.apache.catalina.core.StandardService [main] Starting service [Tomcat]
2025-09-12 20:17:44,669 [INFO] org.apache.catalina.core.StandardEngine [main] Starting Servlet engine: [Apache Tomcat/10.1.42]
2025-09-12 20:17:44,884 [INFO] org.apache.catalina.core.ContainerBase.[Tomcat].[localhost].[/] [main] Initializing Spring embedded WebApplicationContext
2025-09-12 20:17:44,887 [INFO] org.springframework.boot.web.servlet.context.ServletWebServerApplicationContext [main] Root WebApplicationContext: initialization completed in 4900 ms
2025-09-12 20:17:45,408 [INFO] org.hibernate.jpa.internal.util.LogHelper [main] HHH000204: Processing PersistenceUnitInfo [name: default]
2025-09-12 20:17:45,592 [INFO] org.hibernate.Version [main] HHH000412: Hibernate ORM core version 6.6.18.Final
2025-09-12 20:17:45,681 [INFO] org.hibernate.cache.internal.RegionFactoryInitiator [main] HHH000026: Second-level cache disabled
2025-09-12 20:17:46,615 [INFO] org.springframework.orm.jpa.persistenceunit.SpringPersistenceUnitInfo [main] No LoadTimeWeaver setup: ignoring JPA class transformer
2025-09-12 20:17:46,726 [INFO] com.zaxxer.hikari.HikariDataSource [main] HikariPool-1 - Starting...
2025-09-12 20:17:47,325 [INFO] com.zaxxer.hikari.pool.HikariPool [main] HikariPool-1 - Added connection conn0: url=jdbc:h2:file:./db/db user=ADMIN
2025-09-12 20:17:47,329 [INFO] com.zaxxer.hikari.HikariDataSource [main] HikariPool-1 - Start completed.
2025-09-12 20:17:47,375 [WARN] org.hibernate.orm.deprecation [main] HHH90000025: H2Dialect does not need to be specified explicitly using 'hibernate.dialect' (remove the property setting and it will be selected by default)
2025-09-12 20:17:47,424 [INFO] org.hibernate.orm.connections.pooling [main] HHH10001005: Database info:
	Database JDBC URL [Connecting through datasource 'HikariDataSource (HikariPool-1)']
	Database driver: undefined/unknown
	Database version: 2.3.232
	Autocommit mode: undefined/unknown
	Isolation level: undefined/unknown
	Minimum pool size: undefined/unknown
	Maximum pool size: undefined/unknown
2025-09-12 20:17:49,688 [INFO] org.hibernate.engine.transaction.jta.platform.internal.JtaPlatformInitiator [main] HHH000489: No JTA platform available (set 'hibernate.transaction.jta.platform' to enable JTA platform integration)
2025-09-12 20:17:49,757 [INFO] org.springframework.orm.jpa.LocalContainerEntityManagerFactoryBean [main] Initialized JPA EntityManagerFactory for persistence unit 'default'
2025-09-12 20:17:50,752 [INFO] org.studyeasy.SpringRestdemo.security.WebSecurityConfig [main] PasswordEncoder (BCrypt) bean initialized
2025-09-12 20:17:51,721 [WARN] org.springframework.boot.autoconfigure.orm.jpa.JpaBaseConfiguration$JpaWebConfiguration [main] spring.jpa.open-in-view is enabled by default. Therefore, database queries may be performed during view rendering. Explicitly configure spring.jpa.open-in-view to disable this warning
2025-09-12 20:17:54,346 [INFO] org.springframework.security.config.annotation.authentication.configuration.InitializeAuthenticationProviderBeanManagerConfigurer$InitializeAuthenticationProviderManagerConfigurer [main] Global AuthenticationManager configured with AuthenticationProvider bean with name authenticationProvider
2025-09-12 20:17:54,348 [WARN] org.springframework.security.config.annotation.authentication.configuration.InitializeUserDetailsBeanManagerConfigurer$InitializeUserDetailsManagerConfigurer [main] Global AuthenticationManager configured with an AuthenticationProvider bean. UserDetailsService beans will not be used by Spring Security for automatically configuring username/password login. Consider removing the AuthenticationProvider bean. Alternatively, consider using the UserDetailsService in a manually instantiated DaoAuthenticationProvider. If the current configuration is intentional, to turn off this warning, increase the logging level of 'org.springframework.security.config.annotation.authentication.configuration.InitializeUserDetailsBeanManagerConfigurer' to ERROR
2025-09-12 20:17:54,519 [INFO] org.studyeasy.SpringRestdemo.security.WebSecurityConfig [main] Configuring SecurityFilterChain...
2025-09-12 20:17:54,535 [INFO] org.studyeasy.SpringRestdemo.security.WebSecurityConfig [main] Setting up request authorization rules...
2025-09-12 20:17:54,627 [INFO] org.studyeasy.SpringRestdemo.security.WebSecurityConfig [main] Custom form login configuration enabled
2025-09-12 20:17:54,630 [INFO] org.studyeasy.SpringRestdemo.security.WebSecurityConfig [main] Logout configuration enabled
2025-09-12 20:17:54,631 [INFO] org.studyeasy.SpringRestdemo.security.WebSecurityConfig [main] Disabling CSRF protection (make sure this is safe for your app!)
2025-09-12 20:17:54,633 [INFO] org.studyeasy.SpringRestdemo.security.WebSecurityConfig [main] Disabling frame options (for H2 console, etc.)
2025-09-12 20:17:54,634 [INFO] org.studyeasy.SpringRestdemo.security.WebSecurityConfig [main] SecurityFilterChain built successfully
2025-09-12 20:17:55,409 [INFO] org.springframework.boot.autoconfigure.h2.H2ConsoleAutoConfiguration [main] H2 console available at '/db-console'. Database available at 'jdbc:h2:file:./db/db'
2025-09-12 20:17:55,605 [INFO] org.apache.coyote.http11.Http11NioProtocol [main] Starting ProtocolHandler ["http-nio-8080"]
2025-09-12 20:17:55,735 [INFO] org.springframework.boot.web.embedded.tomcat.TomcatWebServer [main] Tomcat started on port 8080 (http) with context path '/'
2025-09-12 20:17:55,775 [INFO] org.studyeasy.SpringRestdemo.SpringRestdemoApplication [main] Started SpringRestdemoApplication in 17.272 seconds (process running for 17.971)
2025-09-12 20:18:20,833 [INFO] org.apache.catalina.core.ContainerBase.[Tomcat].[localhost].[/] [http-nio-8080-exec-1] Initializing Spring DispatcherServlet 'dispatcherServlet'
2025-09-12 20:18:20,833 [INFO] org.springframework.web.servlet.DispatcherServlet [http-nio-8080-exec-1] Initializing Servlet 'dispatcherServlet'
2025-09-12 20:18:20,837 [INFO] org.springframework.web.servlet.DispatcherServlet [http-nio-8080-exec-1] Completed initialization in 4 ms
2025-09-12 20:18:53,787 [INFO] org.studyeasy.SpringRestdemo.service.AccountService [http-nio-8080-exec-2] Attempting to authenticate user with registerNo: 43111437
2025-09-12 20:18:54,307 [DEBUG] org.studyeasy.SpringRestdemo.service.AccountService [http-nio-8080-exec-2] Result from accountRepository.findByRegisterNo(43111437): Optional[Account(id=1, registerNo=43111437, studentName=Anil Kumar, age=19, branch=BE, academicYear=2, department=CSE, section=E4, mobile_no=9346229311, events_attended=5, email=student1@univ.com, password=$2a$10$t/yjRcoLciQMEZftMZBuFuBicUZVA4bahMtwP1DCws5qSbXS1TekS, Authorities=STUDENT)]
2025-09-12 20:18:54,337 [INFO] org.studyeasy.SpringRestdemo.service.AccountService [http-nio-8080-exec-2] Account found: registerNo=43111437, role=STUDENT, enabled={}
2025-09-12 20:18:54,337 [DEBUG] org.studyeasy.SpringRestdemo.service.AccountService [http-nio-8080-exec-2] Granted authorities for user 43111437: [STUDENT]
2025-09-12 20:18:54,559 [ERROR] org.studyeasy.SpringRestdemo.security.WebSecurityConfig [http-nio-8080-exec-2] Login failed for user null: Bad credentials
2025-09-12 20:18:54,560 [INFO] org.studyeasy.SpringRestdemo.security.WebSecurityConfig [http-nio-8080-exec-2] Param username = 43111437
2025-09-12 20:18:54,560 [INFO] org.studyeasy.SpringRestdemo.security.WebSecurityConfig [http-nio-8080-exec-2] Param password = pass987
2025-09-12 20:21:09,992 [INFO] org.studyeasy.SpringRestdemo.service.AccountService [http-nio-8080-exec-10] Attempting to authenticate user with registerNo: 43111437
2025-09-12 20:21:10,008 [DEBUG] org.studyeasy.SpringRestdemo.service.AccountService [http-nio-8080-exec-10] Result from accountRepository.findByRegisterNo(43111437): Optional[Account(id=1, registerNo=43111437, studentName=Anil Kumar, age=19, branch=BE, academicYear=2, department=CSE, section=E4, mobile_no=9346229311, events_attended=5, email=student1@univ.com, password=$2a$10$t/yjRcoLciQMEZftMZBuFuBicUZVA4bahMtwP1DCws5qSbXS1TekS, Authorities=STUDENT)]
2025-09-12 20:21:10,011 [INFO] org.studyeasy.SpringRestdemo.service.AccountService [http-nio-8080-exec-10] Account found: registerNo=43111437, role=STUDENT, enabled={}
2025-09-12 20:21:10,012 [DEBUG] org.studyeasy.SpringRestdemo.service.AccountService [http-nio-8080-exec-10] Granted authorities for user 43111437: [STUDENT]
2025-09-12 20:21:10,248 [INFO] org.studyeasy.SpringRestdemo.security.WebSecurityConfig [http-nio-8080-exec-10] Login success for user: 43111437 with role: STUDENT
2025-09-12 20:21:10,249 [WARN] org.studyeasy.SpringRestdemo.security.WebSecurityConfig [http-nio-8080-exec-10] Unknown role for user 43111437: STUDENT
2025-09-12 20:23:25,013 [INFO] org.hibernate.validator.internal.util.Version [background-preinit] HV000001: Hibernate Validator 8.0.2.Final
2025-09-12 20:23:25,778 [INFO] org.studyeasy.SpringRestdemo.SpringRestdemoApplication [main] Starting SpringRestdemoApplication using Java 17.0.15 with PID 2332 (D:\5TH SEMESTER\MAJOR PROJECTS\OD-MANAGMENT\backend\OD-STARTER\target\classes started by Teja in D:\5TH SEMESTER\MAJOR PROJECTS\OD-MANAGMENT\backend\OD-STARTER)
2025-09-12 20:23:25,780 [DEBUG] org.studyeasy.SpringRestdemo.SpringRestdemoApplication [main] Running with Spring Boot v3.5.3, Spring v6.2.8
2025-09-12 20:23:25,797 [INFO] org.studyeasy.SpringRestdemo.SpringRestdemoApplication [main] No active profile set, falling back to 1 default profile: "default"
2025-09-12 20:23:35,884 [INFO] org.springframework.data.repository.config.RepositoryConfigurationDelegate [main] Bootstrapping Spring Data JPA repositories in DEFAULT mode.
2025-09-12 20:23:36,212 [INFO] org.springframework.data.repository.config.RepositoryConfigurationDelegate [main] Finished Spring Data repository scanning in 290 ms. Found 8 JPA repository interfaces.
2025-09-12 20:23:38,864 [INFO] org.springframework.boot.web.embedded.tomcat.TomcatWebServer [main] Tomcat initialized with port 8080 (http)
2025-09-12 20:23:38,904 [INFO] org.apache.coyote.http11.Http11NioProtocol [main] Initializing ProtocolHandler ["http-nio-8080"]
2025-09-12 20:23:38,914 [INFO] org.apache.catalina.core.StandardService [main] Starting service [Tomcat]
2025-09-12 20:23:38,915 [INFO] org.apache.catalina.core.StandardEngine [main] Starting Servlet engine: [Apache Tomcat/10.1.42]
2025-09-12 20:23:39,181 [INFO] org.apache.catalina.core.ContainerBase.[Tomcat].[localhost].[/] [main] Initializing Spring embedded WebApplicationContext
2025-09-12 20:23:39,184 [INFO] org.springframework.boot.web.servlet.context.ServletWebServerApplicationContext [main] Root WebApplicationContext: initialization completed in 12677 ms
2025-09-12 20:23:39,862 [INFO] org.hibernate.jpa.internal.util.LogHelper [main] HHH000204: Processing PersistenceUnitInfo [name: default]
2025-09-12 20:23:40,184 [INFO] org.hibernate.Version [main] HHH000412: Hibernate ORM core version 6.6.18.Final
2025-09-12 20:23:40,314 [INFO] org.hibernate.cache.internal.RegionFactoryInitiator [main] HHH000026: Second-level cache disabled
2025-09-12 20:23:41,257 [INFO] org.springframework.orm.jpa.persistenceunit.SpringPersistenceUnitInfo [main] No LoadTimeWeaver setup: ignoring JPA class transformer
2025-09-12 20:23:41,350 [INFO] com.zaxxer.hikari.HikariDataSource [main] HikariPool-1 - Starting...
2025-09-12 20:23:42,218 [INFO] com.zaxxer.hikari.pool.HikariPool [main] HikariPool-1 - Added connection conn0: url=jdbc:h2:file:./db/db user=ADMIN
2025-09-12 20:23:42,222 [INFO] com.zaxxer.hikari.HikariDataSource [main] HikariPool-1 - Start completed.
2025-09-12 20:23:42,288 [WARN] org.hibernate.orm.deprecation [main] HHH90000025: H2Dialect does not need to be specified explicitly using 'hibernate.dialect' (remove the property setting and it will be selected by default)
2025-09-12 20:23:42,343 [INFO] org.hibernate.orm.connections.pooling [main] HHH10001005: Database info:
	Database JDBC URL [Connecting through datasource 'HikariDataSource (HikariPool-1)']
	Database driver: undefined/unknown
	Database version: 2.3.232
	Autocommit mode: undefined/unknown
	Isolation level: undefined/unknown
	Minimum pool size: undefined/unknown
	Maximum pool size: undefined/unknown
2025-09-12 20:23:45,282 [INFO] org.hibernate.engine.transaction.jta.platform.internal.JtaPlatformInitiator [main] HHH000489: No JTA platform available (set 'hibernate.transaction.jta.platform' to enable JTA platform integration)
2025-09-12 20:23:45,372 [INFO] org.springframework.orm.jpa.LocalContainerEntityManagerFactoryBean [main] Initialized JPA EntityManagerFactory for persistence unit 'default'
2025-09-12 20:23:46,721 [INFO] org.studyeasy.SpringRestdemo.security.WebSecurityConfig [main] PasswordEncoder (BCrypt) bean initialized
2025-09-12 20:23:49,149 [WARN] org.springframework.boot.autoconfigure.orm.jpa.JpaBaseConfiguration$JpaWebConfiguration [main] spring.jpa.open-in-view is enabled by default. Therefore, database queries may be performed during view rendering. Explicitly configure spring.jpa.open-in-view to disable this warning
2025-09-12 20:23:52,163 [INFO] org.springframework.security.config.annotation.authentication.configuration.InitializeAuthenticationProviderBeanManagerConfigurer$InitializeAuthenticationProviderManagerConfigurer [main] Global AuthenticationManager configured with AuthenticationProvider bean with name authenticationProvider
2025-09-12 20:23:52,165 [WARN] org.springframework.security.config.annotation.authentication.configuration.InitializeUserDetailsBeanManagerConfigurer$InitializeUserDetailsManagerConfigurer [main] Global AuthenticationManager configured with an AuthenticationProvider bean. UserDetailsService beans will not be used by Spring Security for automatically configuring username/password login. Consider removing the AuthenticationProvider bean. Alternatively, consider using the UserDetailsService in a manually instantiated DaoAuthenticationProvider. If the current configuration is intentional, to turn off this warning, increase the logging level of 'org.springframework.security.config.annotation.authentication.configuration.InitializeUserDetailsBeanManagerConfigurer' to ERROR
2025-09-12 20:23:52,353 [INFO] org.studyeasy.SpringRestdemo.security.WebSecurityConfig [main] Configuring SecurityFilterChain...
2025-09-12 20:23:52,370 [INFO] org.studyeasy.SpringRestdemo.security.WebSecurityConfig [main] Setting up request authorization rules...
2025-09-12 20:23:52,478 [INFO] org.studyeasy.SpringRestdemo.security.WebSecurityConfig [main] Custom form login configuration enabled
2025-09-12 20:23:52,484 [INFO] org.studyeasy.SpringRestdemo.security.WebSecurityConfig [main] Logout configuration enabled
2025-09-12 20:23:52,485 [INFO] org.studyeasy.SpringRestdemo.security.WebSecurityConfig [main] Disabling CSRF protection (make sure this is safe for your app!)
2025-09-12 20:23:52,487 [INFO] org.studyeasy.SpringRestdemo.security.WebSecurityConfig [main] Disabling frame options (for H2 console, etc.)
2025-09-12 20:23:52,488 [INFO] org.studyeasy.SpringRestdemo.security.WebSecurityConfig [main] SecurityFilterChain built successfully
2025-09-12 20:23:53,451 [INFO] org.springframework.boot.autoconfigure.h2.H2ConsoleAutoConfiguration [main] H2 console available at '/db-console'. Database available at 'jdbc:h2:file:./db/db'
2025-09-12 20:23:53,832 [INFO] org.apache.coyote.http11.Http11NioProtocol [main] Starting ProtocolHandler ["http-nio-8080"]
2025-09-12 20:23:54,016 [INFO] org.springframework.boot.web.embedded.tomcat.TomcatWebServer [main] Tomcat started on port 8080 (http) with context path '/'
2025-09-12 20:23:54,090 [INFO] org.studyeasy.SpringRestdemo.SpringRestdemoApplication [main] Started SpringRestdemoApplication in 33.484 seconds (process running for 34.4)
2025-09-12 20:23:56,937 [INFO] org.apache.catalina.core.ContainerBase.[Tomcat].[localhost].[/] [http-nio-8080-exec-1] Initializing Spring DispatcherServlet 'dispatcherServlet'
2025-09-12 20:23:56,937 [INFO] org.springframework.web.servlet.DispatcherServlet [http-nio-8080-exec-1] Initializing Servlet 'dispatcherServlet'
2025-09-12 20:23:56,939 [INFO] org.springframework.web.servlet.DispatcherServlet [http-nio-8080-exec-1] Completed initialization in 2 ms
2025-09-12 20:24:17,687 [INFO] org.studyeasy.SpringRestdemo.service.AccountService [http-nio-8080-exec-6] Attempting to authenticate user with registerNo: 43111437
2025-09-12 20:24:18,037 [DEBUG] org.studyeasy.SpringRestdemo.service.AccountService [http-nio-8080-exec-6] Result from accountRepository.findByRegisterNo(43111437): Optional[Account(id=1, registerNo=43111437, studentName=Anil Kumar, age=19, branch=BE, academicYear=2, department=CSE, section=E4, mobile_no=9346229311, events_attended=5, email=student1@univ.com, password=$2a$10$t/yjRcoLciQMEZftMZBuFuBicUZVA4bahMtwP1DCws5qSbXS1TekS, Authorities=STUDENT)]
2025-09-12 20:24:18,181 [INFO] org.studyeasy.SpringRestdemo.service.AccountService [http-nio-8080-exec-6] Account found: registerNo=43111437, role=STUDENT, enabled={}
2025-09-12 20:24:18,182 [DEBUG] org.studyeasy.SpringRestdemo.service.AccountService [http-nio-8080-exec-6] Granted authorities for user 43111437: [STUDENT]
2025-09-12 20:24:18,726 [INFO] org.studyeasy.SpringRestdemo.security.WebSecurityConfig [http-nio-8080-exec-6] Login success for user: 43111437 with role: STUDENT
2025-09-12 21:47:49,188 [INFO] org.hibernate.validator.internal.util.Version [background-preinit] HV000001: Hibernate Validator 8.0.2.Final
2025-09-12 21:47:49,390 [INFO] org.studyeasy.SpringRestdemo.SpringRestdemoApplication [main] Starting SpringRestdemoApplication using Java 17.0.15 with PID 1712 (D:\5TH SEMESTER\MAJOR PROJECTS\OD-MANAGMENT\backend\OD-STARTER\target\classes started by Teja in D:\5TH SEMESTER\MAJOR PROJECTS\OD-MANAGMENT\backend\OD-STARTER)
2025-09-12 21:47:49,391 [DEBUG] org.studyeasy.SpringRestdemo.SpringRestdemoApplication [main] Running with Spring Boot v3.5.3, Spring v6.2.8
2025-09-12 21:47:49,393 [INFO] org.studyeasy.SpringRestdemo.SpringRestdemoApplication [main] No active profile set, falling back to 1 default profile: "default"
2025-09-12 21:47:51,985 [INFO] org.springframework.data.repository.config.RepositoryConfigurationDelegate [main] Bootstrapping Spring Data JPA repositories in DEFAULT mode.
2025-09-12 21:47:52,215 [INFO] org.springframework.data.repository.config.RepositoryConfigurationDelegate [main] Finished Spring Data repository scanning in 209 ms. Found 8 JPA repository interfaces.
2025-09-12 21:47:53,827 [INFO] org.springframework.boot.web.embedded.tomcat.TomcatWebServer [main] Tomcat initialized with port 8080 (http)
2025-09-12 21:47:53,859 [INFO] org.apache.coyote.http11.Http11NioProtocol [main] Initializing ProtocolHandler ["http-nio-8080"]
2025-09-12 21:47:53,868 [INFO] org.apache.catalina.core.StandardService [main] Starting service [Tomcat]
2025-09-12 21:47:53,869 [INFO] org.apache.catalina.core.StandardEngine [main] Starting Servlet engine: [Apache Tomcat/10.1.42]
2025-09-12 21:47:54,092 [INFO] org.apache.catalina.core.ContainerBase.[Tomcat].[localhost].[/] [main] Initializing Spring embedded WebApplicationContext
2025-09-12 21:47:54,093 [INFO] org.springframework.boot.web.servlet.context.ServletWebServerApplicationContext [main] Root WebApplicationContext: initialization completed in 4529 ms
2025-09-12 21:47:54,645 [INFO] org.hibernate.jpa.internal.util.LogHelper [main] HHH000204: Processing PersistenceUnitInfo [name: default]
2025-09-12 21:47:54,802 [INFO] org.hibernate.Version [main] HHH000412: Hibernate ORM core version 6.6.18.Final
2025-09-12 21:47:54,908 [INFO] org.hibernate.cache.internal.RegionFactoryInitiator [main] HHH000026: Second-level cache disabled
2025-09-12 21:47:55,884 [INFO] org.springframework.orm.jpa.persistenceunit.SpringPersistenceUnitInfo [main] No LoadTimeWeaver setup: ignoring JPA class transformer
2025-09-12 21:47:55,953 [INFO] com.zaxxer.hikari.HikariDataSource [main] HikariPool-1 - Starting...
2025-09-12 21:47:56,618 [INFO] com.zaxxer.hikari.pool.HikariPool [main] HikariPool-1 - Added connection conn0: url=jdbc:h2:file:./db/db user=ADMIN
2025-09-12 21:47:56,621 [INFO] com.zaxxer.hikari.HikariDataSource [main] HikariPool-1 - Start completed.
2025-09-12 21:47:56,683 [WARN] org.hibernate.orm.deprecation [main] HHH90000025: H2Dialect does not need to be specified explicitly using 'hibernate.dialect' (remove the property setting and it will be selected by default)
2025-09-12 21:47:56,728 [INFO] org.hibernate.orm.connections.pooling [main] HHH10001005: Database info:
	Database JDBC URL [Connecting through datasource 'HikariDataSource (HikariPool-1)']
	Database driver: undefined/unknown
	Database version: 2.3.232
	Autocommit mode: undefined/unknown
	Isolation level: undefined/unknown
	Minimum pool size: undefined/unknown
	Maximum pool size: undefined/unknown
2025-09-12 21:47:58,940 [INFO] org.hibernate.engine.transaction.jta.platform.internal.JtaPlatformInitiator [main] HHH000489: No JTA platform available (set 'hibernate.transaction.jta.platform' to enable JTA platform integration)
2025-09-12 21:47:59,003 [INFO] org.springframework.orm.jpa.LocalContainerEntityManagerFactoryBean [main] Initialized JPA EntityManagerFactory for persistence unit 'default'
2025-09-12 21:47:59,863 [INFO] org.studyeasy.SpringRestdemo.security.WebSecurityConfig [main] PasswordEncoder (BCrypt) bean initialized
2025-09-12 21:48:00,857 [WARN] org.springframework.boot.autoconfigure.orm.jpa.JpaBaseConfiguration$JpaWebConfiguration [main] spring.jpa.open-in-view is enabled by default. Therefore, database queries may be performed during view rendering. Explicitly configure spring.jpa.open-in-view to disable this warning
2025-09-12 21:48:03,668 [WARN] org.springframework.security.config.annotation.authentication.configuration.InitializeUserDetailsBeanManagerConfigurer$InitializeUserDetailsManagerConfigurer [main] Found 4 UserDetailsService beans, with names [accountService, customUserDetailsService, professorService, userDetailsService]. Global Authentication Manager will not use a UserDetailsService for username/password login. Consider publishing a single UserDetailsService bean.
2025-09-12 21:48:03,887 [INFO] org.studyeasy.SpringRestdemo.security.WebSecurityConfig [main] Configuring SecurityFilterChain...
2025-09-12 21:48:03,908 [INFO] org.studyeasy.SpringRestdemo.security.WebSecurityConfig [main] Setting up request authorization rules...
2025-09-12 21:48:04,016 [INFO] org.studyeasy.SpringRestdemo.security.WebSecurityConfig [main] Custom form login configuration enabled
2025-09-12 21:48:04,020 [INFO] org.studyeasy.SpringRestdemo.security.WebSecurityConfig [main] Logout configuration enabled
2025-09-12 21:48:04,021 [INFO] org.studyeasy.SpringRestdemo.security.WebSecurityConfig [main] Disabling CSRF protection (make sure this is safe for your app!)
2025-09-12 21:48:04,023 [INFO] org.studyeasy.SpringRestdemo.security.WebSecurityConfig [main] Disabling frame options (for H2 console, etc.)
2025-09-12 21:48:04,024 [INFO] org.studyeasy.SpringRestdemo.security.WebSecurityConfig [main] SecurityFilterChain built successfully
2025-09-12 21:48:04,263 [INFO] org.studyeasy.SpringRestdemo.security.WebSecurityConfig [main] PasswordEncoder (BCrypt) bean initialized
2025-09-12 21:48:04,265 [INFO] org.studyeasy.SpringRestdemo.security.WebSecurityConfig [main] PasswordEncoder (BCrypt) bean initialized
2025-09-12 21:48:04,863 [INFO] org.springframework.boot.autoconfigure.h2.H2ConsoleAutoConfiguration [main] H2 console available at '/db-console'. Database available at 'jdbc:h2:file:./db/db'
2025-09-12 21:48:05,078 [INFO] org.apache.coyote.http11.Http11NioProtocol [main] Starting ProtocolHandler ["http-nio-8080"]
2025-09-12 21:48:05,200 [INFO] org.springframework.boot.web.embedded.tomcat.TomcatWebServer [main] Tomcat started on port 8080 (http) with context path '/'
2025-09-12 21:48:05,258 [INFO] org.studyeasy.SpringRestdemo.SpringRestdemoApplication [main] Started SpringRestdemoApplication in 17.186 seconds (process running for 17.88)
2025-09-12 21:48:05,580 [INFO] org.apache.catalina.core.ContainerBase.[Tomcat].[localhost].[/] [http-nio-8080-exec-1] Initializing Spring DispatcherServlet 'dispatcherServlet'
2025-09-12 21:48:05,580 [INFO] org.springframework.web.servlet.DispatcherServlet [http-nio-8080-exec-1] Initializing Servlet 'dispatcherServlet'
2025-09-12 21:48:05,584 [INFO] org.springframework.web.servlet.DispatcherServlet [http-nio-8080-exec-1] Completed initialization in 4 ms
2025-09-12 21:48:05,878 [WARN] org.apache.catalina.util.SessionIdGeneratorBase [http-nio-8080-exec-1] Creation of SecureRandom instance for session ID generation using [SHA1PRNG] took [104] milliseconds.
2025-09-12 21:48:30,730 [INFO] org.studyeasy.SpringRestdemo.service.AccountService [http-nio-8080-exec-8] Attempting to authenticate user with registerNo: 43111437
2025-09-12 21:48:30,915 [DEBUG] org.studyeasy.SpringRestdemo.service.AccountService [http-nio-8080-exec-8] Result from accountRepository.findByRegisterNo(43111437): Optional[Account(id=1, registerNo=43111437, studentName=Anil Kumar, age=19, branch=BE, academicYear=2, department=CSE, section=E4, mobile_no=9346229311, events_attended=5, email=student1@univ.com, password=$2a$10$t/yjRcoLciQMEZftMZBuFuBicUZVA4bahMtwP1DCws5qSbXS1TekS, Authorities=STUDENT)]
2025-09-12 21:48:30,960 [INFO] org.studyeasy.SpringRestdemo.service.AccountService [http-nio-8080-exec-8] Account found: registerNo=43111437, role=STUDENT, enabled={}
2025-09-12 21:48:30,962 [DEBUG] org.studyeasy.SpringRestdemo.service.AccountService [http-nio-8080-exec-8] Granted authorities for user 43111437: [STUDENT]
2025-09-12 21:48:31,272 [INFO] org.studyeasy.SpringRestdemo.security.WebSecurityConfig [http-nio-8080-exec-8] Login success for user: 43111437 with role: STUDENT
2025-09-12 21:50:54,836 [INFO] org.hibernate.validator.internal.util.Version [background-preinit] HV000001: Hibernate Validator 8.0.2.Final
2025-09-12 21:50:54,978 [INFO] org.studyeasy.SpringRestdemo.SpringRestdemoApplication [main] Starting SpringRestdemoApplication using Java 17.0.15 with PID 16024 (D:\5TH SEMESTER\MAJOR PROJECTS\OD-MANAGMENT\backend\OD-STARTER\target\classes started by Teja in D:\5TH SEMESTER\MAJOR PROJECTS\OD-MANAGMENT\backend\OD-STARTER)
2025-09-12 21:50:54,979 [DEBUG] org.studyeasy.SpringRestdemo.SpringRestdemoApplication [main] Running with Spring Boot v3.5.3, Spring v6.2.8
2025-09-12 21:50:54,981 [INFO] org.studyeasy.SpringRestdemo.SpringRestdemoApplication [main] No active profile set, falling back to 1 default profile: "default"
2025-09-12 21:50:57,665 [INFO] org.springframework.data.repository.config.RepositoryConfigurationDelegate [main] Bootstrapping Spring Data JPA repositories in DEFAULT mode.
2025-09-12 21:50:57,881 [INFO] org.springframework.data.repository.config.RepositoryConfigurationDelegate [main] Finished Spring Data repository scanning in 191 ms. Found 8 JPA repository interfaces.
2025-09-12 21:50:59,560 [INFO] org.springframework.boot.web.embedded.tomcat.TomcatWebServer [main] Tomcat initialized with port 8080 (http)
2025-09-12 21:50:59,584 [INFO] org.apache.coyote.http11.Http11NioProtocol [main] Initializing ProtocolHandler ["http-nio-8080"]
2025-09-12 21:50:59,589 [INFO] org.apache.catalina.core.StandardService [main] Starting service [Tomcat]
2025-09-12 21:50:59,590 [INFO] org.apache.catalina.core.StandardEngine [main] Starting Servlet engine: [Apache Tomcat/10.1.42]
2025-09-12 21:50:59,764 [INFO] org.apache.catalina.core.ContainerBase.[Tomcat].[localhost].[/] [main] Initializing Spring embedded WebApplicationContext
2025-09-12 21:50:59,767 [INFO] org.springframework.boot.web.servlet.context.ServletWebServerApplicationContext [main] Root WebApplicationContext: initialization completed in 4649 ms
2025-09-12 21:51:00,228 [INFO] org.hibernate.jpa.internal.util.LogHelper [main] HHH000204: Processing PersistenceUnitInfo [name: default]
2025-09-12 21:51:00,334 [INFO] org.hibernate.Version [main] HHH000412: Hibernate ORM core version 6.6.18.Final
2025-09-12 21:51:00,408 [INFO] org.hibernate.cache.internal.RegionFactoryInitiator [main] HHH000026: Second-level cache disabled
2025-09-12 21:51:01,195 [INFO] org.springframework.orm.jpa.persistenceunit.SpringPersistenceUnitInfo [main] No LoadTimeWeaver setup: ignoring JPA class transformer
2025-09-12 21:51:01,285 [INFO] com.zaxxer.hikari.HikariDataSource [main] HikariPool-1 - Starting...
2025-09-12 21:51:01,898 [INFO] com.zaxxer.hikari.pool.HikariPool [main] HikariPool-1 - Added connection conn0: url=jdbc:h2:file:./db/db user=ADMIN
2025-09-12 21:51:01,904 [INFO] com.zaxxer.hikari.HikariDataSource [main] HikariPool-1 - Start completed.
2025-09-12 21:51:01,960 [WARN] org.hibernate.orm.deprecation [main] HHH90000025: H2Dialect does not need to be specified explicitly using 'hibernate.dialect' (remove the property setting and it will be selected by default)
2025-09-12 21:51:02,013 [INFO] org.hibernate.orm.connections.pooling [main] HHH10001005: Database info:
	Database JDBC URL [Connecting through datasource 'HikariDataSource (HikariPool-1)']
	Database driver: undefined/unknown
	Database version: 2.3.232
	Autocommit mode: undefined/unknown
	Isolation level: undefined/unknown
	Minimum pool size: undefined/unknown
	Maximum pool size: undefined/unknown
2025-09-12 21:51:04,436 [INFO] org.hibernate.engine.transaction.jta.platform.internal.JtaPlatformInitiator [main] HHH000489: No JTA platform available (set 'hibernate.transaction.jta.platform' to enable JTA platform integration)
2025-09-12 21:51:04,529 [INFO] org.springframework.orm.jpa.LocalContainerEntityManagerFactoryBean [main] Initialized JPA EntityManagerFactory for persistence unit 'default'
2025-09-12 21:51:05,289 [INFO] org.studyeasy.SpringRestdemo.security.WebSecurityConfig [main] PasswordEncoder (BCrypt) bean initialized
2025-09-12 21:51:06,564 [WARN] org.springframework.boot.autoconfigure.orm.jpa.JpaBaseConfiguration$JpaWebConfiguration [main] spring.jpa.open-in-view is enabled by default. Therefore, database queries may be performed during view rendering. Explicitly configure spring.jpa.open-in-view to disable this warning
2025-09-12 21:51:09,066 [WARN] org.springframework.security.config.annotation.authentication.configuration.InitializeUserDetailsBeanManagerConfigurer$InitializeUserDetailsManagerConfigurer [main] Found 4 UserDetailsService beans, with names [accountService, customUserDetailsService, professorService, userDetailsService]. Global Authentication Manager will not use a UserDetailsService for username/password login. Consider publishing a single UserDetailsService bean.
2025-09-12 21:51:09,233 [INFO] org.studyeasy.SpringRestdemo.security.WebSecurityConfig [main] Configuring SecurityFilterChain...
2025-09-12 21:51:09,249 [INFO] org.studyeasy.SpringRestdemo.security.WebSecurityConfig [main] Setting up request authorization rules...
2025-09-12 21:51:09,367 [INFO] org.studyeasy.SpringRestdemo.security.WebSecurityConfig [main] Custom form login configuration enabled
2025-09-12 21:51:09,373 [INFO] org.studyeasy.SpringRestdemo.security.WebSecurityConfig [main] Logout configuration enabled
2025-09-12 21:51:09,374 [INFO] org.studyeasy.SpringRestdemo.security.WebSecurityConfig [main] Disabling CSRF protection (make sure this is safe for your app!)
2025-09-12 21:51:09,376 [INFO] org.studyeasy.SpringRestdemo.security.WebSecurityConfig [main] Disabling frame options (for H2 console, etc.)
2025-09-12 21:51:09,379 [INFO] org.studyeasy.SpringRestdemo.security.WebSecurityConfig [main] SecurityFilterChain built successfully
2025-09-12 21:51:09,633 [INFO] org.studyeasy.SpringRestdemo.security.WebSecurityConfig [main] PasswordEncoder (BCrypt) bean initialized
2025-09-12 21:51:09,634 [INFO] org.studyeasy.SpringRestdemo.security.WebSecurityConfig [main] PasswordEncoder (BCrypt) bean initialized
2025-09-12 21:51:10,285 [INFO] org.springframework.boot.autoconfigure.h2.H2ConsoleAutoConfiguration [main] H2 console available at '/db-console'. Database available at 'jdbc:h2:file:./db/db'
2025-09-12 21:51:10,437 [INFO] org.apache.coyote.http11.Http11NioProtocol [main] Starting ProtocolHandler ["http-nio-8080"]
2025-09-12 21:51:10,510 [INFO] org.springframework.boot.web.embedded.tomcat.TomcatWebServer [main] Tomcat started on port 8080 (http) with context path '/'
2025-09-12 21:51:10,549 [INFO] org.studyeasy.SpringRestdemo.SpringRestdemoApplication [main] Started SpringRestdemoApplication in 16.732 seconds (process running for 17.437)
2025-09-12 21:51:14,989 [INFO] org.apache.catalina.core.ContainerBase.[Tomcat].[localhost].[/] [http-nio-8080-exec-1] Initializing Spring DispatcherServlet 'dispatcherServlet'
2025-09-12 21:51:14,989 [INFO] org.springframework.web.servlet.DispatcherServlet [http-nio-8080-exec-1] Initializing Servlet 'dispatcherServlet'
2025-09-12 21:51:14,992 [INFO] org.springframework.web.servlet.DispatcherServlet [http-nio-8080-exec-1] Completed initialization in 2 ms
2025-09-12 21:51:16,054 [WARN] org.apache.catalina.util.SessionIdGeneratorBase [http-nio-8080-exec-2] Creation of SecureRandom instance for session ID generation using [SHA1PRNG] took [125] milliseconds.
2025-09-12 21:51:53,036 [INFO] org.studyeasy.SpringRestdemo.service.AccountService [http-nio-8080-exec-7] Attempting to authenticate user with registerNo: 43111437
2025-09-12 21:51:53,108 [DEBUG] org.studyeasy.SpringRestdemo.service.AccountService [http-nio-8080-exec-7] Result from accountRepository.findByRegisterNo(43111437): Optional[Account(id=1, registerNo=43111437, studentName=Anil Kumar, age=19, branch=BE, academicYear=2, department=CSE, section=E4, mobile_no=9346229311, events_attended=5, email=student1@univ.com, password=$2a$10$t/yjRcoLciQMEZftMZBuFuBicUZVA4bahMtwP1DCws5qSbXS1TekS, Authorities=STUDENT)]
2025-09-12 21:51:53,135 [INFO] org.studyeasy.SpringRestdemo.service.AccountService [http-nio-8080-exec-7] Account found: registerNo=43111437, role=STUDENT, enabled={}
2025-09-12 21:51:53,135 [DEBUG] org.studyeasy.SpringRestdemo.service.AccountService [http-nio-8080-exec-7] Granted authorities for user 43111437: [STUDENT]
2025-09-12 21:51:53,340 [INFO] org.studyeasy.SpringRestdemo.security.WebSecurityConfig [http-nio-8080-exec-7] Login success for user: 43111437 with role: STUDENT
2025-09-12 21:57:00,622 [INFO] org.hibernate.validator.internal.util.Version [background-preinit] HV000001: Hibernate Validator 8.0.2.Final
2025-09-12 21:57:00,830 [INFO] org.studyeasy.SpringRestdemo.SpringRestdemoApplication [main] Starting SpringRestdemoApplication using Java 17.0.15 with PID 19772 (D:\5TH SEMESTER\MAJOR PROJECTS\OD-MANAGMENT\backend\OD-STARTER\target\classes started by Teja in D:\5TH SEMESTER\MAJOR PROJECTS\OD-MANAGMENT\backend\OD-STARTER)
2025-09-12 21:57:00,832 [DEBUG] org.studyeasy.SpringRestdemo.SpringRestdemoApplication [main] Running with Spring Boot v3.5.3, Spring v6.2.8
2025-09-12 21:57:00,834 [INFO] org.studyeasy.SpringRestdemo.SpringRestdemoApplication [main] No active profile set, falling back to 1 default profile: "default"
2025-09-12 21:57:04,379 [INFO] org.springframework.data.repository.config.RepositoryConfigurationDelegate [main] Bootstrapping Spring Data JPA repositories in DEFAULT mode.
2025-09-12 21:57:04,769 [INFO] org.springframework.data.repository.config.RepositoryConfigurationDelegate [main] Finished Spring Data repository scanning in 360 ms. Found 8 JPA repository interfaces.
2025-09-12 21:57:07,813 [INFO] org.springframework.boot.web.embedded.tomcat.TomcatWebServer [main] Tomcat initialized with port 8080 (http)
2025-09-12 21:57:07,841 [INFO] org.apache.coyote.http11.Http11NioProtocol [main] Initializing ProtocolHandler ["http-nio-8080"]
2025-09-12 21:57:07,846 [INFO] org.apache.catalina.core.StandardService [main] Starting service [Tomcat]
2025-09-12 21:57:07,847 [INFO] org.apache.catalina.core.StandardEngine [main] Starting Servlet engine: [Apache Tomcat/10.1.42]
2025-09-12 21:57:08,093 [INFO] org.apache.catalina.core.ContainerBase.[Tomcat].[localhost].[/] [main] Initializing Spring embedded WebApplicationContext
2025-09-12 21:57:08,097 [INFO] org.springframework.boot.web.servlet.context.ServletWebServerApplicationContext [main] Root WebApplicationContext: initialization completed in 7051 ms
2025-09-12 21:57:09,052 [INFO] org.hibernate.jpa.internal.util.LogHelper [main] HHH000204: Processing PersistenceUnitInfo [name: default]
2025-09-12 21:57:09,302 [INFO] org.hibernate.Version [main] HHH000412: Hibernate ORM core version 6.6.18.Final
2025-09-12 21:57:09,423 [INFO] org.hibernate.cache.internal.RegionFactoryInitiator [main] HHH000026: Second-level cache disabled
2025-09-12 21:57:10,351 [INFO] org.springframework.orm.jpa.persistenceunit.SpringPersistenceUnitInfo [main] No LoadTimeWeaver setup: ignoring JPA class transformer
2025-09-12 21:57:10,431 [INFO] com.zaxxer.hikari.HikariDataSource [main] HikariPool-1 - Starting...
2025-09-12 21:57:11,083 [INFO] com.zaxxer.hikari.pool.HikariPool [main] HikariPool-1 - Added connection conn0: url=jdbc:h2:file:./db/db user=ADMIN
2025-09-12 21:57:11,088 [INFO] com.zaxxer.hikari.HikariDataSource [main] HikariPool-1 - Start completed.
2025-09-12 21:57:11,185 [WARN] org.hibernate.orm.deprecation [main] HHH90000025: H2Dialect does not need to be specified explicitly using 'hibernate.dialect' (remove the property setting and it will be selected by default)
2025-09-12 21:57:11,298 [INFO] org.hibernate.orm.connections.pooling [main] HHH10001005: Database info:
	Database JDBC URL [Connecting through datasource 'HikariDataSource (HikariPool-1)']
	Database driver: undefined/unknown
	Database version: 2.3.232
	Autocommit mode: undefined/unknown
	Isolation level: undefined/unknown
	Minimum pool size: undefined/unknown
	Maximum pool size: undefined/unknown
2025-09-12 21:57:13,965 [INFO] org.hibernate.engine.transaction.jta.platform.internal.JtaPlatformInitiator [main] HHH000489: No JTA platform available (set 'hibernate.transaction.jta.platform' to enable JTA platform integration)
2025-09-12 21:57:14,033 [INFO] org.springframework.orm.jpa.LocalContainerEntityManagerFactoryBean [main] Initialized JPA EntityManagerFactory for persistence unit 'default'
2025-09-12 21:57:15,154 [INFO] org.studyeasy.SpringRestdemo.security.WebSecurityConfig [main] PasswordEncoder (BCrypt) bean initialized
2025-09-12 21:57:16,259 [WARN] org.springframework.boot.autoconfigure.orm.jpa.JpaBaseConfiguration$JpaWebConfiguration [main] spring.jpa.open-in-view is enabled by default. Therefore, database queries may be performed during view rendering. Explicitly configure spring.jpa.open-in-view to disable this warning
2025-09-12 21:57:18,859 [WARN] org.springframework.security.config.annotation.authentication.configuration.InitializeUserDetailsBeanManagerConfigurer$InitializeUserDetailsManagerConfigurer [main] Found 4 UserDetailsService beans, with names [accountService, customUserDetailsService, professorService, userDetailsService]. Global Authentication Manager will not use a UserDetailsService for username/password login. Consider publishing a single UserDetailsService bean.
2025-09-12 21:57:18,984 [INFO] org.studyeasy.SpringRestdemo.security.WebSecurityConfig [main] Configuring SecurityFilterChain...
2025-09-12 21:57:19,001 [INFO] org.studyeasy.SpringRestdemo.security.WebSecurityConfig [main] Setting up request authorization rules...
2025-09-12 21:57:19,074 [INFO] org.studyeasy.SpringRestdemo.security.WebSecurityConfig [main] Custom form login configuration enabled
2025-09-12 21:57:19,077 [INFO] org.studyeasy.SpringRestdemo.security.WebSecurityConfig [main] Logout configuration enabled
2025-09-12 21:57:19,078 [INFO] org.studyeasy.SpringRestdemo.security.WebSecurityConfig [main] Disabling CSRF protection (make sure this is safe for your app!)
2025-09-12 21:57:19,080 [INFO] org.studyeasy.SpringRestdemo.security.WebSecurityConfig [main] Disabling frame options (for H2 console, etc.)
2025-09-12 21:57:19,081 [INFO] org.studyeasy.SpringRestdemo.security.WebSecurityConfig [main] SecurityFilterChain built successfully
2025-09-12 21:57:19,252 [INFO] org.studyeasy.SpringRestdemo.security.WebSecurityConfig [main] PasswordEncoder (BCrypt) bean initialized
2025-09-12 21:57:19,253 [INFO] org.studyeasy.SpringRestdemo.security.WebSecurityConfig [main] PasswordEncoder (BCrypt) bean initialized
2025-09-12 21:57:19,757 [INFO] org.springframework.boot.autoconfigure.h2.H2ConsoleAutoConfiguration [main] H2 console available at '/db-console'. Database available at 'jdbc:h2:file:./db/db'
2025-09-12 21:57:20,018 [INFO] org.apache.coyote.http11.Http11NioProtocol [main] Starting ProtocolHandler ["http-nio-8080"]
2025-09-12 21:57:20,149 [INFO] org.springframework.boot.web.embedded.tomcat.TomcatWebServer [main] Tomcat started on port 8080 (http) with context path '/'
2025-09-12 21:57:20,185 [INFO] org.studyeasy.SpringRestdemo.SpringRestdemoApplication [main] Started SpringRestdemoApplication in 20.931 seconds (process running for 21.666)
2025-09-12 21:57:23,163 [INFO] org.apache.catalina.core.ContainerBase.[Tomcat].[localhost].[/] [http-nio-8080-exec-2] Initializing Spring DispatcherServlet 'dispatcherServlet'
2025-09-12 21:57:23,163 [INFO] org.springframework.web.servlet.DispatcherServlet [http-nio-8080-exec-2] Initializing Servlet 'dispatcherServlet'
2025-09-12 21:57:23,165 [INFO] org.springframework.web.servlet.DispatcherServlet [http-nio-8080-exec-2] Completed initialization in 2 ms
2025-09-12 21:57:41,561 [INFO] org.studyeasy.SpringRestdemo.service.AccountService [http-nio-8080-exec-10] Attempting to authenticate user with registerNo: 43111437
2025-09-12 21:57:41,779 [DEBUG] org.studyeasy.SpringRestdemo.service.AccountService [http-nio-8080-exec-10] Result from accountRepository.findByRegisterNo(43111437): Optional[Account(id=1, registerNo=43111437, studentName=Anil Kumar, age=19, branch=BE, academicYear=2, department=CSE, section=E4, mobile_no=9346229311, events_attended=5, email=student1@univ.com, password=$2a$10$t/yjRcoLciQMEZftMZBuFuBicUZVA4bahMtwP1DCws5qSbXS1TekS, Authorities=STUDENT)]
2025-09-12 21:57:41,806 [INFO] org.studyeasy.SpringRestdemo.service.AccountService [http-nio-8080-exec-10] Account found: registerNo=43111437, role=STUDENT, enabled={}
2025-09-12 21:57:41,807 [DEBUG] org.studyeasy.SpringRestdemo.service.AccountService [http-nio-8080-exec-10] Granted authorities for user 43111437: [STUDENT]
2025-09-12 21:57:42,010 [INFO] org.studyeasy.SpringRestdemo.security.WebSecurityConfig [http-nio-8080-exec-10] Login success for user: 43111437 with role: STUDENT
2025-09-12 22:01:24,945 [WARN] com.zaxxer.hikari.pool.HikariPool [HikariPool-1:housekeeper] HikariPool-1 - Thread starvation or clock leap detected (housekeeper delta=2m16s230ms487s400ns).
2025-09-12 22:20:12,164 [INFO] org.hibernate.validator.internal.util.Version [background-preinit] HV000001: Hibernate Validator 8.0.2.Final
2025-09-12 22:20:12,793 [INFO] org.studyeasy.SpringRestdemo.SpringRestdemoApplication [main] Starting SpringRestdemoApplication using Java 17.0.15 with PID 13004 (D:\5TH SEMESTER\MAJOR PROJECTS\OD-MANAGMENT\backend\OD-STARTER\target\classes started by Teja in D:\5TH SEMESTER\MAJOR PROJECTS\OD-MANAGMENT\backend\OD-STARTER)
2025-09-12 22:20:12,797 [DEBUG] org.studyeasy.SpringRestdemo.SpringRestdemoApplication [main] Running with Spring Boot v3.5.3, Spring v6.2.8
2025-09-12 22:20:12,803 [INFO] org.studyeasy.SpringRestdemo.SpringRestdemoApplication [main] No active profile set, falling back to 1 default profile: "default"
2025-09-12 22:20:20,714 [INFO] org.springframework.data.repository.config.RepositoryConfigurationDelegate [main] Bootstrapping Spring Data JPA repositories in DEFAULT mode.
2025-09-12 22:20:21,414 [INFO] org.springframework.data.repository.config.RepositoryConfigurationDelegate [main] Finished Spring Data repository scanning in 631 ms. Found 8 JPA repository interfaces.
2025-09-12 22:20:27,014 [INFO] org.springframework.boot.web.embedded.tomcat.TomcatWebServer [main] Tomcat initialized with port 8080 (http)
2025-09-12 22:20:27,109 [INFO] org.apache.coyote.http11.Http11NioProtocol [main] Initializing ProtocolHandler ["http-nio-8080"]
2025-09-12 22:20:27,129 [INFO] org.apache.catalina.core.StandardService [main] Starting service [Tomcat]
2025-09-12 22:20:27,131 [INFO] org.apache.catalina.core.StandardEngine [main] Starting Servlet engine: [Apache Tomcat/10.1.42]
2025-09-12 22:20:27,806 [INFO] org.apache.catalina.core.ContainerBase.[Tomcat].[localhost].[/] [main] Initializing Spring embedded WebApplicationContext
2025-09-12 22:20:27,812 [INFO] org.springframework.boot.web.servlet.context.ServletWebServerApplicationContext [main] Root WebApplicationContext: initialization completed in 14477 ms
2025-09-12 22:20:29,568 [INFO] org.hibernate.jpa.internal.util.LogHelper [main] HHH000204: Processing PersistenceUnitInfo [name: default]
2025-09-12 22:20:30,194 [INFO] org.hibernate.Version [main] HHH000412: Hibernate ORM core version 6.6.18.Final
2025-09-12 22:20:30,615 [INFO] org.hibernate.cache.internal.RegionFactoryInitiator [main] HHH000026: Second-level cache disabled
2025-09-12 22:20:33,171 [INFO] org.springframework.orm.jpa.persistenceunit.SpringPersistenceUnitInfo [main] No LoadTimeWeaver setup: ignoring JPA class transformer
2025-09-12 22:20:33,428 [INFO] com.zaxxer.hikari.HikariDataSource [main] HikariPool-1 - Starting...
2025-09-12 22:20:35,762 [INFO] com.zaxxer.hikari.pool.HikariPool [main] HikariPool-1 - Added connection conn0: url=jdbc:h2:file:./db/db user=ADMIN
2025-09-12 22:20:35,772 [INFO] com.zaxxer.hikari.HikariDataSource [main] HikariPool-1 - Start completed.
2025-09-12 22:20:35,945 [WARN] org.hibernate.orm.deprecation [main] HHH90000025: H2Dialect does not need to be specified explicitly using 'hibernate.dialect' (remove the property setting and it will be selected by default)
2025-09-12 22:20:36,102 [INFO] org.hibernate.orm.connections.pooling [main] HHH10001005: Database info:
	Database JDBC URL [Connecting through datasource 'HikariDataSource (HikariPool-1)']
	Database driver: undefined/unknown
	Database version: 2.3.232
	Autocommit mode: undefined/unknown
	Isolation level: undefined/unknown
	Minimum pool size: undefined/unknown
	Maximum pool size: undefined/unknown
2025-09-12 22:20:46,200 [INFO] org.hibernate.engine.transaction.jta.platform.internal.JtaPlatformInitiator [main] HHH000489: No JTA platform available (set 'hibernate.transaction.jta.platform' to enable JTA platform integration)
2025-09-12 22:20:46,456 [INFO] org.springframework.orm.jpa.LocalContainerEntityManagerFactoryBean [main] Initialized JPA EntityManagerFactory for persistence unit 'default'
2025-09-12 22:20:50,244 [INFO] org.studyeasy.SpringRestdemo.security.WebSecurityConfig [main] PasswordEncoder (BCrypt) bean initialized
2025-09-12 22:20:54,347 [WARN] org.springframework.boot.autoconfigure.orm.jpa.JpaBaseConfiguration$JpaWebConfiguration [main] spring.jpa.open-in-view is enabled by default. Therefore, database queries may be performed during view rendering. Explicitly configure spring.jpa.open-in-view to disable this warning
2025-09-12 22:21:09,081 [WARN] org.springframework.security.config.annotation.authentication.configuration.InitializeUserDetailsBeanManagerConfigurer$InitializeUserDetailsManagerConfigurer [main] Found 4 UserDetailsService beans, with names [accountService, customUserDetailsService, professorService, userDetailsService]. Global Authentication Manager will not use a UserDetailsService for username/password login. Consider publishing a single UserDetailsService bean.
2025-09-12 22:21:10,094 [INFO] org.studyeasy.SpringRestdemo.security.WebSecurityConfig [main] Configuring SecurityFilterChain...
2025-09-12 22:21:10,199 [INFO] org.studyeasy.SpringRestdemo.security.WebSecurityConfig [main] Setting up request authorization rules...
2025-09-12 22:21:10,758 [WARN] org.springframework.security.config.annotation.web.configurers.AuthorizeHttpRequestsConfigurer$AuthorizationManagerRequestMatcherRegistry [main] One of the patterns in [api/v1/teacher/**] is missing a leading slash. This is discouraged; please include the leading slash in all your request matcher patterns. In future versions of Spring Security, leaving out the leading slash will result in an exception.
2025-09-12 22:21:11,062 [INFO] org.studyeasy.SpringRestdemo.security.WebSecurityConfig [main] Custom form login configuration enabled
2025-09-12 22:21:11,096 [INFO] org.studyeasy.SpringRestdemo.security.WebSecurityConfig [main] Logout configuration enabled
2025-09-12 22:21:11,100 [INFO] org.studyeasy.SpringRestdemo.security.WebSecurityConfig [main] Disabling CSRF protection (make sure this is safe for your app!)
2025-09-12 22:21:11,114 [INFO] org.studyeasy.SpringRestdemo.security.WebSecurityConfig [main] Disabling frame options (for H2 console, etc.)
2025-09-12 22:21:11,117 [INFO] org.studyeasy.SpringRestdemo.security.WebSecurityConfig [main] SecurityFilterChain built successfully
2025-09-12 22:21:12,579 [INFO] org.studyeasy.SpringRestdemo.security.WebSecurityConfig [main] PasswordEncoder (BCrypt) bean initialized
2025-09-12 22:21:12,582 [INFO] org.studyeasy.SpringRestdemo.security.WebSecurityConfig [main] PasswordEncoder (BCrypt) bean initialized
2025-09-12 22:21:18,451 [INFO] org.springframework.boot.autoconfigure.h2.H2ConsoleAutoConfiguration [main] H2 console available at '/db-console'. Database available at 'jdbc:h2:file:./db/db'
2025-09-12 22:21:19,841 [INFO] org.apache.coyote.http11.Http11NioProtocol [main] Starting ProtocolHandler ["http-nio-8080"]
2025-09-12 22:21:20,211 [INFO] org.springframework.boot.web.embedded.tomcat.TomcatWebServer [main] Tomcat started on port 8080 (http) with context path '/'
2025-09-12 22:21:20,538 [INFO] org.studyeasy.SpringRestdemo.SpringRestdemoApplication [main] Started SpringRestdemoApplication in 73.207 seconds (process running for 76.119)
