2025-09-13 13:40:57,630 [INFO] org.hibernate.validator.internal.util.Version [background-preinit] HV000001: Hibernate Validator 8.0.2.Final
2025-09-13 13:40:57,914 [INFO] org.studyeasy.SpringRestdemo.SpringRestdemoApplication [main] Starting SpringRestdemoApplication using Java 17.0.15 with PID 5788 (D:\5TH SEMESTER\MAJOR PROJECTS\OD-MANAGMENT\backend\OD-STARTER\target\classes started by Teja in D:\5TH SEMESTER\MAJOR PROJECTS\OD-MANAGMENT\backend\OD-STARTER)
2025-09-13 13:40:57,916 [DEBUG] org.studyeasy.SpringRestdemo.SpringRestdemoApplication [main] Running with Spring Boot v3.5.3, Spring v6.2.8
2025-09-13 13:40:57,919 [INFO] org.studyeasy.SpringRestdemo.SpringRestdemoApplication [main] No active profile set, falling back to 1 default profile: "default"
2025-09-13 13:41:01,030 [INFO] org.springframework.data.repository.config.RepositoryConfigurationDelegate [main] Bootstrapping Spring Data JPA repositories in DEFAULT mode.
2025-09-13 13:41:01,236 [INFO] org.springframework.data.repository.config.RepositoryConfigurationDelegate [main] Finished Spring Data repository scanning in 180 ms. Found 8 JPA repository interfaces.
2025-09-13 13:41:03,056 [INFO] org.springframework.boot.web.embedded.tomcat.TomcatWebServer [main] Tomcat initialized with port 8080 (http)
2025-09-13 13:41:03,099 [INFO] org.apache.coyote.http11.Http11NioProtocol [main] Initializing ProtocolHandler ["http-nio-8080"]
2025-09-13 13:41:03,106 [INFO] org.apache.catalina.core.StandardService [main] Starting service [Tomcat]
2025-09-13 13:41:03,107 [INFO] org.apache.catalina.core.StandardEngine [main] Starting Servlet engine: [Apache Tomcat/10.1.42]
2025-09-13 13:41:03,467 [INFO] org.apache.catalina.core.ContainerBase.[Tomcat].[localhost].[/] [main] Initializing Spring embedded WebApplicationContext
2025-09-13 13:41:03,471 [INFO] org.springframework.boot.web.servlet.context.ServletWebServerApplicationContext [main] Root WebApplicationContext: initialization completed in 5324 ms
2025-09-13 13:41:04,151 [INFO] org.hibernate.jpa.internal.util.LogHelper [main] HHH000204: Processing PersistenceUnitInfo [name: default]
2025-09-13 13:41:04,303 [INFO] org.hibernate.Version [main] HHH000412: Hibernate ORM core version 6.6.18.Final
2025-09-13 13:41:04,410 [INFO] org.hibernate.cache.internal.RegionFactoryInitiator [main] HHH000026: Second-level cache disabled
2025-09-13 13:41:05,296 [INFO] org.springframework.orm.jpa.persistenceunit.SpringPersistenceUnitInfo [main] No LoadTimeWeaver setup: ignoring JPA class transformer
2025-09-13 13:41:05,403 [INFO] com.zaxxer.hikari.HikariDataSource [main] HikariPool-1 - Starting...
2025-09-13 13:41:06,143 [INFO] com.zaxxer.hikari.pool.HikariPool [main] HikariPool-1 - Added connection conn0: url=jdbc:h2:file:./db/db user=ADMIN
2025-09-13 13:41:06,147 [INFO] com.zaxxer.hikari.HikariDataSource [main] HikariPool-1 - Start completed.
2025-09-13 13:41:06,218 [WARN] org.hibernate.orm.deprecation [main] HHH90000025: H2Dialect does not need to be specified explicitly using 'hibernate.dialect' (remove the property setting and it will be selected by default)
2025-09-13 13:41:06,271 [INFO] org.hibernate.orm.connections.pooling [main] HHH10001005: Database info:
	Database JDBC URL [Connecting through datasource 'HikariDataSource (HikariPool-1)']
	Database driver: undefined/unknown
	Database version: 2.3.232
	Autocommit mode: undefined/unknown
	Isolation level: undefined/unknown
	Minimum pool size: undefined/unknown
	Maximum pool size: undefined/unknown
2025-09-13 13:41:09,491 [INFO] org.hibernate.engine.transaction.jta.platform.internal.JtaPlatformInitiator [main] HHH000489: No JTA platform available (set 'hibernate.transaction.jta.platform' to enable JTA platform integration)
2025-09-13 13:41:09,711 [INFO] org.springframework.orm.jpa.LocalContainerEntityManagerFactoryBean [main] Initialized JPA EntityManagerFactory for persistence unit 'default'
2025-09-13 13:41:10,614 [INFO] org.studyeasy.SpringRestdemo.security.WebSecurityConfig [main] PasswordEncoder (BCrypt) bean initialized
2025-09-13 13:41:11,510 [WARN] org.springframework.boot.autoconfigure.orm.jpa.JpaBaseConfiguration$JpaWebConfiguration [main] spring.jpa.open-in-view is enabled by default. Therefore, database queries may be performed during view rendering. Explicitly configure spring.jpa.open-in-view to disable this warning
2025-09-13 13:41:14,318 [WARN] org.springframework.security.config.annotation.authentication.configuration.InitializeUserDetailsBeanManagerConfigurer$InitializeUserDetailsManagerConfigurer [main] Found 4 UserDetailsService beans, with names [accountService, customUserDetailsService, professorService, userDetailsService]. Global Authentication Manager will not use a UserDetailsService for username/password login. Consider publishing a single UserDetailsService bean.
2025-09-13 13:41:14,512 [INFO] org.studyeasy.SpringRestdemo.security.WebSecurityConfig [main] Configuring SecurityFilterChain...
2025-09-13 13:41:14,528 [INFO] org.studyeasy.SpringRestdemo.security.WebSecurityConfig [main] Setting up request authorization rules...
2025-09-13 13:41:14,605 [WARN] org.springframework.security.config.annotation.web.configurers.AuthorizeHttpRequestsConfigurer$AuthorizationManagerRequestMatcherRegistry [main] One of the patterns in [api/v1/teacher/**] is missing a leading slash. This is discouraged; please include the leading slash in all your request matcher patterns. In future versions of Spring Security, leaving out the leading slash will result in an exception.
2025-09-13 13:41:14,644 [INFO] org.studyeasy.SpringRestdemo.security.WebSecurityConfig [main] Custom form login configuration enabled
2025-09-13 13:41:14,648 [INFO] org.studyeasy.SpringRestdemo.security.WebSecurityConfig [main] Logout configuration enabled
2025-09-13 13:41:14,649 [INFO] org.studyeasy.SpringRestdemo.security.WebSecurityConfig [main] Disabling CSRF protection (make sure this is safe for your app!)
2025-09-13 13:41:14,651 [INFO] org.studyeasy.SpringRestdemo.security.WebSecurityConfig [main] Disabling frame options (for H2 console, etc.)
2025-09-13 13:41:14,651 [INFO] org.studyeasy.SpringRestdemo.security.WebSecurityConfig [main] SecurityFilterChain built successfully
2025-09-13 13:41:14,974 [INFO] org.studyeasy.SpringRestdemo.security.WebSecurityConfig [main] PasswordEncoder (BCrypt) bean initialized
2025-09-13 13:41:14,974 [INFO] org.studyeasy.SpringRestdemo.security.WebSecurityConfig [main] PasswordEncoder (BCrypt) bean initialized
2025-09-13 13:41:15,822 [INFO] org.springframework.boot.autoconfigure.h2.H2ConsoleAutoConfiguration [main] H2 console available at '/db-console'. Database available at 'jdbc:h2:file:./db/db'
2025-09-13 13:41:17,962 [INFO] org.apache.coyote.http11.Http11NioProtocol [main] Starting ProtocolHandler ["http-nio-8080"]
2025-09-13 13:41:25,162 [INFO] org.springframework.boot.web.embedded.tomcat.TomcatWebServer [main] Tomcat started on port 8080 (http) with context path '/'
2025-09-13 13:41:25,214 [INFO] org.studyeasy.SpringRestdemo.SpringRestdemoApplication [main] Started SpringRestdemoApplication in 28.884 seconds (process running for 29.824)
2025-09-13 13:54:06,951 [INFO] org.apache.catalina.core.ContainerBase.[Tomcat].[localhost].[/] [http-nio-8080-exec-7] Initializing Spring DispatcherServlet 'dispatcherServlet'
2025-09-13 13:54:06,955 [INFO] org.springframework.web.servlet.DispatcherServlet [http-nio-8080-exec-7] Initializing Servlet 'dispatcherServlet'
2025-09-13 13:54:06,981 [INFO] org.springframework.web.servlet.DispatcherServlet [http-nio-8080-exec-7] Completed initialization in 26 ms
2025-09-13 13:56:21,299 [INFO] org.hibernate.validator.internal.util.Version [background-preinit] HV000001: Hibernate Validator 8.0.2.Final
2025-09-13 13:56:21,736 [INFO] org.studyeasy.SpringRestdemo.SpringRestdemoApplication [main] Starting SpringRestdemoApplication using Java 17.0.15 with PID 14504 (D:\5TH SEMESTER\MAJOR PROJECTS\OD-MANAGMENT\backend\OD-STARTER\target\classes started by Teja in D:\5TH SEMESTER\MAJOR PROJECTS\OD-MANAGMENT\backend\OD-STARTER)
2025-09-13 13:56:21,738 [DEBUG] org.studyeasy.SpringRestdemo.SpringRestdemoApplication [main] Running with Spring Boot v3.5.3, Spring v6.2.8
2025-09-13 13:56:21,742 [INFO] org.studyeasy.SpringRestdemo.SpringRestdemoApplication [main] No active profile set, falling back to 1 default profile: "default"
2025-09-13 13:56:24,406 [INFO] org.springframework.data.repository.config.RepositoryConfigurationDelegate [main] Bootstrapping Spring Data JPA repositories in DEFAULT mode.
2025-09-13 13:56:24,851 [INFO] org.springframework.data.repository.config.RepositoryConfigurationDelegate [main] Finished Spring Data repository scanning in 389 ms. Found 8 JPA repository interfaces.
2025-09-13 13:56:26,950 [INFO] org.springframework.boot.web.embedded.tomcat.TomcatWebServer [main] Tomcat initialized with port 8080 (http)
2025-09-13 13:56:26,990 [INFO] org.apache.coyote.http11.Http11NioProtocol [main] Initializing ProtocolHandler ["http-nio-8080"]
2025-09-13 13:56:26,999 [INFO] org.apache.catalina.core.StandardService [main] Starting service [Tomcat]
2025-09-13 13:56:27,000 [INFO] org.apache.catalina.core.StandardEngine [main] Starting Servlet engine: [Apache Tomcat/10.1.42]
2025-09-13 13:56:27,261 [INFO] org.apache.catalina.core.ContainerBase.[Tomcat].[localhost].[/] [main] Initializing Spring embedded WebApplicationContext
2025-09-13 13:56:27,263 [INFO] org.springframework.boot.web.servlet.context.ServletWebServerApplicationContext [main] Root WebApplicationContext: initialization completed in 5364 ms
2025-09-13 13:56:27,707 [INFO] org.hibernate.jpa.internal.util.LogHelper [main] HHH000204: Processing PersistenceUnitInfo [name: default]
2025-09-13 13:56:27,899 [INFO] org.hibernate.Version [main] HHH000412: Hibernate ORM core version 6.6.18.Final
2025-09-13 13:56:27,986 [INFO] org.hibernate.cache.internal.RegionFactoryInitiator [main] HHH000026: Second-level cache disabled
2025-09-13 13:56:28,853 [INFO] org.springframework.orm.jpa.persistenceunit.SpringPersistenceUnitInfo [main] No LoadTimeWeaver setup: ignoring JPA class transformer
2025-09-13 13:56:28,952 [INFO] com.zaxxer.hikari.HikariDataSource [main] HikariPool-1 - Starting...
2025-09-13 13:56:29,845 [INFO] com.zaxxer.hikari.pool.HikariPool [main] HikariPool-1 - Added connection conn0: url=jdbc:h2:file:./db/db user=ADMIN
2025-09-13 13:56:29,848 [INFO] com.zaxxer.hikari.HikariDataSource [main] HikariPool-1 - Start completed.
2025-09-13 13:56:29,913 [WARN] org.hibernate.orm.deprecation [main] HHH90000025: H2Dialect does not need to be specified explicitly using 'hibernate.dialect' (remove the property setting and it will be selected by default)
2025-09-13 13:56:29,989 [INFO] org.hibernate.orm.connections.pooling [main] HHH10001005: Database info:
	Database JDBC URL [Connecting through datasource 'HikariDataSource (HikariPool-1)']
	Database driver: undefined/unknown
	Database version: 2.3.232
	Autocommit mode: undefined/unknown
	Isolation level: undefined/unknown
	Minimum pool size: undefined/unknown
	Maximum pool size: undefined/unknown
2025-09-13 13:56:32,517 [INFO] org.hibernate.engine.transaction.jta.platform.internal.JtaPlatformInitiator [main] HHH000489: No JTA platform available (set 'hibernate.transaction.jta.platform' to enable JTA platform integration)
2025-09-13 13:56:32,644 [INFO] org.springframework.orm.jpa.LocalContainerEntityManagerFactoryBean [main] Initialized JPA EntityManagerFactory for persistence unit 'default'
2025-09-13 13:56:33,539 [INFO] org.studyeasy.SpringRestdemo.security.WebSecurityConfig [main] PasswordEncoder (BCrypt) bean initialized
2025-09-13 13:56:34,553 [WARN] org.springframework.boot.autoconfigure.orm.jpa.JpaBaseConfiguration$JpaWebConfiguration [main] spring.jpa.open-in-view is enabled by default. Therefore, database queries may be performed during view rendering. Explicitly configure spring.jpa.open-in-view to disable this warning
2025-09-13 13:56:37,549 [WARN] org.springframework.security.config.annotation.authentication.configuration.InitializeUserDetailsBeanManagerConfigurer$InitializeUserDetailsManagerConfigurer [main] Found 4 UserDetailsService beans, with names [accountService, customUserDetailsService, professorService, userDetailsService]. Global Authentication Manager will not use a UserDetailsService for username/password login. Consider publishing a single UserDetailsService bean.
2025-09-13 13:56:37,737 [INFO] org.studyeasy.SpringRestdemo.security.WebSecurityConfig [main] Configuring SecurityFilterChain...
2025-09-13 13:56:37,755 [INFO] org.studyeasy.SpringRestdemo.security.WebSecurityConfig [main] Setting up request authorization rules...
2025-09-13 13:56:37,834 [WARN] org.springframework.security.config.annotation.web.configurers.AuthorizeHttpRequestsConfigurer$AuthorizationManagerRequestMatcherRegistry [main] One of the patterns in [api/v1/teacher/**] is missing a leading slash. This is discouraged; please include the leading slash in all your request matcher patterns. In future versions of Spring Security, leaving out the leading slash will result in an exception.
2025-09-13 13:56:37,874 [INFO] org.studyeasy.SpringRestdemo.security.WebSecurityConfig [main] Custom form login configuration enabled
2025-09-13 13:56:37,879 [INFO] org.studyeasy.SpringRestdemo.security.WebSecurityConfig [main] Logout configuration enabled
2025-09-13 13:56:37,885 [INFO] org.studyeasy.SpringRestdemo.security.WebSecurityConfig [main] Disabling CSRF protection (make sure this is safe for your app!)
2025-09-13 13:56:37,889 [INFO] org.studyeasy.SpringRestdemo.security.WebSecurityConfig [main] Disabling frame options (for H2 console, etc.)
2025-09-13 13:56:37,890 [INFO] org.studyeasy.SpringRestdemo.security.WebSecurityConfig [main] SecurityFilterChain built successfully
2025-09-13 13:56:38,178 [INFO] org.studyeasy.SpringRestdemo.security.WebSecurityConfig [main] PasswordEncoder (BCrypt) bean initialized
2025-09-13 13:56:38,179 [INFO] org.studyeasy.SpringRestdemo.security.WebSecurityConfig [main] PasswordEncoder (BCrypt) bean initialized
2025-09-13 13:56:38,861 [INFO] org.springframework.boot.autoconfigure.h2.H2ConsoleAutoConfiguration [main] H2 console available at '/db-console'. Database available at 'jdbc:h2:file:./db/db'
2025-09-13 13:56:39,131 [INFO] org.apache.coyote.http11.Http11NioProtocol [main] Starting ProtocolHandler ["http-nio-8080"]
2025-09-13 13:56:39,241 [INFO] org.springframework.boot.web.embedded.tomcat.TomcatWebServer [main] Tomcat started on port 8080 (http) with context path '/'
2025-09-13 13:56:39,374 [INFO] org.studyeasy.SpringRestdemo.SpringRestdemoApplication [main] Started SpringRestdemoApplication in 19.638 seconds (process running for 20.468)
2025-09-13 13:56:40,030 [INFO] org.apache.catalina.core.ContainerBase.[Tomcat].[localhost].[/] [http-nio-8080-exec-5] Initializing Spring DispatcherServlet 'dispatcherServlet'
2025-09-13 13:56:40,031 [INFO] org.springframework.web.servlet.DispatcherServlet [http-nio-8080-exec-5] Initializing Servlet 'dispatcherServlet'
2025-09-13 13:56:40,038 [INFO] org.springframework.web.servlet.DispatcherServlet [http-nio-8080-exec-5] Completed initialization in 6 ms
2025-09-13 13:59:21,054 [INFO] org.studyeasy.SpringRestdemo.service.AccountService [http-nio-8080-exec-7] Attempting to authenticate user with registerNo: A1001
2025-09-13 13:59:21,236 [DEBUG] org.studyeasy.SpringRestdemo.service.AccountService [http-nio-8080-exec-7] Result from accountRepository.findByRegisterNo(A1001): Optional.empty
2025-09-13 13:59:21,239 [WARN] org.studyeasy.SpringRestdemo.service.AccountService [http-nio-8080-exec-7] Authentication failed ? Account not found for registerNo: A1001
2025-09-13 13:59:22,413 [INFO] org.studyeasy.SpringRestdemo.security.WebSecurityConfig [http-nio-8080-exec-7] Login success for user: A1001 with role: ADMIN
2025-09-13 13:59:22,416 [WARN] org.studyeasy.SpringRestdemo.security.WebSecurityConfig [http-nio-8080-exec-7] Unknown role for user A1001: ADMIN
2025-09-13 13:59:22,553 [INFO] org.studyeasy.SpringRestdemo.service.AccountService [http-nio-8080-exec-4] Attempting to authenticate user with registerNo: A1001
2025-09-13 13:59:22,574 [DEBUG] org.studyeasy.SpringRestdemo.service.AccountService [http-nio-8080-exec-4] Result from accountRepository.findByRegisterNo(A1001): Optional.empty
2025-09-13 13:59:22,574 [WARN] org.studyeasy.SpringRestdemo.service.AccountService [http-nio-8080-exec-4] Authentication failed ? Account not found for registerNo: A1001
2025-09-13 13:59:23,406 [INFO] org.studyeasy.SpringRestdemo.security.WebSecurityConfig [http-nio-8080-exec-4] Login success for user: A1001 with role: ADMIN
2025-09-13 13:59:23,406 [WARN] org.studyeasy.SpringRestdemo.security.WebSecurityConfig [http-nio-8080-exec-4] Unknown role for user A1001: ADMIN
2025-09-13 14:00:14,416 [INFO] org.hibernate.validator.internal.util.Version [background-preinit] HV000001: Hibernate Validator 8.0.2.Final
2025-09-13 14:00:15,311 [INFO] org.studyeasy.SpringRestdemo.SpringRestdemoApplication [main] Starting SpringRestdemoApplication using Java 17.0.15 with PID 11180 (D:\5TH SEMESTER\MAJOR PROJECTS\OD-MANAGMENT\backend\OD-STARTER\target\classes started by Teja in D:\5TH SEMESTER\MAJOR PROJECTS\OD-MANAGMENT\backend\OD-STARTER)
2025-09-13 14:00:15,314 [DEBUG] org.studyeasy.SpringRestdemo.SpringRestdemoApplication [main] Running with Spring Boot v3.5.3, Spring v6.2.8
2025-09-13 14:00:15,327 [INFO] org.studyeasy.SpringRestdemo.SpringRestdemoApplication [main] No active profile set, falling back to 1 default profile: "default"
2025-09-13 14:00:29,514 [INFO] org.springframework.data.repository.config.RepositoryConfigurationDelegate [main] Bootstrapping Spring Data JPA repositories in DEFAULT mode.
2025-09-13 14:00:30,420 [INFO] org.springframework.data.repository.config.RepositoryConfigurationDelegate [main] Finished Spring Data repository scanning in 583 ms. Found 8 JPA repository interfaces.
2025-09-13 14:00:32,273 [INFO] org.springframework.boot.web.embedded.tomcat.TomcatWebServer [main] Tomcat initialized with port 8080 (http)
2025-09-13 14:00:32,311 [INFO] org.apache.coyote.http11.Http11NioProtocol [main] Initializing ProtocolHandler ["http-nio-8080"]
2025-09-13 14:00:32,318 [INFO] org.apache.catalina.core.StandardService [main] Starting service [Tomcat]
2025-09-13 14:00:32,320 [INFO] org.apache.catalina.core.StandardEngine [main] Starting Servlet engine: [Apache Tomcat/10.1.42]
2025-09-13 14:00:32,541 [INFO] org.apache.catalina.core.ContainerBase.[Tomcat].[localhost].[/] [main] Initializing Spring embedded WebApplicationContext
2025-09-13 14:00:32,543 [INFO] org.springframework.boot.web.servlet.context.ServletWebServerApplicationContext [main] Root WebApplicationContext: initialization completed in 16526 ms
2025-09-13 14:00:33,215 [INFO] org.hibernate.jpa.internal.util.LogHelper [main] HHH000204: Processing PersistenceUnitInfo [name: default]
2025-09-13 14:00:33,391 [INFO] org.hibernate.Version [main] HHH000412: Hibernate ORM core version 6.6.18.Final
2025-09-13 14:00:33,499 [INFO] org.hibernate.cache.internal.RegionFactoryInitiator [main] HHH000026: Second-level cache disabled
2025-09-13 14:00:35,296 [INFO] org.springframework.orm.jpa.persistenceunit.SpringPersistenceUnitInfo [main] No LoadTimeWeaver setup: ignoring JPA class transformer
2025-09-13 14:00:36,071 [INFO] com.zaxxer.hikari.HikariDataSource [main] HikariPool-1 - Starting...
2025-09-13 14:00:42,074 [INFO] com.zaxxer.hikari.pool.HikariPool [main] HikariPool-1 - Added connection conn0: url=jdbc:h2:file:./db/db user=ADMIN
2025-09-13 14:00:42,108 [INFO] com.zaxxer.hikari.HikariDataSource [main] HikariPool-1 - Start completed.
2025-09-13 14:00:42,730 [WARN] org.hibernate.orm.deprecation [main] HHH90000025: H2Dialect does not need to be specified explicitly using 'hibernate.dialect' (remove the property setting and it will be selected by default)
2025-09-13 14:00:43,141 [INFO] org.hibernate.orm.connections.pooling [main] HHH10001005: Database info:
	Database JDBC URL [Connecting through datasource 'HikariDataSource (HikariPool-1)']
	Database driver: undefined/unknown
	Database version: 2.3.232
	Autocommit mode: undefined/unknown
	Isolation level: undefined/unknown
	Minimum pool size: undefined/unknown
	Maximum pool size: undefined/unknown
2025-09-13 14:00:51,317 [INFO] org.hibernate.engine.transaction.jta.platform.internal.JtaPlatformInitiator [main] HHH000489: No JTA platform available (set 'hibernate.transaction.jta.platform' to enable JTA platform integration)
2025-09-13 14:00:51,500 [INFO] org.springframework.orm.jpa.LocalContainerEntityManagerFactoryBean [main] Initialized JPA EntityManagerFactory for persistence unit 'default'
2025-09-13 14:00:52,807 [INFO] org.studyeasy.SpringRestdemo.security.WebSecurityConfig [main] PasswordEncoder (BCrypt) bean initialized
2025-09-13 14:00:54,240 [WARN] org.springframework.boot.autoconfigure.orm.jpa.JpaBaseConfiguration$JpaWebConfiguration [main] spring.jpa.open-in-view is enabled by default. Therefore, database queries may be performed during view rendering. Explicitly configure spring.jpa.open-in-view to disable this warning
2025-09-13 14:01:00,083 [WARN] org.springframework.security.config.annotation.authentication.configuration.InitializeUserDetailsBeanManagerConfigurer$InitializeUserDetailsManagerConfigurer [main] Found 4 UserDetailsService beans, with names [accountService, customUserDetailsService, professorService, userDetailsService]. Global Authentication Manager will not use a UserDetailsService for username/password login. Consider publishing a single UserDetailsService bean.
2025-09-13 14:01:00,289 [INFO] org.studyeasy.SpringRestdemo.security.WebSecurityConfig [main] Configuring SecurityFilterChain...
2025-09-13 14:01:00,310 [INFO] org.studyeasy.SpringRestdemo.security.WebSecurityConfig [main] Setting up request authorization rules...
2025-09-13 14:01:00,404 [WARN] org.springframework.security.config.annotation.web.configurers.AuthorizeHttpRequestsConfigurer$AuthorizationManagerRequestMatcherRegistry [main] One of the patterns in [api/v1/teacher/**] is missing a leading slash. This is discouraged; please include the leading slash in all your request matcher patterns. In future versions of Spring Security, leaving out the leading slash will result in an exception.
2025-09-13 14:01:00,438 [INFO] org.studyeasy.SpringRestdemo.security.WebSecurityConfig [main] Custom form login configuration enabled
2025-09-13 14:01:00,442 [INFO] org.studyeasy.SpringRestdemo.security.WebSecurityConfig [main] Logout configuration enabled
2025-09-13 14:01:00,445 [INFO] org.studyeasy.SpringRestdemo.security.WebSecurityConfig [main] Disabling CSRF protection (make sure this is safe for your app!)
2025-09-13 14:01:00,447 [INFO] org.studyeasy.SpringRestdemo.security.WebSecurityConfig [main] Disabling frame options (for H2 console, etc.)
2025-09-13 14:01:00,448 [INFO] org.studyeasy.SpringRestdemo.security.WebSecurityConfig [main] SecurityFilterChain built successfully
2025-09-13 14:01:00,717 [INFO] org.studyeasy.SpringRestdemo.security.WebSecurityConfig [main] PasswordEncoder (BCrypt) bean initialized
2025-09-13 14:01:00,718 [INFO] org.studyeasy.SpringRestdemo.security.WebSecurityConfig [main] PasswordEncoder (BCrypt) bean initialized
2025-09-13 14:01:01,359 [INFO] org.springframework.boot.autoconfigure.h2.H2ConsoleAutoConfiguration [main] H2 console available at '/db-console'. Database available at 'jdbc:h2:file:./db/db'
2025-09-13 14:01:01,605 [INFO] org.apache.coyote.http11.Http11NioProtocol [main] Starting ProtocolHandler ["http-nio-8080"]
2025-09-13 14:01:01,688 [INFO] org.springframework.boot.web.embedded.tomcat.TomcatWebServer [main] Tomcat started on port 8080 (http) with context path '/'
2025-09-13 14:01:01,750 [INFO] org.studyeasy.SpringRestdemo.SpringRestdemoApplication [main] Started SpringRestdemoApplication in 52.212 seconds (process running for 52.95)
2025-09-13 14:01:11,818 [INFO] org.apache.catalina.core.ContainerBase.[Tomcat].[localhost].[/] [http-nio-8080-exec-1] Initializing Spring DispatcherServlet 'dispatcherServlet'
2025-09-13 14:01:11,818 [INFO] org.springframework.web.servlet.DispatcherServlet [http-nio-8080-exec-1] Initializing Servlet 'dispatcherServlet'
2025-09-13 14:01:11,820 [INFO] org.springframework.web.servlet.DispatcherServlet [http-nio-8080-exec-1] Completed initialization in 2 ms
2025-09-13 14:01:24,091 [INFO] org.studyeasy.SpringRestdemo.service.AccountService [http-nio-8080-exec-9] Attempting to authenticate user with registerNo: A1001
2025-09-13 14:01:24,183 [DEBUG] org.studyeasy.SpringRestdemo.service.AccountService [http-nio-8080-exec-9] Result from accountRepository.findByRegisterNo(A1001): Optional.empty
2025-09-13 14:01:24,184 [WARN] org.studyeasy.SpringRestdemo.service.AccountService [http-nio-8080-exec-9] Authentication failed ? Account not found for registerNo: A1001
2025-09-13 14:01:24,777 [INFO] org.studyeasy.SpringRestdemo.security.WebSecurityConfig [http-nio-8080-exec-9] Login success for user: A1001 with role: ADMIN
2025-09-13 14:04:19,228 [INFO] org.hibernate.validator.internal.util.Version [background-preinit] HV000001: Hibernate Validator 8.0.2.Final
2025-09-13 14:04:19,368 [INFO] org.studyeasy.SpringRestdemo.SpringRestdemoApplication [main] Starting SpringRestdemoApplication using Java 17.0.15 with PID 15372 (D:\5TH SEMESTER\MAJOR PROJECTS\OD-MANAGMENT\backend\OD-STARTER\target\classes started by Teja in D:\5TH SEMESTER\MAJOR PROJECTS\OD-MANAGMENT\backend\OD-STARTER)
2025-09-13 14:04:19,370 [DEBUG] org.studyeasy.SpringRestdemo.SpringRestdemoApplication [main] Running with Spring Boot v3.5.3, Spring v6.2.8
2025-09-13 14:04:19,372 [INFO] org.studyeasy.SpringRestdemo.SpringRestdemoApplication [main] No active profile set, falling back to 1 default profile: "default"
2025-09-13 14:04:22,316 [INFO] org.springframework.data.repository.config.RepositoryConfigurationDelegate [main] Bootstrapping Spring Data JPA repositories in DEFAULT mode.
2025-09-13 14:04:22,608 [INFO] org.springframework.data.repository.config.RepositoryConfigurationDelegate [main] Finished Spring Data repository scanning in 272 ms. Found 8 JPA repository interfaces.
2025-09-13 14:04:24,209 [INFO] org.springframework.boot.web.embedded.tomcat.TomcatWebServer [main] Tomcat initialized with port 8080 (http)
2025-09-13 14:04:24,232 [INFO] org.apache.coyote.http11.Http11NioProtocol [main] Initializing ProtocolHandler ["http-nio-8080"]
2025-09-13 14:04:24,236 [INFO] org.apache.catalina.core.StandardService [main] Starting service [Tomcat]
2025-09-13 14:04:24,236 [INFO] org.apache.catalina.core.StandardEngine [main] Starting Servlet engine: [Apache Tomcat/10.1.42]
2025-09-13 14:04:24,389 [INFO] org.apache.catalina.core.ContainerBase.[Tomcat].[localhost].[/] [main] Initializing Spring embedded WebApplicationContext
2025-09-13 14:04:24,392 [INFO] org.springframework.boot.web.servlet.context.ServletWebServerApplicationContext [main] Root WebApplicationContext: initialization completed in 4873 ms
2025-09-13 14:04:24,823 [INFO] org.hibernate.jpa.internal.util.LogHelper [main] HHH000204: Processing PersistenceUnitInfo [name: default]
2025-09-13 14:04:24,959 [INFO] org.hibernate.Version [main] HHH000412: Hibernate ORM core version 6.6.18.Final
2025-09-13 14:04:25,058 [INFO] org.hibernate.cache.internal.RegionFactoryInitiator [main] HHH000026: Second-level cache disabled
2025-09-13 14:04:25,942 [INFO] org.springframework.orm.jpa.persistenceunit.SpringPersistenceUnitInfo [main] No LoadTimeWeaver setup: ignoring JPA class transformer
2025-09-13 14:04:26,023 [INFO] com.zaxxer.hikari.HikariDataSource [main] HikariPool-1 - Starting...
2025-09-13 14:04:26,720 [INFO] com.zaxxer.hikari.pool.HikariPool [main] HikariPool-1 - Added connection conn0: url=jdbc:h2:file:./db/db user=ADMIN
2025-09-13 14:04:26,724 [INFO] com.zaxxer.hikari.HikariDataSource [main] HikariPool-1 - Start completed.
2025-09-13 14:04:26,767 [WARN] org.hibernate.orm.deprecation [main] HHH90000025: H2Dialect does not need to be specified explicitly using 'hibernate.dialect' (remove the property setting and it will be selected by default)
2025-09-13 14:04:26,815 [INFO] org.hibernate.orm.connections.pooling [main] HHH10001005: Database info:
	Database JDBC URL [Connecting through datasource 'HikariDataSource (HikariPool-1)']
	Database driver: undefined/unknown
	Database version: 2.3.232
	Autocommit mode: undefined/unknown
	Isolation level: undefined/unknown
	Minimum pool size: undefined/unknown
	Maximum pool size: undefined/unknown
2025-09-13 14:04:29,327 [INFO] org.hibernate.engine.transaction.jta.platform.internal.JtaPlatformInitiator [main] HHH000489: No JTA platform available (set 'hibernate.transaction.jta.platform' to enable JTA platform integration)
2025-09-13 14:04:29,448 [INFO] org.springframework.orm.jpa.LocalContainerEntityManagerFactoryBean [main] Initialized JPA EntityManagerFactory for persistence unit 'default'
2025-09-13 14:04:30,465 [INFO] org.studyeasy.SpringRestdemo.security.WebSecurityConfig [main] PasswordEncoder (BCrypt) bean initialized
2025-09-13 14:04:31,563 [WARN] org.springframework.boot.autoconfigure.orm.jpa.JpaBaseConfiguration$JpaWebConfiguration [main] spring.jpa.open-in-view is enabled by default. Therefore, database queries may be performed during view rendering. Explicitly configure spring.jpa.open-in-view to disable this warning
2025-09-13 14:04:33,884 [WARN] org.springframework.security.config.annotation.authentication.configuration.InitializeUserDetailsBeanManagerConfigurer$InitializeUserDetailsManagerConfigurer [main] Found 4 UserDetailsService beans, with names [accountService, customUserDetailsService, professorService, userDetailsService]. Global Authentication Manager will not use a UserDetailsService for username/password login. Consider publishing a single UserDetailsService bean.
2025-09-13 14:04:34,040 [INFO] org.studyeasy.SpringRestdemo.security.WebSecurityConfig [main] Configuring SecurityFilterChain...
2025-09-13 14:04:34,055 [INFO] org.studyeasy.SpringRestdemo.security.WebSecurityConfig [main] Setting up request authorization rules...
2025-09-13 14:04:34,107 [WARN] org.springframework.security.config.annotation.web.configurers.AuthorizeHttpRequestsConfigurer$AuthorizationManagerRequestMatcherRegistry [main] One of the patterns in [api/v1/teacher/**] is missing a leading slash. This is discouraged; please include the leading slash in all your request matcher patterns. In future versions of Spring Security, leaving out the leading slash will result in an exception.
2025-09-13 14:04:34,132 [INFO] org.studyeasy.SpringRestdemo.security.WebSecurityConfig [main] Custom form login configuration enabled
2025-09-13 14:04:34,134 [INFO] org.studyeasy.SpringRestdemo.security.WebSecurityConfig [main] Logout configuration enabled
2025-09-13 14:04:34,135 [INFO] org.studyeasy.SpringRestdemo.security.WebSecurityConfig [main] Disabling CSRF protection (make sure this is safe for your app!)
2025-09-13 14:04:34,136 [INFO] org.studyeasy.SpringRestdemo.security.WebSecurityConfig [main] Disabling frame options (for H2 console, etc.)
2025-09-13 14:04:34,136 [INFO] org.studyeasy.SpringRestdemo.security.WebSecurityConfig [main] SecurityFilterChain built successfully
2025-09-13 14:04:34,349 [INFO] org.studyeasy.SpringRestdemo.security.WebSecurityConfig [main] PasswordEncoder (BCrypt) bean initialized
2025-09-13 14:04:34,351 [INFO] org.studyeasy.SpringRestdemo.security.WebSecurityConfig [main] PasswordEncoder (BCrypt) bean initialized
2025-09-13 14:04:34,994 [INFO] org.springframework.boot.autoconfigure.h2.H2ConsoleAutoConfiguration [main] H2 console available at '/db-console'. Database available at 'jdbc:h2:file:./db/db'
2025-09-13 14:04:35,182 [INFO] org.apache.coyote.http11.Http11NioProtocol [main] Starting ProtocolHandler ["http-nio-8080"]
2025-09-13 14:04:35,241 [INFO] org.springframework.boot.web.embedded.tomcat.TomcatWebServer [main] Tomcat started on port 8080 (http) with context path '/'
2025-09-13 14:04:35,273 [INFO] org.studyeasy.SpringRestdemo.SpringRestdemoApplication [main] Started SpringRestdemoApplication in 17.075 seconds (process running for 17.826)
2025-09-13 14:04:36,376 [INFO] org.studyeasy.SpringRestdemo.service.ProfessorService [main] Saving ProfessorAccount with register number: P1001
2025-09-13 14:04:37,048 [DEBUG] org.studyeasy.SpringRestdemo.service.ProfessorService [main] ProfessorAccount saved successfully: ProfessorAccount(id=1, registerNo=P1001, name=Dr. S. Gayathri, designation=Assistant Professor, email=gayathri@univ.com, profName=S.Gayatri, department=CSE, branch=BE, age=40, password=$2a$10$B1Hic9YInDdbaiu3ZnCEiOZnIn1uMyQtbJT.byvdcu1eQ6qvNZy32, Authorities=TEACHER)
2025-09-13 14:04:37,073 [INFO] org.studyeasy.SpringRestdemo.service.ProfessorService [main] Saving ProfessorAccount with register number: P1002
2025-09-13 14:04:37,276 [DEBUG] org.studyeasy.SpringRestdemo.service.ProfessorService [main] ProfessorAccount saved successfully: ProfessorAccount(id=2, registerNo=P1002, name=Dr. R. Kumar, designation=Associate Professor, email=kumar@univ.com, profName=Kumar, department=ECE, branch=BE, age=45, password=$2a$10$TUELT6m6edHAUMzT152YK.Guj9RkHG1jA3Nu6ZauL73P2vxLT47f2, Authorities=TEACHER)
2025-09-13 14:04:37,792 [INFO] org.studyeasy.SpringRestdemo.service.ProfessorService [main] Saving ProfessorAccount with register number: A1001
2025-09-13 14:04:37,976 [DEBUG] org.studyeasy.SpringRestdemo.service.ProfessorService [main] ProfessorAccount saved successfully: ProfessorAccount(id=3, registerNo=A1001, name=System Admin, designation=Administrator, email=admin@univ.com, profName=Lakshman, department=Administration, branch=N/A, age=35, password=$2a$10$I6bw1B2QzkMCXtTdMnCtH.oh.ngD/4OBgnTjf1tUSofnrRFZ.d8wC, Authorities=ADMIN)
2025-09-13 14:05:10,776 [INFO] org.apache.catalina.core.ContainerBase.[Tomcat].[localhost].[/] [http-nio-8080-exec-1] Initializing Spring DispatcherServlet 'dispatcherServlet'
2025-09-13 14:05:10,777 [INFO] org.springframework.web.servlet.DispatcherServlet [http-nio-8080-exec-1] Initializing Servlet 'dispatcherServlet'
2025-09-13 14:05:10,781 [INFO] org.springframework.web.servlet.DispatcherServlet [http-nio-8080-exec-1] Completed initialization in 4 ms
2025-09-13 14:05:19,628 [INFO] org.studyeasy.SpringRestdemo.service.AccountService [http-nio-8080-exec-7] Attempting to authenticate user with registerNo: A1001
2025-09-13 14:05:19,786 [DEBUG] org.studyeasy.SpringRestdemo.service.AccountService [http-nio-8080-exec-7] Result from accountRepository.findByRegisterNo(A1001): Optional.empty
2025-09-13 14:05:19,787 [WARN] org.studyeasy.SpringRestdemo.service.AccountService [http-nio-8080-exec-7] Authentication failed ? Account not found for registerNo: A1001
2025-09-13 14:05:20,485 [INFO] org.studyeasy.SpringRestdemo.service.ProfessorService [http-nio-8080-exec-7] Loading user by register number: A1001
2025-09-13 14:05:20,511 [DEBUG] org.studyeasy.SpringRestdemo.service.ProfessorService [http-nio-8080-exec-7] Account found: ProfessorAccount(id=3, registerNo=A1001, name=System Admin, designation=Administrator, email=admin@univ.com, profName=Lakshman, department=Administration, branch=N/A, age=35, password=$2a$10$I6bw1B2QzkMCXtTdMnCtH.oh.ngD/4OBgnTjf1tUSofnrRFZ.d8wC, Authorities=ADMIN)
2025-09-13 14:05:20,511 [INFO] org.studyeasy.SpringRestdemo.service.ProfessorService [http-nio-8080-exec-7] Returning UserDetails for register number: A1001
2025-09-13 14:05:20,811 [INFO] org.studyeasy.SpringRestdemo.security.WebSecurityConfig [http-nio-8080-exec-7] Login success for user: A1001 with role: ADMIN
2025-09-13 14:05:50,625 [INFO] org.hibernate.validator.internal.util.Version [background-preinit] HV000001: Hibernate Validator 8.0.2.Final
2025-09-13 14:05:50,787 [INFO] org.studyeasy.SpringRestdemo.SpringRestdemoApplication [main] Starting SpringRestdemoApplication using Java 17.0.15 with PID 16156 (D:\5TH SEMESTER\MAJOR PROJECTS\OD-MANAGMENT\backend\OD-STARTER\target\classes started by Teja in D:\5TH SEMESTER\MAJOR PROJECTS\OD-MANAGMENT\backend\OD-STARTER)
2025-09-13 14:05:50,789 [DEBUG] org.studyeasy.SpringRestdemo.SpringRestdemoApplication [main] Running with Spring Boot v3.5.3, Spring v6.2.8
2025-09-13 14:05:50,790 [INFO] org.studyeasy.SpringRestdemo.SpringRestdemoApplication [main] No active profile set, falling back to 1 default profile: "default"
2025-09-13 14:05:53,126 [INFO] org.springframework.data.repository.config.RepositoryConfigurationDelegate [main] Bootstrapping Spring Data JPA repositories in DEFAULT mode.
2025-09-13 14:05:53,364 [INFO] org.springframework.data.repository.config.RepositoryConfigurationDelegate [main] Finished Spring Data repository scanning in 208 ms. Found 8 JPA repository interfaces.
2025-09-13 14:05:55,083 [INFO] org.springframework.boot.web.embedded.tomcat.TomcatWebServer [main] Tomcat initialized with port 8080 (http)
2025-09-13 14:05:55,116 [INFO] org.apache.coyote.http11.Http11NioProtocol [main] Initializing ProtocolHandler ["http-nio-8080"]
2025-09-13 14:05:55,121 [INFO] org.apache.catalina.core.StandardService [main] Starting service [Tomcat]
2025-09-13 14:05:55,123 [INFO] org.apache.catalina.core.StandardEngine [main] Starting Servlet engine: [Apache Tomcat/10.1.42]
2025-09-13 14:05:55,351 [INFO] org.apache.catalina.core.ContainerBase.[Tomcat].[localhost].[/] [main] Initializing Spring embedded WebApplicationContext
2025-09-13 14:05:55,353 [INFO] org.springframework.boot.web.servlet.context.ServletWebServerApplicationContext [main] Root WebApplicationContext: initialization completed in 4388 ms
2025-09-13 14:05:55,931 [INFO] org.hibernate.jpa.internal.util.LogHelper [main] HHH000204: Processing PersistenceUnitInfo [name: default]
2025-09-13 14:05:56,053 [INFO] org.hibernate.Version [main] HHH000412: Hibernate ORM core version 6.6.18.Final
2025-09-13 14:05:56,128 [INFO] org.hibernate.cache.internal.RegionFactoryInitiator [main] HHH000026: Second-level cache disabled
2025-09-13 14:05:56,706 [INFO] org.springframework.orm.jpa.persistenceunit.SpringPersistenceUnitInfo [main] No LoadTimeWeaver setup: ignoring JPA class transformer
2025-09-13 14:05:56,766 [INFO] com.zaxxer.hikari.HikariDataSource [main] HikariPool-1 - Starting...
2025-09-13 14:05:57,308 [INFO] com.zaxxer.hikari.pool.HikariPool [main] HikariPool-1 - Added connection conn0: url=jdbc:h2:file:./db/db user=ADMIN
2025-09-13 14:05:57,312 [INFO] com.zaxxer.hikari.HikariDataSource [main] HikariPool-1 - Start completed.
2025-09-13 14:05:57,372 [WARN] org.hibernate.orm.deprecation [main] HHH90000025: H2Dialect does not need to be specified explicitly using 'hibernate.dialect' (remove the property setting and it will be selected by default)
2025-09-13 14:05:57,426 [INFO] org.hibernate.orm.connections.pooling [main] HHH10001005: Database info:
	Database JDBC URL [Connecting through datasource 'HikariDataSource (HikariPool-1)']
	Database driver: undefined/unknown
	Database version: 2.3.232
	Autocommit mode: undefined/unknown
	Isolation level: undefined/unknown
	Minimum pool size: undefined/unknown
	Maximum pool size: undefined/unknown
2025-09-13 14:05:59,661 [INFO] org.hibernate.engine.transaction.jta.platform.internal.JtaPlatformInitiator [main] HHH000489: No JTA platform available (set 'hibernate.transaction.jta.platform' to enable JTA platform integration)
2025-09-13 14:05:59,780 [INFO] org.springframework.orm.jpa.LocalContainerEntityManagerFactoryBean [main] Initialized JPA EntityManagerFactory for persistence unit 'default'
2025-09-13 14:06:00,589 [INFO] org.studyeasy.SpringRestdemo.security.WebSecurityConfig [main] PasswordEncoder (BCrypt) bean initialized
2025-09-13 14:06:01,548 [WARN] org.springframework.boot.autoconfigure.orm.jpa.JpaBaseConfiguration$JpaWebConfiguration [main] spring.jpa.open-in-view is enabled by default. Therefore, database queries may be performed during view rendering. Explicitly configure spring.jpa.open-in-view to disable this warning
2025-09-13 14:06:04,241 [WARN] org.springframework.security.config.annotation.authentication.configuration.InitializeUserDetailsBeanManagerConfigurer$InitializeUserDetailsManagerConfigurer [main] Found 4 UserDetailsService beans, with names [accountService, customUserDetailsService, professorService, userDetailsService]. Global Authentication Manager will not use a UserDetailsService for username/password login. Consider publishing a single UserDetailsService bean.
2025-09-13 14:06:04,431 [INFO] org.studyeasy.SpringRestdemo.security.WebSecurityConfig [main] Configuring SecurityFilterChain...
2025-09-13 14:06:04,448 [INFO] org.studyeasy.SpringRestdemo.security.WebSecurityConfig [main] Setting up request authorization rules...
2025-09-13 14:06:04,532 [WARN] org.springframework.security.config.annotation.web.configurers.AuthorizeHttpRequestsConfigurer$AuthorizationManagerRequestMatcherRegistry [main] One of the patterns in [api/v1/teacher/**] is missing a leading slash. This is discouraged; please include the leading slash in all your request matcher patterns. In future versions of Spring Security, leaving out the leading slash will result in an exception.
2025-09-13 14:06:04,563 [INFO] org.studyeasy.SpringRestdemo.security.WebSecurityConfig [main] Custom form login configuration enabled
2025-09-13 14:06:04,567 [INFO] org.studyeasy.SpringRestdemo.security.WebSecurityConfig [main] Logout configuration enabled
2025-09-13 14:06:04,568 [INFO] org.studyeasy.SpringRestdemo.security.WebSecurityConfig [main] Disabling CSRF protection (make sure this is safe for your app!)
2025-09-13 14:06:04,570 [INFO] org.studyeasy.SpringRestdemo.security.WebSecurityConfig [main] Disabling frame options (for H2 console, etc.)
2025-09-13 14:06:04,571 [INFO] org.studyeasy.SpringRestdemo.security.WebSecurityConfig [main] SecurityFilterChain built successfully
2025-09-13 14:06:04,860 [INFO] org.studyeasy.SpringRestdemo.security.WebSecurityConfig [main] PasswordEncoder (BCrypt) bean initialized
2025-09-13 14:06:04,861 [INFO] org.studyeasy.SpringRestdemo.security.WebSecurityConfig [main] PasswordEncoder (BCrypt) bean initialized
2025-09-13 14:06:05,743 [INFO] org.springframework.boot.autoconfigure.h2.H2ConsoleAutoConfiguration [main] H2 console available at '/db-console'. Database available at 'jdbc:h2:file:./db/db'
2025-09-13 14:06:06,310 [INFO] org.apache.coyote.http11.Http11NioProtocol [main] Starting ProtocolHandler ["http-nio-8080"]
2025-09-13 14:06:06,450 [INFO] org.springframework.boot.web.embedded.tomcat.TomcatWebServer [main] Tomcat started on port 8080 (http) with context path '/'
2025-09-13 14:06:06,520 [INFO] org.studyeasy.SpringRestdemo.SpringRestdemoApplication [main] Started SpringRestdemoApplication in 16.974 seconds (process running for 17.725)
2025-09-13 14:06:06,647 [INFO] org.apache.catalina.core.ContainerBase.[Tomcat].[localhost].[/] [http-nio-8080-exec-1] Initializing Spring DispatcherServlet 'dispatcherServlet'
2025-09-13 14:06:06,648 [INFO] org.springframework.web.servlet.DispatcherServlet [http-nio-8080-exec-1] Initializing Servlet 'dispatcherServlet'
2025-09-13 14:06:06,655 [INFO] org.springframework.web.servlet.DispatcherServlet [http-nio-8080-exec-1] Completed initialization in 7 ms
2025-09-13 14:06:07,067 [INFO] org.studyeasy.SpringRestdemo.service.ProfessorService [main] Saving ProfessorAccount with register number: P1001
2025-09-13 14:06:07,474 [DEBUG] org.studyeasy.SpringRestdemo.service.ProfessorService [main] ProfessorAccount saved successfully: ProfessorAccount(id=1, registerNo=P1001, name=Dr. S. Gayathri, designation=Assistant Professor, email=gayathri@univ.com, profName=S.Gayatri, department=CSE, branch=BE, age=40, password=$2a$10$sKTPqlZAAqsC9k3bdrmEUObWieH.CelLAluGuRfhBYFwSb2BONLzS, Authorities=TEACHER)
2025-09-13 14:06:07,490 [INFO] org.studyeasy.SpringRestdemo.service.ProfessorService [main] Saving ProfessorAccount with register number: P1002
2025-09-13 14:06:07,669 [DEBUG] org.studyeasy.SpringRestdemo.service.ProfessorService [main] ProfessorAccount saved successfully: ProfessorAccount(id=2, registerNo=P1002, name=Dr. R. Kumar, designation=Associate Professor, email=kumar@univ.com, profName=Kumar, department=ECE, branch=BE, age=45, password=$2a$10$YV0kujo3LtjjuJDCGHHZVuTjnnxUs5peluD16EP/f.uAxdpMK7q/6, Authorities=TEACHER)
2025-09-13 14:06:08,163 [INFO] org.studyeasy.SpringRestdemo.service.ProfessorService [main] Saving ProfessorAccount with register number: A1001
2025-09-13 14:06:08,318 [DEBUG] org.studyeasy.SpringRestdemo.service.ProfessorService [main] ProfessorAccount saved successfully: ProfessorAccount(id=3, registerNo=A1001, name=System Admin, designation=Administrator, email=admin@univ.com, profName=Lakshman, department=Administration, branch=N/A, age=35, password=$2a$10$xpk4XRcSNVe3cqfP6bcz3uAmseuityYLXTBOxrLAmVBOz7iZCyG/C, Authorities=ADMIN)
2025-09-13 14:09:25,291 [INFO] org.studyeasy.SpringRestdemo.service.AccountService [http-nio-8080-exec-8] Attempting to authenticate user with registerNo: A1001
2025-09-13 14:09:25,332 [DEBUG] org.studyeasy.SpringRestdemo.service.AccountService [http-nio-8080-exec-8] Result from accountRepository.findByRegisterNo(A1001): Optional.empty
2025-09-13 14:09:25,332 [WARN] org.studyeasy.SpringRestdemo.service.AccountService [http-nio-8080-exec-8] Authentication failed ? Account not found for registerNo: A1001
2025-09-13 14:09:25,726 [INFO] org.studyeasy.SpringRestdemo.service.ProfessorService [http-nio-8080-exec-8] Loading user by register number: A1001
2025-09-13 14:09:25,755 [DEBUG] org.studyeasy.SpringRestdemo.service.ProfessorService [http-nio-8080-exec-8] Account found: ProfessorAccount(id=3, registerNo=A1001, name=System Admin, designation=Administrator, email=admin@univ.com, profName=Lakshman, department=Administration, branch=N/A, age=35, password=$2a$10$xpk4XRcSNVe3cqfP6bcz3uAmseuityYLXTBOxrLAmVBOz7iZCyG/C, Authorities=ADMIN)
2025-09-13 14:09:25,755 [INFO] org.studyeasy.SpringRestdemo.service.ProfessorService [http-nio-8080-exec-8] Returning UserDetails for register number: A1001
2025-09-13 14:09:25,975 [INFO] org.studyeasy.SpringRestdemo.security.WebSecurityConfig [http-nio-8080-exec-8] Login success for user: A1001 with role: ADMIN
2025-09-13 14:10:34,191 [INFO] org.studyeasy.SpringRestdemo.controller.AdminController [http-nio-8080-exec-5] A1001
2025-09-13 14:23:32,152 [INFO] org.studyeasy.SpringRestdemo.controller.AdminController [http-nio-8080-exec-8] ?? Received request to create event
2025-09-13 14:23:32,153 [DEBUG] org.studyeasy.SpringRestdemo.controller.AdminController [http-nio-8080-exec-8] Event data received: title=Oracle Skills Development, type=technical, venue=Oracle Main Office, start=2025-09-13T14:24, end=2025-09-13T20:23, coordinator=null, eligibleYears=[1, 2, 3]
2025-09-13 14:23:32,153 [INFO] org.studyeasy.SpringRestdemo.controller.AdminController [http-nio-8080-exec-8] ? Saving new event: Oracle Skills Development
2025-09-13 14:23:32,207 [INFO] org.studyeasy.SpringRestdemo.controller.AdminController [http-nio-8080-exec-8] ? Event 'Oracle Skills Development' created successfully
2025-09-13 14:48:18,573 [INFO] org.hibernate.validator.internal.util.Version [background-preinit] HV000001: Hibernate Validator 8.0.2.Final
2025-09-13 14:48:19,237 [INFO] org.studyeasy.SpringRestdemo.SpringRestdemoApplication [main] Starting SpringRestdemoApplication using Java 17.0.15 with PID 4328 (D:\5TH SEMESTER\MAJOR PROJECTS\OD-MANAGMENT\backend\OD-STARTER\target\classes started by Teja in D:\5TH SEMESTER\MAJOR PROJECTS\OD-MANAGMENT\backend\OD-STARTER)
2025-09-13 14:48:19,245 [DEBUG] org.studyeasy.SpringRestdemo.SpringRestdemoApplication [main] Running with Spring Boot v3.5.3, Spring v6.2.8
2025-09-13 14:48:19,255 [INFO] org.studyeasy.SpringRestdemo.SpringRestdemoApplication [main] No active profile set, falling back to 1 default profile: "default"
2025-09-13 14:48:28,731 [INFO] org.springframework.data.repository.config.RepositoryConfigurationDelegate [main] Bootstrapping Spring Data JPA repositories in DEFAULT mode.
2025-09-13 14:48:29,466 [INFO] org.springframework.data.repository.config.RepositoryConfigurationDelegate [main] Finished Spring Data repository scanning in 660 ms. Found 8 JPA repository interfaces.
2025-09-13 14:48:41,106 [INFO] org.springframework.boot.web.embedded.tomcat.TomcatWebServer [main] Tomcat initialized with port 8080 (http)
2025-09-13 14:48:41,245 [INFO] org.apache.coyote.http11.Http11NioProtocol [main] Initializing ProtocolHandler ["http-nio-8080"]
2025-09-13 14:48:41,274 [INFO] org.apache.catalina.core.StandardService [main] Starting service [Tomcat]
2025-09-13 14:48:41,275 [INFO] org.apache.catalina.core.StandardEngine [main] Starting Servlet engine: [Apache Tomcat/10.1.42]
2025-09-13 14:48:42,023 [INFO] org.apache.catalina.core.ContainerBase.[Tomcat].[localhost].[/] [main] Initializing Spring embedded WebApplicationContext
2025-09-13 14:48:42,032 [INFO] org.springframework.boot.web.servlet.context.ServletWebServerApplicationContext [main] Root WebApplicationContext: initialization completed in 22228 ms
2025-09-13 14:48:44,426 [INFO] org.hibernate.jpa.internal.util.LogHelper [main] HHH000204: Processing PersistenceUnitInfo [name: default]
2025-09-13 14:48:44,998 [INFO] org.hibernate.Version [main] HHH000412: Hibernate ORM core version 6.6.18.Final
2025-09-13 14:48:45,331 [INFO] org.hibernate.cache.internal.RegionFactoryInitiator [main] HHH000026: Second-level cache disabled
2025-09-13 14:48:49,064 [INFO] org.springframework.orm.jpa.persistenceunit.SpringPersistenceUnitInfo [main] No LoadTimeWeaver setup: ignoring JPA class transformer
2025-09-13 14:48:49,344 [INFO] com.zaxxer.hikari.HikariDataSource [main] HikariPool-1 - Starting...
2025-09-13 14:48:52,942 [INFO] com.zaxxer.hikari.pool.HikariPool [main] HikariPool-1 - Added connection conn0: url=jdbc:h2:file:./db/db user=ADMIN
2025-09-13 14:48:52,963 [INFO] com.zaxxer.hikari.HikariDataSource [main] HikariPool-1 - Start completed.
2025-09-13 14:48:53,446 [WARN] org.hibernate.orm.deprecation [main] HHH90000025: H2Dialect does not need to be specified explicitly using 'hibernate.dialect' (remove the property setting and it will be selected by default)
2025-09-13 14:48:53,645 [INFO] org.hibernate.orm.connections.pooling [main] HHH10001005: Database info:
	Database JDBC URL [Connecting through datasource 'HikariDataSource (HikariPool-1)']
	Database driver: undefined/unknown
	Database version: 2.3.232
	Autocommit mode: undefined/unknown
	Isolation level: undefined/unknown
	Minimum pool size: undefined/unknown
	Maximum pool size: undefined/unknown
2025-09-13 14:49:03,349 [INFO] org.hibernate.engine.transaction.jta.platform.internal.JtaPlatformInitiator [main] HHH000489: No JTA platform available (set 'hibernate.transaction.jta.platform' to enable JTA platform integration)
2025-09-13 14:49:03,947 [INFO] org.springframework.orm.jpa.LocalContainerEntityManagerFactoryBean [main] Initialized JPA EntityManagerFactory for persistence unit 'default'
2025-09-13 14:49:07,018 [INFO] org.studyeasy.SpringRestdemo.security.WebSecurityConfig [main] PasswordEncoder (BCrypt) bean initialized
2025-09-13 14:49:09,801 [WARN] org.springframework.boot.autoconfigure.orm.jpa.JpaBaseConfiguration$JpaWebConfiguration [main] spring.jpa.open-in-view is enabled by default. Therefore, database queries may be performed during view rendering. Explicitly configure spring.jpa.open-in-view to disable this warning
2025-09-13 14:49:17,720 [WARN] org.springframework.security.config.annotation.authentication.configuration.InitializeUserDetailsBeanManagerConfigurer$InitializeUserDetailsManagerConfigurer [main] Found 4 UserDetailsService beans, with names [accountService, customUserDetailsService, professorService, userDetailsService]. Global Authentication Manager will not use a UserDetailsService for username/password login. Consider publishing a single UserDetailsService bean.
2025-09-13 14:49:18,403 [INFO] org.studyeasy.SpringRestdemo.security.WebSecurityConfig [main] Configuring SecurityFilterChain...
2025-09-13 14:49:18,445 [INFO] org.studyeasy.SpringRestdemo.security.WebSecurityConfig [main] Setting up request authorization rules...
2025-09-13 14:49:18,628 [WARN] org.springframework.security.config.annotation.web.configurers.AuthorizeHttpRequestsConfigurer$AuthorizationManagerRequestMatcherRegistry [main] One of the patterns in [api/v1/teacher/**] is missing a leading slash. This is discouraged; please include the leading slash in all your request matcher patterns. In future versions of Spring Security, leaving out the leading slash will result in an exception.
2025-09-13 14:49:18,703 [INFO] org.studyeasy.SpringRestdemo.security.WebSecurityConfig [main] Custom form login configuration enabled
2025-09-13 14:49:18,712 [INFO] org.studyeasy.SpringRestdemo.security.WebSecurityConfig [main] Logout configuration enabled
2025-09-13 14:49:18,714 [INFO] org.studyeasy.SpringRestdemo.security.WebSecurityConfig [main] Disabling CSRF protection (make sure this is safe for your app!)
2025-09-13 14:49:18,718 [INFO] org.studyeasy.SpringRestdemo.security.WebSecurityConfig [main] Disabling frame options (for H2 console, etc.)
2025-09-13 14:49:18,720 [INFO] org.studyeasy.SpringRestdemo.security.WebSecurityConfig [main] SecurityFilterChain built successfully
2025-09-13 14:49:19,232 [INFO] org.studyeasy.SpringRestdemo.security.WebSecurityConfig [main] PasswordEncoder (BCrypt) bean initialized
2025-09-13 14:49:19,234 [INFO] org.studyeasy.SpringRestdemo.security.WebSecurityConfig [main] PasswordEncoder (BCrypt) bean initialized
2025-09-13 14:49:20,928 [INFO] org.springframework.boot.autoconfigure.h2.H2ConsoleAutoConfiguration [main] H2 console available at '/db-console'. Database available at 'jdbc:h2:file:./db/db'
2025-09-13 14:49:21,517 [INFO] org.apache.coyote.http11.Http11NioProtocol [main] Starting ProtocolHandler ["http-nio-8080"]
2025-09-13 14:49:21,798 [INFO] org.springframework.boot.web.embedded.tomcat.TomcatWebServer [main] Tomcat started on port 8080 (http) with context path '/'
2025-09-13 14:49:21,913 [INFO] org.studyeasy.SpringRestdemo.SpringRestdemoApplication [main] Started SpringRestdemoApplication in 68.543 seconds (process running for 72.546)
2025-09-13 14:49:23,249 [INFO] org.studyeasy.SpringRestdemo.service.ProfessorService [main] Saving ProfessorAccount with register number: P1001
2025-09-13 14:49:24,427 [DEBUG] org.studyeasy.SpringRestdemo.service.ProfessorService [main] ProfessorAccount saved successfully: ProfessorAccount(id=1, registerNo=P1001, name=Dr. S. Gayathri, designation=Assistant Professor, email=gayathri@univ.com, profName=S.Gayatri, department=CSE, branch=BE, age=40, password=$2a$10$OWrIaXpcTfMZusuVWYCu/OeZWW1YdLccEbypJ7Ex9RkFp7BFeZ2Mi, Authorities=TEACHER)
2025-09-13 14:49:24,475 [INFO] org.studyeasy.SpringRestdemo.service.ProfessorService [main] Saving ProfessorAccount with register number: P1002
2025-09-13 14:49:25,009 [DEBUG] org.studyeasy.SpringRestdemo.service.ProfessorService [main] ProfessorAccount saved successfully: ProfessorAccount(id=2, registerNo=P1002, name=Dr. R. Kumar, designation=Associate Professor, email=kumar@univ.com, profName=Kumar, department=ECE, branch=BE, age=45, password=$2a$10$yVaCTMbORUHkdjvL.ojF8uk4d4lX8VdVLQ41q1tUQdNfLKFPO1hJK, Authorities=TEACHER)
2025-09-13 14:49:25,460 [INFO] org.apache.catalina.core.ContainerBase.[Tomcat].[localhost].[/] [http-nio-8080-exec-1] Initializing Spring DispatcherServlet 'dispatcherServlet'
2025-09-13 14:49:25,461 [INFO] org.springframework.web.servlet.DispatcherServlet [http-nio-8080-exec-1] Initializing Servlet 'dispatcherServlet'
2025-09-13 14:49:25,476 [INFO] org.springframework.web.servlet.DispatcherServlet [http-nio-8080-exec-1] Completed initialization in 14 ms
2025-09-13 14:49:26,712 [WARN] org.apache.catalina.util.SessionIdGeneratorBase [http-nio-8080-exec-1] Creation of SecureRandom instance for session ID generation using [SHA1PRNG] took [767] milliseconds.
2025-09-13 14:49:28,219 [INFO] org.studyeasy.SpringRestdemo.service.ProfessorService [main] Saving ProfessorAccount with register number: A1001
2025-09-13 14:49:29,422 [DEBUG] org.studyeasy.SpringRestdemo.service.ProfessorService [main] ProfessorAccount saved successfully: ProfessorAccount(id=3, registerNo=A1001, name=System Admin, designation=Administrator, email=admin@univ.com, profName=Lakshman, department=Administration, branch=N/A, age=35, password=$2a$10$m69eLibu66Fe4S5Hnrc3weekDKr8T2tBy9nIUgU0QbxscRMMes2wq, Authorities=ADMIN)
2025-09-13 14:49:41,027 [INFO] org.studyeasy.SpringRestdemo.service.AccountService [http-nio-8080-exec-6] Attempting to authenticate user with registerNo: A1001
2025-09-13 14:49:41,160 [DEBUG] org.studyeasy.SpringRestdemo.service.AccountService [http-nio-8080-exec-6] Result from accountRepository.findByRegisterNo(A1001): Optional.empty
2025-09-13 14:49:41,161 [WARN] org.studyeasy.SpringRestdemo.service.AccountService [http-nio-8080-exec-6] Authentication failed ? Account not found for registerNo: A1001
2025-09-13 14:49:43,126 [INFO] org.studyeasy.SpringRestdemo.service.ProfessorService [http-nio-8080-exec-6] Loading user by register number: A1001
2025-09-13 14:49:43,220 [DEBUG] org.studyeasy.SpringRestdemo.service.ProfessorService [http-nio-8080-exec-6] Account found: ProfessorAccount(id=3, registerNo=A1001, name=System Admin, designation=Administrator, email=admin@univ.com, profName=Lakshman, department=Administration, branch=N/A, age=35, password=$2a$10$m69eLibu66Fe4S5Hnrc3weekDKr8T2tBy9nIUgU0QbxscRMMes2wq, Authorities=ADMIN)
2025-09-13 14:49:43,224 [INFO] org.studyeasy.SpringRestdemo.service.ProfessorService [http-nio-8080-exec-6] Returning UserDetails for register number: A1001
2025-09-13 14:49:43,989 [INFO] org.studyeasy.SpringRestdemo.security.WebSecurityConfig [http-nio-8080-exec-6] Login success for user: A1001 with role: ADMIN
2025-09-13 14:49:44,199 [INFO] org.studyeasy.SpringRestdemo.service.ProfessorService [http-nio-8080-exec-7] Fetching all ProfessorAccounts
2025-09-13 14:49:44,244 [DEBUG] org.studyeasy.SpringRestdemo.service.ProfessorService [http-nio-8080-exec-7] Total accounts fetched: 3
2025-09-13 14:51:36,132 [INFO] org.studyeasy.SpringRestdemo.controller.AdminController [http-nio-8080-exec-9] ?? Received request to create event
2025-09-13 14:51:36,133 [DEBUG] org.studyeasy.SpringRestdemo.controller.AdminController [http-nio-8080-exec-9] Event data received: title=Oracle, type=technical, venue=Auditorium, start=2025-09-13T14:51, end=2025-09-13T20:51, coordinator=[P1001, P1002, A1001], eligibleYears=[1, 2, 3, 4]
2025-09-13 14:51:36,134 [INFO] org.studyeasy.SpringRestdemo.controller.AdminController [http-nio-8080-exec-9] ? Saving new event: Oracle
2025-09-13 14:51:36,271 [INFO] org.studyeasy.SpringRestdemo.controller.AdminController [http-nio-8080-exec-9] ? Event 'Oracle' created successfully
2025-09-13 14:58:23,711 [INFO] org.hibernate.validator.internal.util.Version [background-preinit] HV000001: Hibernate Validator 8.0.2.Final
2025-09-13 14:58:24,198 [INFO] org.studyeasy.SpringRestdemo.SpringRestdemoApplication [main] Starting SpringRestdemoApplication using Java 17.0.15 with PID 21304 (D:\5TH SEMESTER\MAJOR PROJECTS\OD-MANAGMENT\backend\OD-STARTER\target\classes started by Teja in D:\5TH SEMESTER\MAJOR PROJECTS\OD-MANAGMENT\backend\OD-STARTER)
2025-09-13 14:58:24,203 [DEBUG] org.studyeasy.SpringRestdemo.SpringRestdemoApplication [main] Running with Spring Boot v3.5.3, Spring v6.2.8
2025-09-13 14:58:24,212 [INFO] org.studyeasy.SpringRestdemo.SpringRestdemoApplication [main] No active profile set, falling back to 1 default profile: "default"
2025-09-13 14:58:34,726 [INFO] org.springframework.data.repository.config.RepositoryConfigurationDelegate [main] Bootstrapping Spring Data JPA repositories in DEFAULT mode.
2025-09-13 14:58:35,696 [INFO] org.springframework.data.repository.config.RepositoryConfigurationDelegate [main] Finished Spring Data repository scanning in 875 ms. Found 8 JPA repository interfaces.
2025-09-13 14:58:45,904 [INFO] org.springframework.boot.web.embedded.tomcat.TomcatWebServer [main] Tomcat initialized with port 8080 (http)
2025-09-13 14:58:46,062 [INFO] org.apache.coyote.http11.Http11NioProtocol [main] Initializing ProtocolHandler ["http-nio-8080"]
2025-09-13 14:58:46,096 [INFO] org.apache.catalina.core.StandardService [main] Starting service [Tomcat]
2025-09-13 14:58:46,098 [INFO] org.apache.catalina.core.StandardEngine [main] Starting Servlet engine: [Apache Tomcat/10.1.42]
2025-09-13 14:58:48,065 [INFO] org.apache.catalina.core.ContainerBase.[Tomcat].[localhost].[/] [main] Initializing Spring embedded WebApplicationContext
2025-09-13 14:58:48,093 [INFO] org.springframework.boot.web.servlet.context.ServletWebServerApplicationContext [main] Root WebApplicationContext: initialization completed in 23286 ms
2025-09-13 14:58:50,819 [INFO] org.hibernate.jpa.internal.util.LogHelper [main] HHH000204: Processing PersistenceUnitInfo [name: default]
2025-09-13 14:58:51,536 [INFO] org.hibernate.Version [main] HHH000412: Hibernate ORM core version 6.6.18.Final
2025-09-13 14:58:51,903 [INFO] org.hibernate.cache.internal.RegionFactoryInitiator [main] HHH000026: Second-level cache disabled
2025-09-13 14:58:56,077 [INFO] org.springframework.orm.jpa.persistenceunit.SpringPersistenceUnitInfo [main] No LoadTimeWeaver setup: ignoring JPA class transformer
2025-09-13 14:58:56,443 [INFO] com.zaxxer.hikari.HikariDataSource [main] HikariPool-1 - Starting...
2025-09-13 14:58:58,605 [INFO] com.zaxxer.hikari.pool.HikariPool [main] HikariPool-1 - Added connection conn0: url=jdbc:h2:file:./db/db user=ADMIN
2025-09-13 14:58:58,617 [INFO] com.zaxxer.hikari.HikariDataSource [main] HikariPool-1 - Start completed.
2025-09-13 14:58:58,804 [WARN] org.hibernate.orm.deprecation [main] HHH90000025: H2Dialect does not need to be specified explicitly using 'hibernate.dialect' (remove the property setting and it will be selected by default)
2025-09-13 14:58:58,989 [INFO] org.hibernate.orm.connections.pooling [main] HHH10001005: Database info:
	Database JDBC URL [Connecting through datasource 'HikariDataSource (HikariPool-1)']
	Database driver: undefined/unknown
	Database version: 2.3.232
	Autocommit mode: undefined/unknown
	Isolation level: undefined/unknown
	Minimum pool size: undefined/unknown
	Maximum pool size: undefined/unknown
2025-09-13 14:59:06,887 [INFO] org.hibernate.engine.transaction.jta.platform.internal.JtaPlatformInitiator [main] HHH000489: No JTA platform available (set 'hibernate.transaction.jta.platform' to enable JTA platform integration)
2025-09-13 14:59:07,662 [INFO] org.springframework.orm.jpa.LocalContainerEntityManagerFactoryBean [main] Initialized JPA EntityManagerFactory for persistence unit 'default'
2025-09-13 14:59:10,718 [INFO] org.studyeasy.SpringRestdemo.security.WebSecurityConfig [main] PasswordEncoder (BCrypt) bean initialized
2025-09-13 14:59:14,688 [WARN] org.springframework.boot.autoconfigure.orm.jpa.JpaBaseConfiguration$JpaWebConfiguration [main] spring.jpa.open-in-view is enabled by default. Therefore, database queries may be performed during view rendering. Explicitly configure spring.jpa.open-in-view to disable this warning
2025-09-13 14:59:22,448 [WARN] org.springframework.security.config.annotation.authentication.configuration.InitializeUserDetailsBeanManagerConfigurer$InitializeUserDetailsManagerConfigurer [main] Found 4 UserDetailsService beans, with names [accountService, customUserDetailsService, professorService, userDetailsService]. Global Authentication Manager will not use a UserDetailsService for username/password login. Consider publishing a single UserDetailsService bean.
2025-09-13 14:59:23,057 [INFO] org.studyeasy.SpringRestdemo.security.WebSecurityConfig [main] Configuring SecurityFilterChain...
2025-09-13 14:59:23,116 [INFO] org.studyeasy.SpringRestdemo.security.WebSecurityConfig [main] Setting up request authorization rules...
2025-09-13 14:59:23,358 [WARN] org.springframework.security.config.annotation.web.configurers.AuthorizeHttpRequestsConfigurer$AuthorizationManagerRequestMatcherRegistry [main] One of the patterns in [api/v1/teacher/**] is missing a leading slash. This is discouraged; please include the leading slash in all your request matcher patterns. In future versions of Spring Security, leaving out the leading slash will result in an exception.
2025-09-13 14:59:23,496 [INFO] org.studyeasy.SpringRestdemo.security.WebSecurityConfig [main] Custom form login configuration enabled
2025-09-13 14:59:23,507 [INFO] org.studyeasy.SpringRestdemo.security.WebSecurityConfig [main] Logout configuration enabled
2025-09-13 14:59:23,513 [INFO] org.studyeasy.SpringRestdemo.security.WebSecurityConfig [main] Disabling CSRF protection (make sure this is safe for your app!)
2025-09-13 14:59:23,520 [INFO] org.studyeasy.SpringRestdemo.security.WebSecurityConfig [main] Disabling frame options (for H2 console, etc.)
2025-09-13 14:59:23,522 [INFO] org.studyeasy.SpringRestdemo.security.WebSecurityConfig [main] SecurityFilterChain built successfully
2025-09-13 14:59:24,372 [INFO] org.studyeasy.SpringRestdemo.security.WebSecurityConfig [main] PasswordEncoder (BCrypt) bean initialized
2025-09-13 14:59:24,375 [INFO] org.studyeasy.SpringRestdemo.security.WebSecurityConfig [main] PasswordEncoder (BCrypt) bean initialized
2025-09-13 14:59:26,123 [INFO] org.springframework.boot.autoconfigure.h2.H2ConsoleAutoConfiguration [main] H2 console available at '/db-console'. Database available at 'jdbc:h2:file:./db/db'
2025-09-13 14:59:26,685 [INFO] org.apache.coyote.http11.Http11NioProtocol [main] Starting ProtocolHandler ["http-nio-8080"]
2025-09-13 14:59:27,017 [INFO] org.springframework.boot.web.embedded.tomcat.TomcatWebServer [main] Tomcat started on port 8080 (http) with context path '/'
2025-09-13 14:59:27,146 [INFO] org.studyeasy.SpringRestdemo.SpringRestdemoApplication [main] Started SpringRestdemoApplication in 67.98 seconds (process running for 70.885)
2025-09-13 14:59:28,608 [INFO] org.studyeasy.SpringRestdemo.service.ProfessorService [main] Saving ProfessorAccount with register number: P1001
2025-09-13 14:59:29,594 [DEBUG] org.studyeasy.SpringRestdemo.service.ProfessorService [main] ProfessorAccount saved successfully: ProfessorAccount(id=1, registerNo=P1001, name=Dr. S. Gayathri, designation=Assistant Professor, email=gayathri@univ.com, profName=S.Gayatri, department=CSE, branch=BE, age=40, password=$2a$10$Ql0CFVjF2KEAn1/6/Xm/y.SzDpUrIeY9u/j5PTC1fBcX0gi.vbsly, Authorities=TEACHER)
2025-09-13 14:59:29,639 [INFO] org.studyeasy.SpringRestdemo.service.ProfessorService [main] Saving ProfessorAccount with register number: P1002
2025-09-13 14:59:30,163 [DEBUG] org.studyeasy.SpringRestdemo.service.ProfessorService [main] ProfessorAccount saved successfully: ProfessorAccount(id=2, registerNo=P1002, name=Dr. R. Kumar, designation=Associate Professor, email=kumar@univ.com, profName=Kumar, department=ECE, branch=BE, age=45, password=$2a$10$vc6LK9hWtpoy8GJ/itIoZOhnY1eZGIeZitcZmavMDlFn6udmca8TW, Authorities=TEACHER)
2025-09-13 14:59:31,787 [INFO] org.studyeasy.SpringRestdemo.service.ProfessorService [main] Saving ProfessorAccount with register number: A1001
2025-09-13 14:59:32,348 [DEBUG] org.studyeasy.SpringRestdemo.service.ProfessorService [main] ProfessorAccount saved successfully: ProfessorAccount(id=3, registerNo=A1001, name=System Admin, designation=Administrator, email=admin@univ.com, profName=Lakshman, department=Administration, branch=N/A, age=35, password=$2a$10$jIPjlG7y6argeXxepm.QMuZZ.9JADWQY8q2UO8VIfvXNNC2/662VK, Authorities=ADMIN)
2025-09-13 15:01:59,774 [INFO] org.apache.catalina.core.ContainerBase.[Tomcat].[localhost].[/] [http-nio-8080-exec-1] Initializing Spring DispatcherServlet 'dispatcherServlet'
2025-09-13 15:01:59,776 [INFO] org.springframework.web.servlet.DispatcherServlet [http-nio-8080-exec-1] Initializing Servlet 'dispatcherServlet'
2025-09-13 15:01:59,785 [INFO] org.springframework.web.servlet.DispatcherServlet [http-nio-8080-exec-1] Completed initialization in 9 ms
2025-09-13 15:02:00,253 [WARN] org.apache.catalina.util.SessionIdGeneratorBase [http-nio-8080-exec-1] Creation of SecureRandom instance for session ID generation using [SHA1PRNG] took [222] milliseconds.
2025-09-13 15:05:03,238 [INFO] org.studyeasy.SpringRestdemo.service.AccountService [http-nio-8080-exec-10] Attempting to authenticate user with registerNo: A1001
2025-09-13 15:05:03,466 [DEBUG] org.studyeasy.SpringRestdemo.service.AccountService [http-nio-8080-exec-10] Result from accountRepository.findByRegisterNo(A1001): Optional.empty
2025-09-13 15:05:03,467 [WARN] org.studyeasy.SpringRestdemo.service.AccountService [http-nio-8080-exec-10] Authentication failed ? Account not found for registerNo: A1001
2025-09-13 15:05:05,042 [INFO] org.studyeasy.SpringRestdemo.service.ProfessorService [http-nio-8080-exec-10] Loading user by register number: A1001
2025-09-13 15:05:05,166 [DEBUG] org.studyeasy.SpringRestdemo.service.ProfessorService [http-nio-8080-exec-10] Account found: ProfessorAccount(id=3, registerNo=A1001, name=System Admin, designation=Administrator, email=admin@univ.com, profName=Lakshman, department=Administration, branch=N/A, age=35, password=$2a$10$jIPjlG7y6argeXxepm.QMuZZ.9JADWQY8q2UO8VIfvXNNC2/662VK, Authorities=ADMIN)
2025-09-13 15:05:05,167 [INFO] org.studyeasy.SpringRestdemo.service.ProfessorService [http-nio-8080-exec-10] Returning UserDetails for register number: A1001
2025-09-13 15:05:06,009 [INFO] org.studyeasy.SpringRestdemo.security.WebSecurityConfig [http-nio-8080-exec-10] Login success for user: A1001 with role: ADMIN
2025-09-13 15:05:06,182 [INFO] org.studyeasy.SpringRestdemo.service.ProfessorService [http-nio-8080-exec-8] Fetching all ProfessorAccounts
2025-09-13 15:05:06,248 [DEBUG] org.studyeasy.SpringRestdemo.service.ProfessorService [http-nio-8080-exec-8] Total accounts fetched: 3
2025-09-13 15:06:43,600 [INFO] org.studyeasy.SpringRestdemo.controller.AdminController [http-nio-8080-exec-4] ?? Received request to create event
2025-09-13 15:06:43,601 [DEBUG] org.studyeasy.SpringRestdemo.controller.AdminController [http-nio-8080-exec-4] Event data received: title=Oracle, type=non-technical, venue=College, start=2025-09-13T15:09, end=2025-09-22T20:06, coordinator=[P1001, P1002], eligibleYears=[2, 3]
2025-09-13 15:06:43,602 [INFO] org.studyeasy.SpringRestdemo.controller.AdminController [http-nio-8080-exec-4] ? Saving new event: Oracle
2025-09-13 15:06:43,719 [INFO] org.studyeasy.SpringRestdemo.controller.AdminController [http-nio-8080-exec-4] ? Event 'Oracle' created successfully
2025-09-13 15:07:24,904 [INFO] org.studyeasy.SpringRestdemo.controller.AdminController [http-nio-8080-exec-10] A1001
2025-09-13 15:07:31,767 [INFO] org.studyeasy.SpringRestdemo.controller.AdminController [http-nio-8080-exec-7] Received request to approve event with id: 1
2025-09-13 15:07:31,786 [DEBUG] org.studyeasy.SpringRestdemo.controller.AdminController [http-nio-8080-exec-7] Fetched event from DB: Event(id=1, type=non-technical, title=Oracle, description=This event is about oracle, eventCordinator=[P1001, P1002], location=College, startTime=2025-09-13T15:09, endTime=2025-09-22T20:06, status=DECLINED, eligibleYears=[2, 3], createdBy=null, eventKey=EVT-1b86771d)
2025-09-13 15:07:31,829 [INFO] org.studyeasy.SpringRestdemo.controller.AdminController [http-nio-8080-exec-7] Updated event status to APPROVED for id: 1
2025-09-13 15:07:31,837 [INFO] org.studyeasy.SpringRestdemo.controller.AdminController [http-nio-8080-exec-7] Event with id 1 saved successfully
2025-09-13 15:07:31,838 [INFO] org.studyeasy.SpringRestdemo.controller.AdminController [http-nio-8080-exec-7] Redirecting to /events after approval
