2025-09-05 19:08:03,843 [INFO] org.hibernate.validator.internal.util.Version [background-preinit] HV000001: Hibernate Validator 8.0.2.Final
2025-09-05 19:08:03,989 [INFO] org.studyeasy.SpringRestdemo.SpringRestdemoApplication [main] Starting SpringRestdemoApplication using Java 17.0.15 with PID 11932 (D:\5TH SEMESTER\MAJOR PROJECTS\OD-MANAGMENT\backend\OD-STARTER\target\classes started by Teja in d:\5TH SEMESTER\MAJOR PROJECTS\OD-MANAGMENT\backend)
2025-09-05 19:08:03,990 [DEBUG] org.studyeasy.SpringRestdemo.SpringRestdemoApplication [main] Running with Spring Boot v3.5.3, Spring v6.2.8
2025-09-05 19:08:03,991 [INFO] org.studyeasy.SpringRestdemo.SpringRestdemoApplication [main] No active profile set, falling back to 1 default profile: "default"
2025-09-05 19:08:06,836 [INFO] org.springframework.data.repository.config.RepositoryConfigurationDelegate [main] Bootstrapping Spring Data JPA repositories in DEFAULT mode.
2025-09-05 19:08:07,037 [INFO] org.springframework.data.repository.config.RepositoryConfigurationDelegate [main] Finished Spring Data repository scanning in 175 ms. Found 8 JPA repository interfaces.
2025-09-05 19:08:08,633 [INFO] org.springframework.boot.web.embedded.tomcat.TomcatWebServer [main] Tomcat initialized with port 8080 (http)
2025-09-05 19:08:08,672 [INFO] org.apache.coyote.http11.Http11NioProtocol [main] Initializing ProtocolHandler ["http-nio-8080"]
2025-09-05 19:08:08,678 [INFO] org.apache.catalina.core.StandardService [main] Starting service [Tomcat]
2025-09-05 19:08:08,679 [INFO] org.apache.catalina.core.StandardEngine [main] Starting Servlet engine: [Apache Tomcat/10.1.42]
2025-09-05 19:08:08,899 [INFO] org.apache.catalina.core.ContainerBase.[Tomcat].[localhost].[/] [main] Initializing Spring embedded WebApplicationContext
2025-09-05 19:08:08,902 [INFO] org.springframework.boot.web.servlet.context.ServletWebServerApplicationContext [main] Root WebApplicationContext: initialization completed in 4717 ms
2025-09-05 19:08:09,381 [INFO] org.hibernate.jpa.internal.util.LogHelper [main] HHH000204: Processing PersistenceUnitInfo [name: default]
2025-09-05 19:08:09,576 [INFO] org.hibernate.Version [main] HHH000412: Hibernate ORM core version 6.6.18.Final
2025-09-05 19:08:09,697 [INFO] org.hibernate.cache.internal.RegionFactoryInitiator [main] HHH000026: Second-level cache disabled
2025-09-05 19:08:10,980 [INFO] org.springframework.orm.jpa.persistenceunit.SpringPersistenceUnitInfo [main] No LoadTimeWeaver setup: ignoring JPA class transformer
2025-09-05 19:08:11,087 [INFO] com.zaxxer.hikari.HikariDataSource [main] HikariPool-1 - Starting...
2025-09-05 19:08:11,645 [INFO] com.zaxxer.hikari.pool.HikariPool [main] HikariPool-1 - Added connection conn0: url=jdbc:h2:file:./db/db user=ADMIN
2025-09-05 19:08:11,649 [INFO] com.zaxxer.hikari.HikariDataSource [main] HikariPool-1 - Start completed.
2025-09-05 19:08:11,715 [WARN] org.hibernate.orm.deprecation [main] HHH90000025: H2Dialect does not need to be specified explicitly using 'hibernate.dialect' (remove the property setting and it will be selected by default)
2025-09-05 19:08:11,766 [INFO] org.hibernate.orm.connections.pooling [main] HHH10001005: Database info:
	Database JDBC URL [Connecting through datasource 'HikariDataSource (HikariPool-1)']
	Database driver: undefined/unknown
	Database version: 2.3.232
	Autocommit mode: undefined/unknown
	Isolation level: undefined/unknown
	Minimum pool size: undefined/unknown
	Maximum pool size: undefined/unknown
2025-09-05 19:08:14,265 [INFO] org.hibernate.engine.transaction.jta.platform.internal.JtaPlatformInitiator [main] HHH000489: No JTA platform available (set 'hibernate.transaction.jta.platform' to enable JTA platform integration)
2025-09-05 19:08:14,373 [INFO] org.springframework.orm.jpa.LocalContainerEntityManagerFactoryBean [main] Initialized JPA EntityManagerFactory for persistence unit 'default'
2025-09-05 19:08:16,963 [WARN] org.springframework.boot.autoconfigure.orm.jpa.JpaBaseConfiguration$JpaWebConfiguration [main] spring.jpa.open-in-view is enabled by default. Therefore, database queries may be performed during view rendering. Explicitly configure spring.jpa.open-in-view to disable this warning
2025-09-05 19:08:17,050 [INFO] org.springframework.boot.autoconfigure.web.servlet.WelcomePageHandlerMapping [main] Adding welcome page template: index
2025-09-05 19:08:19,436 [WARN] org.springframework.security.config.annotation.authentication.configuration.InitializeUserDetailsBeanManagerConfigurer$InitializeUserDetailsManagerConfigurer [main] Found 3 UserDetailsService beans, with names [accountService, customUserDetailsService, professorService]. Global Authentication Manager will not use a UserDetailsService for username/password login. Consider publishing a single UserDetailsService bean.
2025-09-05 19:08:20,483 [INFO] org.springframework.boot.autoconfigure.h2.H2ConsoleAutoConfiguration [main] H2 console available at '/db-console'. Database available at 'jdbc:h2:file:./db/db'
2025-09-05 19:08:20,656 [INFO] org.apache.coyote.http11.Http11NioProtocol [main] Starting ProtocolHandler ["http-nio-8080"]
2025-09-05 19:08:20,760 [INFO] org.springframework.boot.web.embedded.tomcat.TomcatWebServer [main] Tomcat started on port 8080 (http) with context path '/'
2025-09-05 19:08:20,790 [INFO] org.studyeasy.SpringRestdemo.SpringRestdemoApplication [main] Started SpringRestdemoApplication in 18.16 seconds (process running for 18.952)
2025-09-05 19:08:43,573 [INFO] org.apache.catalina.core.ContainerBase.[Tomcat].[localhost].[/] [http-nio-8080-exec-1] Initializing Spring DispatcherServlet 'dispatcherServlet'
2025-09-05 19:08:43,574 [INFO] org.springframework.web.servlet.DispatcherServlet [http-nio-8080-exec-1] Initializing Servlet 'dispatcherServlet'
2025-09-05 19:08:43,577 [INFO] org.springframework.web.servlet.DispatcherServlet [http-nio-8080-exec-1] Completed initialization in 3 ms
2025-09-05 20:04:21,371 [WARN] com.zaxxer.hikari.pool.HikariPool [HikariPool-1:housekeeper] HikariPool-1 - Thread starvation or clock leap detected (housekeeper delta=1m40s217ms136µs).
